<?xml version="1.0"?>
<output>
	<solution>
		<phi data_order="node-group-moment-cell">10.9542 11.3999 11.2362 11.1568 11.2911 11.1292 11.2928 10.9963 11.0186 10.7537 10.8624 10.8139 10.8221 10.8923 10.6884 10.7772 10.722 10.7878 10.7488 10.7404 10.9841 10.5072 </phi>
	</solution>
	<source_iteration>
		<max_iterations>5000</max_iterations>
		<source_iterations>10</source_iterations>
		<total_iterations>183</total_iterations>
		<tolerance>1e-06</tolerance>
	</source_iteration>
	<nuclear_data>
		<sigma_t data_order="group-cell">1 1 1 1 1 1 1 1 1 1 1 1 1 1 1 1 1 1 1 1 1 1 </sigma_t>
		<sigma_s data_order="group_from-group_to-moment-cell">0.5 0.5 0.5 0.5 0.5 0.5 0.5 0.5 0.5 0.5 0.5 0.5 0.5 0.5 0.5 0.5 0.5 0.5 0.5 0.5 0.5 0.5 </sigma_s>
		<nu data_order="group-cell">2 2 2 2 2 2 2 2 2 2 2 2 2 2 2 2 2 2 2 2 2 2 </nu>
		<sigma_f data_order="group-cell">0.2 0.2 0.2 0.2 0.2 0.2 0.2 0.2 0.2 0.2 0.2 0.2 0.2 0.2 0.2 0.2 0.2 0.2 0.2 0.2 0.2 0.2 </sigma_f>
		<chi data_order="group-cell">1 1 1 1 1 1 1 1 1 1 1 1 1 1 1 1 1 1 1 1 1 1 </chi>
	</nuclear_data>
	<source_data>
		<alpha data_order="boundary_cell">1 1 </alpha>
		<internal_source data_order="node-group-moment-cell">1 1 1 1 1 1 1 1 1 1 1 1 1 1 1 1 1 1 1 1 1 1 </internal_source>
		<boundary_source data_order="group-ordinate-boundary_cell">0 0 0 0 </boundary_source>
	</source_data>
	<rbf_mesh>
		<dimension>1</dimension>
		<number_of_points>22</number_of_points>
		<boundary_points data_order="point">0 21 </boundary_points>
		<internal_points data_order="point">1 2 3 4 5 6 7 8 9 10 11 12 13 14 15 16 17 18 19 20 </internal_points>
		<material data_order="point">0 0 0 0 0 0 0 0 0 0 0 0 0 0 0 0 0 0 0 0 0 0 </material>
		<point_positions data_order="dimension-point">0 0.025 0.075 0.125 0.175 0.225 0.275 0.325 0.375 0.425 0.475 0.525 0.575 0.625 0.675 0.725 0.775 0.825 0.875 0.925 0.975 1 </point_positions>
		<shape_parameter data_order="dimension-point">15 15 15 15 15 15 15 15 15 15 15 15 15 15 15 15 15 15 15 15 15 15 </shape_parameter>
	</rbf_mesh>
	<gauss_legendre_ordinates>
		<dimension>1</dimension>
		<number_of_moments>1</number_of_moments>
		<number_of_ordinates>2</number_of_ordinates>
		<ordinates data_order="ordinate">-0.57735 0.57735 </ordinates>
		<weights data_order="ordinate">1 1 </weights>
	</gauss_legendre_ordinates>
	<energy_discretization>
		<number_of_groups>1</number_of_groups>
		<energy_bounds data_order="group_bound">0 0 </energy_bounds>
	</energy_discretization>
</output>
