<?xml version="1.0"?>
<output>
	<solution>
		<phi data_order="node-group-moment-cell">10.9126 11.3148 11.0413 11.0413 11.3148 10.9126 </phi>
	</solution>
	<source_iteration>
		<max_iterations>5000</max_iterations>
		<source_iterations>10</source_iterations>
		<total_iterations>187</total_iterations>
		<tolerance>1e-06</tolerance>
	</source_iteration>
	<nuclear_data>
		<sigma_t data_order="group-cell">1 1 1 1 1 1 </sigma_t>
		<sigma_s data_order="group_from-group_to-moment-cell">0.5 0.5 0.5 0.5 0.5 0.5 </sigma_s>
		<nu data_order="group-cell">2 2 2 2 2 2 </nu>
		<sigma_f data_order="group-cell">0.2 0.2 0.2 0.2 0.2 0.2 </sigma_f>
		<chi data_order="group-cell">1 1 1 1 1 1 </chi>
	</nuclear_data>
	<source_data>
		<alpha data_order="boundary_cell">1 1 </alpha>
		<internal_source data_order="node-group-ordinate-cell">0.5 0.5 0.5 0.5 0.5 0.5 0.5 0.5 0.5 0.5 0.5 0.5 </internal_source>
		<boundary_source data_order="group-ordinate-boundary_cell">0 0 0 0 </boundary_source>
	</source_data>
	<rbf_mesh>
		<dimension>1</dimension>
		<number_of_points>6</number_of_points>
		<boundary_points data_order="point">0 5 </boundary_points>
		<internal_points data_order="point">1 2 3 4 </internal_points>
		<material data_order="point">0 0 0 0 0 0 </material>
		<point_positions data_order="dimension-point">0 0.125 0.375 0.625 0.875 1 </point_positions>
		<shape_parameter data_order="dimension-point">3 3 3 3 3 3 </shape_parameter>
	</rbf_mesh>
	<gauss_legendre_ordinates>
		<dimension>1</dimension>
		<number_of_moments>1</number_of_moments>
		<number_of_ordinates>2</number_of_ordinates>
		<ordinates data_order="ordinate">-0.57735 0.57735 </ordinates>
		<weights data_order="ordinate">1 1 </weights>
	</gauss_legendre_ordinates>
	<energy_discretization>
		<number_of_groups>1</number_of_groups>
		<energy_bounds data_order="group_bound">0 0 </energy_bounds>
	</energy_discretization>
</output>
