<?xml version="1.0"?>
<output>
	<solution>
		<time>3.10073</time>
		<phi data_order="node-group-moment-cell">1.39377 4.76127 0.256104 1.24098 11.0402 0.906767 11.4193 0.923397 11.4245 0.88758 0.271119 1.00466 10.123 1.62608 0.458374 2.45422 11.2417 0.923384 0.270816 1.00956 4.41464 5.90101 0.746737 3.57815 11.1932 0.917298 10.6245 1.06916 3.38527 5.71994 0.255925 0.981962 1.69441 5.79697 9.16231 2.21873 11.0883 0.940554 0.308468 1.04168 0.786719 4.22611 0.256007 1.00388 0.400319 1.15618 0.429563 2.78443 3.273 6.06826 0.263885 0.957093 8.67735 2.35677 0.874751 4.28868 10.7923 1.17436 9.52399 1.71832 1.39135 4.89923 11.0354 0.887463 1.45212 5.77871 11.4099 0.89249 0.675085 3.26605 11.3196 0.937693 11.1935 0.944601 0.231204 0.990039 4.34658 5.33884 9.72923 1.7232 1.88017 5.4099 2.62739 5.73362 0.373561 3.18925 2.17187 5.97321 0.765203 3.3179 0.851147 4.04616 3.97879 5.51944 2.19429 5.59876 1.65783 5.26504 1.62606 5.863 10.4822 1.29083 0.642305 2.43061 1.29536 4.97209 9.63195 1.69245 0.520699 2.47859 10.9078 1.08348 1.42332 5.35252 0.369333 1.95655 3.19736 5.88693 3.49846 5.87338 9.47049 1.77897 9.4503 1.92545 1.0898 5.20641 8.35895 2.43667 0.539946 3.37506 1.03687 4.65621 9.02564 2.22545 2.48014 5.44571 4.37011 5.50801 0.832811 4.46341 3.95154 5.35203 1.99509 6.08491 11.2671 0.904253 10.954 1.09934 0.553955 2.66806 11.3702 0.812991 2.84527 5.75523 0.389311 3.83421 9.48419 1.94238 11.0575 0.991491 10.4301 1.16194 1.14303 4.76078 0.520967 2.19631 11.215 1.05263 1.14434 4.19159 9.49749 2.16661 0.846655 4.03364 4.0601 5.57168 4.32092 5.55208 0.84304 4.22441 0.642255 4.09272 1.89608 4.83504 10.8653 0.990157 0.682543 2.12368 0.509769 2.1091 0.515695 2.94617 10.4138 1.26891 9.56046 1.62961 0.525471 1.96992 0.522243 3.17933 8.58415 2.56275 1.86164 5.10317 4.40117 5.36956 2.06887 5.41203 5.22253 4.97014 </phi>
	</solution>
	<krylov_iteration>
		<max_iterations>5000</max_iterations>
		<source_iterations>11</source_iterations>
		<total_iterations>36</total_iterations>
		<tolerance>1e-06</tolerance>
	</krylov_iteration>
	<nuclear_data>
		<sigma_t data_order="group-cell">1 2 1 2 1 2 1 2 1 2 1 2 1 2 1 2 1 2 1 2 1 2 1 2 1 2 1 2 1 2 1 2 1 2 1 2 1 2 1 2 1 2 1 2 1 2 1 2 1 2 1 2 1 2 1 2 1 2 1 2 1 2 1 2 1 2 1 2 1 2 1 2 1 2 1 2 1 2 1 2 1 2 1 2 1 2 1 2 1 2 1 2 1 2 1 2 1 2 1 2 1 2 1 2 1 2 1 2 1 2 1 2 1 2 1 2 1 2 1 2 1 2 1 2 1 2 1 2 1 2 1 2 1 2 1 2 1 2 1 2 1 2 1 2 1 2 1 2 1 2 1 2 1 2 1 2 1 2 1 2 1 2 1 2 1 2 1 2 1 2 1 2 1 2 1 2 1 2 1 2 1 2 1 2 1 2 1 2 1 2 1 2 1 2 1 2 1 2 1 2 1 2 1 2 1 2 1 2 1 2 </sigma_t>
		<sigma_s data_order="group_from-group_to-moment-cell">0.2 0 0.8 1.9 0.2 0 0.8 1.9 0.84 0 0.09 0.4 0.84 0 0.09 0.4 0.84 0 0.09 0.4 0.2 0 0.8 1.9 0.84 0 0.09 0.4 0.2 0 0.8 1.9 0.84 0 0.09 0.4 0.2 0 0.8 1.9 0.2 0 0.8 1.9 0.2 0 0.8 1.9 0.84 0 0.09 0.4 0.84 0 0.09 0.4 0.2 0 0.8 1.9 0.2 0 0.8 1.9 0.2 0 0.8 1.9 0.84 0 0.09 0.4 0.84 0 0.09 0.4 0.2 0 0.8 1.9 0.2 0 0.8 1.9 0.2 0 0.8 1.9 0.2 0 0.8 1.9 0.2 0 0.8 1.9 0.2 0 0.8 1.9 0.2 0 0.8 1.9 0.84 0 0.09 0.4 0.2 0 0.8 1.9 0.84 0 0.09 0.4 0.84 0 0.09 0.4 0.2 0 0.8 1.9 0.84 0 0.09 0.4 0.2 0 0.8 1.9 0.84 0 0.09 0.4 0.2 0 0.8 1.9 0.84 0 0.09 0.4 0.84 0 0.09 0.4 0.2 0 0.8 1.9 0.2 0 0.8 1.9 0.84 0 0.09 0.4 0.2 0 0.8 1.9 0.2 0 0.8 1.9 0.2 0 0.8 1.9 0.2 0 0.8 1.9 0.2 0 0.8 1.9 0.2 0 0.8 1.9 0.2 0 0.8 1.9 0.2 0 0.8 1.9 0.2 0 0.8 1.9 0.2 0 0.8 1.9 0.84 0 0.09 0.4 0.2 0 0.8 1.9 0.2 0 0.8 1.9 0.84 0 0.09 0.4 0.2 0 0.8 1.9 0.84 0 0.09 0.4 0.2 0 0.8 1.9 0.2 0 0.8 1.9 0.2 0 0.8 1.9 0.2 0 0.8 1.9 0.84 0 0.09 0.4 0.84 0 0.09 0.4 0.2 0 0.8 1.9 0.84 0 0.09 0.4 0.2 0 0.8 1.9 0.2 0 0.8 1.9 0.84 0 0.09 0.4 0.2 0 0.8 1.9 0.2 0 0.8 1.9 0.2 0 0.8 1.9 0.2 0 0.8 1.9 0.2 0 0.8 1.9 0.84 0 0.09 0.4 0.84 0 0.09 0.4 0.2 0 0.8 1.9 0.84 0 0.09 0.4 0.2 0 0.8 1.9 0.2 0 0.8 1.9 0.84 0 0.09 0.4 0.84 0 0.09 0.4 0.84 0 0.09 0.4 0.2 0 0.8 1.9 0.2 0 0.8 1.9 0.84 0 0.09 0.4 0.2 0 0.8 1.9 0.84 0 0.09 0.4 0.2 0 0.8 1.9 0.2 0 0.8 1.9 0.2 0 0.8 1.9 0.2 0 0.8 1.9 0.2 0 0.8 1.9 0.2 0 0.8 1.9 0.84 0 0.09 0.4 0.2 0 0.8 1.9 0.2 0 0.8 1.9 0.2 0 0.8 1.9 0.84 0 0.09 0.4 0.84 0 0.09 0.4 0.2 0 0.8 1.9 0.2 0 0.8 1.9 0.84 0 0.09 0.4 0.2 0 0.8 1.9 0.2 0 0.8 1.9 0.2 0 0.8 1.9 0.2 0 0.8 1.9 </sigma_s>
		<nu data_order="group-cell">0 0 0 0 2.4 2.4 2.4 2.4 2.4 2.4 0 0 2.4 2.4 0 0 2.4 2.4 0 0 0 0 0 0 2.4 2.4 2.4 2.4 0 0 0 0 0 0 2.4 2.4 2.4 2.4 0 0 0 0 0 0 0 0 0 0 0 0 0 0 2.4 2.4 0 0 2.4 2.4 2.4 2.4 0 0 2.4 2.4 0 0 2.4 2.4 0 0 2.4 2.4 2.4 2.4 0 0 0 0 2.4 2.4 0 0 0 0 0 0 0 0 0 0 0 0 0 0 0 0 0 0 0 0 2.4 2.4 0 0 0 0 2.4 2.4 0 0 2.4 2.4 0 0 0 0 0 0 0 0 2.4 2.4 2.4 2.4 0 0 2.4 2.4 0 0 0 0 2.4 2.4 0 0 0 0 0 0 0 0 0 0 2.4 2.4 2.4 2.4 0 0 2.4 2.4 0 0 0 0 2.4 2.4 2.4 2.4 2.4 2.4 0 0 0 0 2.4 2.4 0 0 2.4 2.4 0 0 0 0 0 0 0 0 0 0 0 0 2.4 2.4 0 0 0 0 0 0 2.4 2.4 2.4 2.4 0 0 0 0 2.4 2.4 0 0 0 0 0 0 0 0 </nu>
		<sigma_f data_order="group-cell">0 0 0 0 0.003 1.1 0.003 1.1 0.003 1.1 0 0 0.003 1.1 0 0 0.003 1.1 0 0 0 0 0 0 0.003 1.1 0.003 1.1 0 0 0 0 0 0 0.003 1.1 0.003 1.1 0 0 0 0 0 0 0 0 0 0 0 0 0 0 0.003 1.1 0 0 0.003 1.1 0.003 1.1 0 0 0.003 1.1 0 0 0.003 1.1 0 0 0.003 1.1 0.003 1.1 0 0 0 0 0.003 1.1 0 0 0 0 0 0 0 0 0 0 0 0 0 0 0 0 0 0 0 0 0.003 1.1 0 0 0 0 0.003 1.1 0 0 0.003 1.1 0 0 0 0 0 0 0 0 0.003 1.1 0.003 1.1 0 0 0.003 1.1 0 0 0 0 0.003 1.1 0 0 0 0 0 0 0 0 0 0 0.003 1.1 0.003 1.1 0 0 0.003 1.1 0 0 0 0 0.003 1.1 0.003 1.1 0.003 1.1 0 0 0 0 0.003 1.1 0 0 0.003 1.1 0 0 0 0 0 0 0 0 0 0 0 0 0.003 1.1 0 0 0 0 0 0 0.003 1.1 0.003 1.1 0 0 0 0 0.003 1.1 0 0 0 0 0 0 0 0 </sigma_f>
		<chi data_order="group-cell">0 0 0 0 1 0 1 0 1 0 0 0 1 0 0 0 1 0 0 0 0 0 0 0 1 0 1 0 0 0 0 0 0 0 1 0 1 0 0 0 0 0 0 0 0 0 0 0 0 0 0 0 1 0 0 0 1 0 1 0 0 0 1 0 0 0 1 0 0 0 1 0 1 0 0 0 0 0 1 0 0 0 0 0 0 0 0 0 0 0 0 0 0 0 0 0 0 0 0 0 1 0 0 0 0 0 1 0 0 0 1 0 0 0 0 0 0 0 0 0 1 0 1 0 0 0 1 0 0 0 0 0 1 0 0 0 0 0 0 0 0 0 0 0 1 0 1 0 0 0 1 0 0 0 0 0 1 0 1 0 1 0 0 0 0 0 1 0 0 0 1 0 0 0 0 0 0 0 0 0 0 0 0 0 1 0 0 0 0 0 0 0 1 0 1 0 0 0 0 0 1 0 0 0 0 0 0 0 0 0 </chi>
	</nuclear_data>
	<source_data>
		<alpha data_order="boundary_cell">1 1 1 1 1 0 1 1 1 0 1 1 1 1 1 0 1 1 1 0 1 0 1 1 1 0 1 1 1 1 1 1 1 1 1 1 1 0 </alpha>
		<internal_source data_order="node-group-moment-cell">0 0 0 0 1 0 1 0 1 0 0 0 1 0 0 0 1 0 0 0 0 0 0 0 1 0 1 0 0 0 0 0 0 0 1 0 1 0 0 0 0 0 0 0 0 0 0 0 0 0 0 0 1 0 0 0 1 0 1 0 0 0 1 0 0 0 1 0 0 0 1 0 1 0 0 0 0 0 1 0 0 0 0 0 0 0 0 0 0 0 0 0 0 0 0 0 0 0 0 0 1 0 0 0 0 0 1 0 0 0 1 0 0 0 0 0 0 0 0 0 1 0 1 0 0 0 1 0 0 0 0 0 1 0 0 0 0 0 0 0 0 0 0 0 1 0 1 0 0 0 1 0 0 0 0 0 1 0 1 0 1 0 0 0 0 0 1 0 0 0 1 0 0 0 0 0 0 0 0 0 0 0 0 0 1 0 0 0 0 0 0 0 1 0 1 0 0 0 0 0 1 0 0 0 0 0 0 0 0 0 </internal_source>
		<boundary_source data_order="group-ordinate-boundary_cell">0 0 0 0 0 0 0 0 0 0 0 0 0 0 0 0 0 0 0 0 0 0 0 0 0 0 0 0 0 0 0 0 0 0 0 0 0 0 0 0 0 0 0 0 0 0 0 0 0 0 0 0 0 0 0 0 0 0 0 0 0 0 0 0 0 0 0 0 0 0 0 0 0 0 0 0 0 0 0 0 0 0 0 0 0 0 0 0 0 0 0 0 0 0 0 0 0 0 0 0 0 0 0 0 0 0 0 0 0 0 0 0 0 0 0 0 0 0 0 0 0 0 0 0 0 0 0 0 0 0 0 0 0 0 0 0 0 0 0 0 0 0 0 0 0 0 0 0 0 0 0 0 0 0 0 0 0 0 0 0 0 0 0 0 0 0 0 0 0 0 0 0 0 0 0 0 0 0 0 0 0 0 0 0 0 0 0 0 0 0 0 0 0 0 0 0 0 0 0 0 0 0 0 0 0 0 0 0 0 0 0 0 0 0 0 0 0 0 0 0 0 0 0 0 0 0 0 0 0 0 0 0 0 0 0 0 0 0 0 0 0 0 0 0 0 0 0 0 0 0 0 0 0 0 0 0 0 0 0 0 0 0 0 0 0 0 0 0 0 0 0 0 0 0 0 0 0 0 0 0 0 0 0 0 0 0 0 0 0 0 0 0 0 0 0 0 0 0 0 0 0 0 0 0 0 0 0 0 0 0 0 0 0 0 0 0 0 0 0 0 0 0 0 0 0 0 0 0 0 0 0 0 0 0 0 0 0 0 0 0 0 0 0 0 0 0 0 0 0 0 0 0 0 0 0 0 0 0 0 0 0 0 0 0 0 0 0 0 0 0 0 0 0 0 0 0 0 0 0 0 0 0 0 0 0 0 0 0 0 0 0 0 0 0 0 0 0 0 0 0 0 0 0 0 0 0 0 0 0 0 0 0 0 0 0 0 0 0 0 0 0 0 0 0 0 0 0 0 0 0 0 0 0 0 0 0 0 0 0 0 0 0 0 0 0 0 0 0 0 0 0 0 0 0 0 0 0 0 0 0 0 0 0 0 0 0 0 0 0 0 0 0 0 0 0 0 0 0 0 0 0 0 0 0 0 0 0 0 0 0 0 0 0 0 0 0 0 0 0 0 0 0 0 0 0 0 0 0 0 0 0 0 0 0 0 0 0 0 0 0 0 0 0 0 0 0 0 0 0 0 0 0 0 0 0 0 0 0 0 0 0 0 0 0 0 0 0 0 0 0 0 0 0 0 0 0 0 0 0 0 0 0 0 0 0 0 0 0 0 0 0 0 0 0 0 0 0 0 0 0 0 0 0 0 0 0 0 0 0 0 0 0 0 0 0 0 0 0 0 0 0 0 0 0 0 0 0 0 0 0 0 0 0 0 0 0 0 0 0 0 0 0 0 0 0 0 0 0 0 0 0 0 0 0 0 0 0 0 0 0 0 0 0 0 0 0 0 0 0 0 0 0 0 0 0 0 0 0 0 0 0 0 0 0 0 0 0 0 0 0 0 0 0 0 0 0 0 0 0 0 0 0 0 0 0 0 0 0 0 0 0 0 0 0 0 0 0 0 0 0 0 0 0 0 0 0 0 0 0 0 0 0 0 0 0 0 0 0 0 0 0 0 0 0 0 0 0 0 0 0 0 0 0 0 0 0 0 0 0 0 0 0 0 0 0 0 0 0 0 0 0 0 0 0 0 0 0 0 0 0 0 0 0 0 0 0 0 0 0 0 0 0 0 0 0 0 0 0 0 0 0 0 0 0 0 0 0 0 0 0 0 0 0 0 0 0 0 0 0 0 0 0 0 0 0 0 0 0 0 0 0 0 0 0 0 0 0 0 0 0 0 0 0 0 0 0 0 0 0 0 0 0 0 0 0 0 0 0 0 0 0 0 0 0 0 0 0 0 0 0 0 0 0 0 0 0 0 0 0 0 0 0 0 0 0 0 0 0 0 0 0 0 0 0 0 0 0 0 0 0 0 0 0 0 0 0 0 0 0 0 0 0 0 0 0 0 0 0 0 0 0 0 0 0 0 0 0 0 0 0 0 0 0 0 0 0 0 0 0 0 0 0 0 0 0 0 0 0 0 0 0 0 0 0 0 0 0 0 0 0 0 0 0 0 0 0 0 0 0 0 0 0 0 0 0 0 0 0 0 0 0 0 0 0 0 0 0 0 0 0 0 0 0 0 0 0 0 0 0 0 0 0 0 0 0 0 0 0 0 0 0 0 0 0 0 0 0 0 0 0 0 0 0 0 0 0 0 0 0 0 0 0 0 0 0 0 0 0 0 0 0 0 0 0 0 0 0 0 0 0 0 0 0 0 0 0 0 0 0 0 0 0 0 0 0 0 0 0 0 0 0 0 0 0 0 0 0 0 0 0 0 0 0 0 0 0 0 0 0 0 0 0 0 0 0 0 0 0 0 0 0 0 0 0 0 0 0 0 0 0 0 0 0 0 0 0 0 0 0 0 0 0 0 0 0 0 0 0 0 0 0 0 0 0 0 0 0 0 0 0 0 0 0 0 0 0 0 0 0 0 0 0 0 0 0 0 0 0 0 0 0 0 0 0 0 0 0 0 0 0 0 0 0 0 0 0 0 0 0 0 0 0 0 0 0 0 0 0 0 0 0 0 0 0 0 0 0 0 0 0 0 0 0 0 0 0 0 0 0 0 0 0 0 0 0 0 0 0 0 0 0 0 0 0 0 0 0 0 0 0 0 0 0 0 0 0 </boundary_source>
	</source_data>
	<rbf_mesh>
		<dimension>2</dimension>
		<number_of_points>105</number_of_points>
		<boundary_points data_order="point">0 1 2 3 4 5 6 7 8 9 10 11 12 13 14 15 16 17 18 19 20 21 22 23 24 25 26 27 28 29 30 31 32 33 34 35 36 37 </boundary_points>
		<internal_points data_order="point">38 39 40 41 42 43 44 45 46 47 48 49 50 51 52 53 54 55 56 57 58 59 60 61 62 63 64 65 66 67 68 69 70 71 72 73 74 75 76 77 78 79 80 81 82 83 84 85 86 87 88 89 90 91 92 93 94 95 96 97 98 99 100 101 102 103 104 </internal_points>
		<material data_order="point">1 1 0 0 0 1 0 1 0 1 1 1 0 0 1 1 1 0 0 1 1 1 1 1 1 1 0 1 0 0 1 0 1 0 1 0 0 1 1 0 1 1 1 1 1 1 1 1 1 1 0 1 1 0 1 0 1 1 1 1 0 0 1 0 1 1 0 1 1 1 1 1 0 0 1 0 1 1 0 0 0 1 1 0 1 0 1 1 1 1 1 1 0 1 1 1 0 0 1 1 0 1 1 1 1 </material>
		<point_positions data_order="dimension-point">1.9454 1 2.93071 -1 0 -0.480262 0 0.193198 0 0.897141 3 0.272402 0.642311 1 2.65164 1 0 0.435175 3 -0.0328278 1.07164 1 2.33282 -1 0 -0.684612 0.198944 -1 1.38528 1 3 0.480528 1.56709 -1 0.855447 1 0 -0.139723 3 -0.319797 2.17392 1 3 -0.599275 2.94314 1 2.58385 -1 1.20438 -1 3 0.755973 0.891082 -1 2.13217 -1 0.233021 1 0.669315 -1 1.91839 -1 0.425415 -1 1.68465 1 0 -0.94648 2.40888 1 0 0.672628 0.437802 1 3 -0.805365 1.14576 -0.346864 0.720182 -0.150425 1.67596 0.542412 1.4068 0.425294 2.4549 0.429935 1.45277 -0.042184 2.41567 -0.609678 2.19976 0.514401 1.24178 -0.0874393 1.56588 -0.382216 1.75623 -0.474989 1.58447 -0.745596 0.272769 -0.0348693 2.66814 0.139304 1.88349 -0.161233 0.679068 -0.412859 2.6557 -0.577265 0.363887 0.444392 1.71834 0.0604707 2.7969 -0.0781087 1.21879 0.218673 1.2978 0.670387 0.887467 -0.411192 0.735741 0.160365 1.85062 0.230911 0.843625 -0.780175 2.40753 -0.241066 1.99599 0.52503 0.961955 0.0570968 1.57971 0.226051 1.19167 0.443045 2.06637 0.0538145 1.32693 -0.729779 1.51371 0.672909 0.20084 0.629005 0.200484 0.19362 2.56893 0.748313 0.49455 0.165504 1.36302 -0.316128 2.28142 0.0625518 0.865101 0.499955 0.443377 -0.287566 0.438739 -0.720087 1.95552 -0.349987 2.74319 -0.766327 0.421366 0.709058 2.10827 0.317635 0.789596 0.722398 2.20051 -0.314428 1.16927 -0.559751 1.06123 0.601443 2.16614 0.773827 2.1825 -0.618813 1.88034 -0.71966 0.245032 -0.648646 2.765 -0.393289 2.74056 0.415108 2.53458 -0.413782 0.584425 0.378314 0.648113 -0.621044 2.77015 0.678131 2.44417 -0.827156 0.920107 0.271476 1.80068 0.708336 1.05141 -0.807112 1.68412 -0.210049 1.013 -0.142743 </point_positions>
		<shape_parameter data_order="dimension-point">5.37476 5.37476 4.17797 4.17797 4.88547 4.88547 5.22638 5.22638 4.20933 4.20933 5.1188 5.1188 5.15247 5.15247 4.57515 4.57515 4.99779 4.99779 5.28163 5.28163 5.48136 5.48136 5.19858 5.19858 4.56919 4.56919 4.37056 4.37056 5.48438 5.48438 4.8635 4.8635 5.49591 5.49591 5.38616 5.38616 5.22407 5.22407 5.14409 5.14409 5.21818 5.21818 4.78702 4.78702 4.04605 4.04605 4.83421 4.83421 5.47488 5.47488 4.40226 4.40226 5.35886 5.35886 5.37415 5.37415 4.4723 4.4723 5.14587 5.14587 5.47669 5.47669 4.7734 4.7734 5.43735 5.43735 4.0876 4.0876 4.94237 4.94237 4.62773 4.62773 4.84004 4.84004 4.41661 4.41661 7.20468 7.20468 7.09467 7.09467 6.83524 6.83524 7.1346 7.1346 6.38481 6.38481 7.384 7.384 6.2677 6.2677 6.62681 6.62681 7.39148 7.39148 7.13164 7.13164 6.93279 6.93279 6.31798 6.31798 6.19528 6.19528 6.26539 6.26539 7.18617 7.18617 6.81756 6.81756 5.81239 5.81239 6.08829 6.08829 7.25646 7.25646 5.96972 5.96972 7.32609 7.32609 6.56834 6.56834 7.047 7.047 7.14524 7.14524 7.14718 7.14718 6.08207 6.08207 6.84385 6.84385 6.72531 6.72531 7.26976 7.26976 7.29521 7.29521 7.10682 7.10682 7.05801 7.05801 6.35801 6.35801 6.53953 6.53953 5.26971 5.26971 5.91641 5.91641 5.40662 5.40662 6.73881 6.73881 7.25559 7.25559 6.94234 6.94234 6.92311 6.92311 6.45917 6.45917 5.59075 5.59075 7.05635 7.05635 5.14303 5.14303 5.64623 5.64623 6.98682 6.98682 6.24588 6.24588 7.01042 7.01042 6.80747 6.80747 6.74329 6.74329 5.9468 5.9468 6.52934 6.52934 6.34573 6.34573 5.29228 5.29228 5.82562 5.82562 5.71908 5.71908 6.42867 6.42867 6.74305 6.74305 6.28247 6.28247 5.12789 5.12789 5.59775 5.59775 7.21591 7.21591 6.35675 6.35675 6.09805 6.09805 7.24931 7.24931 7.30661 7.30661 </shape_parameter>
	</rbf_mesh>
	<ldfe_ordinates>
		<dimension>2</dimension>
		<rule>1</rule>
		<number_of_moments>1</number_of_moments>
		<number_of_ordinates>16</number_of_ordinates>
		<ordinates data_order="dimension-ordinate">-0.209769 -0.209769 -0.209769 0.209769 0.209769 -0.209769 0.209769 0.209769 -0.954984 -0.209769 -0.954984 0.209769 0.954984 -0.209769 0.954984 0.209769 -0.209769 -0.954984 -0.209769 0.954984 0.209769 -0.954984 0.209769 0.954984 -0.57735 -0.57735 -0.57735 0.57735 0.57735 -0.57735 0.57735 0.57735 </ordinates>
		<weights data_order="ordinate">0.339837 0.339837 0.339837 0.339837 0.339837 0.339837 0.339837 0.339837 0.339837 0.339837 0.339837 0.339837 0.551286 0.551286 0.551286 0.551286 </weights>
		<mu data_order="ordinate">-0.209769 -0.209769 0.209769 0.209769 -0.954984 -0.954984 0.954984 0.954984 -0.209769 -0.209769 0.209769 0.209769 -0.57735 -0.57735 0.57735 0.57735 </mu>
		<eta data_order="ordinate">-0.209769 0.209769 -0.209769 0.209769 -0.209769 0.209769 -0.209769 0.209769 -0.954984 0.954984 -0.954984 0.954984 -0.57735 0.57735 -0.57735 0.57735 </eta>
		<xi data_order="ordinate">0.954984 0.954984 0.954984 0.954984 0.209769 0.209769 0.209769 0.209769 0.209769 0.209769 0.209769 0.209769 0.57735 0.57735 0.57735 0.57735 </xi>
		<weights data_order="ordinate">0.339837 0.339837 0.339837 0.339837 0.339837 0.339837 0.339837 0.339837 0.339837 0.339837 0.339837 0.339837 0.551286 0.551286 0.551286 0.551286 </weights>
	</ldfe_ordinates>
	<energy_discretization>
		<number_of_groups>2</number_of_groups>
		<energy_bounds data_order="group_bound">0 0 0 </energy_bounds>
	</energy_discretization>
</output>
