<?xml version="1.0"?>
<output>
	<solution>
		<time>0.061082224</time>
		<k_eigenvalue>0.824744083854</k_eigenvalue>
		<phi data_order="node-group-moment-cell">0.12631160073 0.12629426956 0.0105551066999 0.0105809050027 0.126287405716 0.126234911471 0.0105839556996 0.0106619315661 0.12622098381 0.126131798743 0.0106681202197 0.0108000368272 0.126110394995 0.125981881194 0.0108095423541 0.0109984147725 0.125952352691 0.125780610576 0.0110115172537 0.0112617323569 0.125742031478 0.125521657405 0.0112788283033 0.0115963243814 0.125472761746 0.125196476221 0.0116179492536 0.0120104686855 0.125135563138 0.124793646157 0.0120373289569 0.01251476395 0.124718437679 0.124297867875 0.0125477824076 0.0131226438202 0.124205294025 0.123688424098 0.0131630242827 0.013851080164 0.123574293604 0.122936790773 0.0139004027206 0.0147215638272 0.122795276859 0.12200288899 0.0147819323239 0.0157615242624 0.121825706476 0.120829141821 0.0158358121988 0.0170065118813 0.120604188073 0.119330953182 0.0170988116094 0.0185038497626 0.119039971469 0.117381288546 0.0186203748958 0.0203193965468 0.116995645875 0.1147853846 0.0204704515734 0.0225513975276 0.114257990434 0.111238586543 0.02275595151 0.0253613049446 0.110487452648 0.106254493781 0.0256580585435 0.029046480047 0.105127284182 0.0990388092698 0.0295213301011 0.0342181078749 0.0972324688879 0.0882591010215 0.0350733219178 0.0422460556426 0.0841695866857 0.0731315413848 0.0457165903304 0.0531678569935 0.0721124595993 0.0637258491754 0.0539390828227 0.0586810169105 0.0630372389392 0.056426040317 0.0591383057279 0.0623600595141 0.0559460271404 0.0505595303216 0.0626606531694 0.0649140066814 0.0502131412852 0.045700444932 0.0651299225006 0.066692892636 0.0454412956786 0.0415748517937 0.0668587062374 0.0678877747576 0.0413740213719 0.0380029705493 0.068021142931 0.0686157451834 0.0378422373322 0.0348638509141 0.0687263765155 0.0689568224029 0.0347315753512 0.0320737142914 0.0690504968025 0.0689705291061 0.0319623287968 0.0295726148549 0.0690509608699 0.0687037618589 0.0294770901382 0.0273161748297 0.0687735020439 0.0681948293306 0.0272330799903 0.0252704219272 0.0682557268609 0.0674757325357 0.0251973460384 0.0234085294757 0.0675291844629 0.0665735864864 0.023343723611 0.0217087287692 0.0666206825406 0.0655115863666 0.0216508827628 0.020152947977 0.0655531975498 0.0643097082307 0.0201010497918 0.0187259050598 0.0643465440475 0.0629852402777 0.0186791510198 0.0174144874424 0.0630178873895 0.0615531975937 0.0173722239645 0.0162073153393 0.0615821468959 0.0600266521851 0.0161690003254 0.0150944247795 0.0600523183389 0.058416998997 0.015059601403 0.0140670303256 0.0584397348495 0.056734172182 0.0140353087363 0.0131173421878 0.0567542795962 0.0549868218204 0.0130883863594 0.0122384215041 0.0550045599014 0.0531824585257 0.0122119394871 0.0114240631788 0.0531980498917 0.051327571349 0.0113997996605 0.0106686991936 0.0513412068765 0.0494277228373 0.0106464296577 0.00996731751428 0.0494395651581 0.0474876238072 0.00994684353392 0.00931539312483 0.0474978097211 0.0455111892395 0.00929653846919 0.00870882860651 0.0455198311045 0.043501575516 0.00869143592766 0.00814390222491 0.0435087615673 0.0414611978247 0.00812783013738 0.00761722178485 0.0414669912105 0.0393917245645 0.00760234216263 0.00712568259567 0.0393961605935 0.037294042217 0.00711187789305 0.00666642774987 0.0372971226966 0.0351681776527 0.00665358809572 0.00623680849105 0.0351698598252 0.0330131510908 0.00622482819528 0.00583434160184 0.0330133254865 0.0308267021614 0.00582311451809 0.00545665924257 0.0308251461535 0.0286047603524 0.00544607210156 0.00510144411866 0.0286010362168 0.0263403633699 0.00509136639715 0.00476633858186 0.0263335864847 0.0240213272098 0.00475660656166 0.00444880917601 0.0240096260907 0.0216250133794 0.00443920034201 0.00414593639779 0.021604252482 0.0191062328854 0.00413612783877 0.00385408004972 0.0190669634189 0.0163687674567 0.00384358042417 0.0035683385509 0.0162889075347 0.0131975697712 </phi>
	</solution>
	<krylov_iteration>
		<max_iterations>5000</max_iterations>
		<source_iterations>0</source_iterations>
		<total_iterations>4</total_iterations>
		<tolerance>9.99999997475e-07</tolerance>
	</krylov_iteration>
	<nuclear_data>
		<sigma_t data_order="group-cell">1 2 1 2 1 2 1 2 1 2 1 2 1 2 1 2 1 2 1 2 1 2 1 2 1 2 1 2 1 2 1 2 1 2 1 2 1 2 1 2 1 2 1 2 1 2 1 2 1 2 1 2 1 2 1 2 1 2 1 2 1 2 1 2 1 2 1 2 1 2 1 2 1 2 1 2 1 2 1 2 1 2 1 2 1 2 1 2 1 2 1 2 1 2 1 2 1 2 1 2 1 2 1 2 1 2 1 2 1 2 1 2 1 2 1 2 1 2 1 2 </sigma_t>
		<sigma_s data_order="group_from-group_to-moment-cell">0.84 0 0.09 0.4 0.84 0 0.09 0.4 0.84 0 0.09 0.4 0.84 0 0.09 0.4 0.84 0 0.09 0.4 0.84 0 0.09 0.4 0.84 0 0.09 0.4 0.84 0 0.09 0.4 0.84 0 0.09 0.4 0.84 0 0.09 0.4 0.84 0 0.09 0.4 0.84 0 0.09 0.4 0.84 0 0.09 0.4 0.84 0 0.09 0.4 0.84 0 0.09 0.4 0.84 0 0.09 0.4 0.84 0 0.09 0.4 0.84 0 0.09 0.4 0.84 0 0.09 0.4 0.84 0 0.09 0.4 0.2 0 0.8 1.9 0.2 0 0.8 1.9 0.2 0 0.8 1.9 0.2 0 0.8 1.9 0.2 0 0.8 1.9 0.2 0 0.8 1.9 0.2 0 0.8 1.9 0.2 0 0.8 1.9 0.2 0 0.8 1.9 0.2 0 0.8 1.9 0.2 0 0.8 1.9 0.2 0 0.8 1.9 0.2 0 0.8 1.9 0.2 0 0.8 1.9 0.2 0 0.8 1.9 0.2 0 0.8 1.9 0.2 0 0.8 1.9 0.2 0 0.8 1.9 0.2 0 0.8 1.9 0.2 0 0.8 1.9 0.2 0 0.8 1.9 0.2 0 0.8 1.9 0.2 0 0.8 1.9 0.2 0 0.8 1.9 0.2 0 0.8 1.9 0.2 0 0.8 1.9 0.2 0 0.8 1.9 0.2 0 0.8 1.9 0.2 0 0.8 1.9 0.2 0 0.8 1.9 0.2 0 0.8 1.9 0.2 0 0.8 1.9 0.2 0 0.8 1.9 0.2 0 0.8 1.9 0.2 0 0.8 1.9 0.2 0 0.8 1.9 0.2 0 0.8 1.9 0.2 0 0.8 1.9 0.2 0 0.8 1.9 0.2 0 0.8 1.9 </sigma_s>
		<nu data_order="group-cell">2.4 2.4 2.4 2.4 2.4 2.4 2.4 2.4 2.4 2.4 2.4 2.4 2.4 2.4 2.4 2.4 2.4 2.4 2.4 2.4 2.4 2.4 2.4 2.4 2.4 2.4 2.4 2.4 2.4 2.4 2.4 2.4 2.4 2.4 2.4 2.4 2.4 2.4 2.4 2.4 0 0 0 0 0 0 0 0 0 0 0 0 0 0 0 0 0 0 0 0 0 0 0 0 0 0 0 0 0 0 0 0 0 0 0 0 0 0 0 0 0 0 0 0 0 0 0 0 0 0 0 0 0 0 0 0 0 0 0 0 0 0 0 0 0 0 0 0 0 0 0 0 0 0 0 0 0 0 0 0 </nu>
		<sigma_f data_order="group-cell">0.003 1.1 0.003 1.1 0.003 1.1 0.003 1.1 0.003 1.1 0.003 1.1 0.003 1.1 0.003 1.1 0.003 1.1 0.003 1.1 0.003 1.1 0.003 1.1 0.003 1.1 0.003 1.1 0.003 1.1 0.003 1.1 0.003 1.1 0.003 1.1 0.003 1.1 0.003 1.1 0 0 0 0 0 0 0 0 0 0 0 0 0 0 0 0 0 0 0 0 0 0 0 0 0 0 0 0 0 0 0 0 0 0 0 0 0 0 0 0 0 0 0 0 0 0 0 0 0 0 0 0 0 0 0 0 0 0 0 0 0 0 0 0 0 0 0 0 0 0 0 0 0 0 0 0 0 0 0 0 </sigma_f>
		<chi data_order="group-cell">1 0 1 0 1 0 1 0 1 0 1 0 1 0 1 0 1 0 1 0 1 0 1 0 1 0 1 0 1 0 1 0 1 0 1 0 1 0 1 0 0 0 0 0 0 0 0 0 0 0 0 0 0 0 0 0 0 0 0 0 0 0 0 0 0 0 0 0 0 0 0 0 0 0 0 0 0 0 0 0 0 0 0 0 0 0 0 0 0 0 0 0 0 0 0 0 0 0 0 0 0 0 0 0 0 0 0 0 0 0 0 0 0 0 0 0 0 0 0 0 </chi>
	</nuclear_data>
	<source_data>
		<alpha data_order="boundary_cell">1 0 </alpha>
		<internal_source data_order="node-group-moment-cell">1 1 0 0 1 1 0 0 1 1 0 0 1 1 0 0 1 1 0 0 1 1 0 0 1 1 0 0 1 1 0 0 1 1 0 0 1 1 0 0 1 1 0 0 1 1 0 0 1 1 0 0 1 1 0 0 1 1 0 0 1 1 0 0 1 1 0 0 1 1 0 0 1 1 0 0 1 1 0 0 0 0 0 0 0 0 0 0 0 0 0 0 0 0 0 0 0 0 0 0 0 0 0 0 0 0 0 0 0 0 0 0 0 0 0 0 0 0 0 0 0 0 0 0 0 0 0 0 0 0 0 0 0 0 0 0 0 0 0 0 0 0 0 0 0 0 0 0 0 0 0 0 0 0 0 0 0 0 0 0 0 0 0 0 0 0 0 0 0 0 0 0 0 0 0 0 0 0 0 0 0 0 0 0 0 0 0 0 0 0 0 0 0 0 0 0 0 0 0 0 0 0 0 0 0 0 0 0 0 0 0 0 0 0 0 0 0 0 0 0 0 0 0 0 0 0 0 0 0 0 0 0 0 0 0 0 0 0 0 0 </internal_source>
		<boundary_source data_order="group-ordinate-boundary_cell">0 0 0 0 0 0 0 0 0 0 0 0 0 0 0 0 0 0 0 0 0 0 0 0 0 0 0 0 0 0 0 0 0 0 0 0 0 0 0 0 0 0 0 0 0 0 0 0 0 0 0 0 0 0 0 0 0 0 0 0 0 0 0 0 0 0 0 0 0 0 0 0 0 0 0 0 0 0 0 0 0 0 0 0 0 0 0 0 0 0 0 0 0 0 0 0 0 0 0 0 0 0 0 0 0 0 0 0 0 0 0 0 0 0 0 0 0 0 0 0 0 0 0 0 0 0 0 0 </boundary_source>
	</source_data>
	<finite_element_mesh>
		<number_of_elements>60</number_of_elements>
		<number_of_nodes>2</number_of_nodes>
		<number_of_points>120</number_of_points>
		<number_of_boundary_elements>2</number_of_boundary_elements>
		<boundary_nodes data_order="element-node">1 0 0 1 </boundary_nodes>
		<boundary_elements data_order="element">0 59 </boundary_elements>
		<internal_elements data_order="element">1 2 3 4 5 6 7 8 9 10 11 12 13 14 15 16 17 18 19 20 21 22 23 24 25 26 27 28 29 30 31 32 33 34 35 36 37 38 39 40 41 42 43 44 45 46 47 48 49 50 51 52 53 54 55 56 57 58 </internal_elements>
		<material data_order="element">0 0 0 0 0 0 0 0 0 0 0 0 0 0 0 0 0 0 0 0 1 1 1 1 1 1 1 1 1 1 1 1 1 1 1 1 1 1 1 1 1 1 1 1 1 1 1 1 1 1 1 1 1 1 1 1 1 1 1 1 </material>
		<node_positions data_order="element-node">0 0.05 0.05 0.1 0.1 0.15 0.15 0.2 0.2 0.25 0.25 0.3 0.3 0.35 0.35 0.4 0.4 0.45 0.45 0.5 0.5 0.55 0.55 0.6 0.6 0.65 0.65 0.7 0.7 0.75 0.75 0.8 0.8 0.85 0.85 0.9 0.9 0.95 0.95 1 1 1.05 1.05 1.1 1.1 1.15 1.15 1.2 1.2 1.25 1.25 1.3 1.3 1.35 1.35 1.4 1.4 1.45 1.45 1.5 1.5 1.55 1.55 1.6 1.6 1.65 1.65 1.7 1.7 1.75 1.75 1.8 1.8 1.85 1.85 1.9 1.9 1.95 1.95 2 2 2.05 2.05 2.1 2.1 2.15 2.15 2.2 2.2 2.25 2.25 2.3 2.3 2.35 2.35 2.4 2.4 2.45 2.45 2.5 2.5 2.55 2.55 2.6 2.6 2.65 2.65 2.7 2.7 2.75 2.75 2.8 2.8 2.85 2.85 2.9 2.9 2.95 2.95 3 </node_positions>
		<element number="0">
			<dimension>1</dimension>
			<number_of_nodes>2</number_of_nodes>
			<length data_order="dimension">0.05 </length>
			<node_positions data_order="node">0 0.05 </node_positions>
		</element>
		<element number="1">
			<dimension>1</dimension>
			<number_of_nodes>2</number_of_nodes>
			<length data_order="dimension">0.05 </length>
			<node_positions data_order="node">0.05 0.1 </node_positions>
		</element>
		<element number="2">
			<dimension>1</dimension>
			<number_of_nodes>2</number_of_nodes>
			<length data_order="dimension">0.05 </length>
			<node_positions data_order="node">0.1 0.15 </node_positions>
		</element>
		<element number="3">
			<dimension>1</dimension>
			<number_of_nodes>2</number_of_nodes>
			<length data_order="dimension">0.05 </length>
			<node_positions data_order="node">0.15 0.2 </node_positions>
		</element>
		<element number="4">
			<dimension>1</dimension>
			<number_of_nodes>2</number_of_nodes>
			<length data_order="dimension">0.05 </length>
			<node_positions data_order="node">0.2 0.25 </node_positions>
		</element>
		<element number="5">
			<dimension>1</dimension>
			<number_of_nodes>2</number_of_nodes>
			<length data_order="dimension">0.05 </length>
			<node_positions data_order="node">0.25 0.3 </node_positions>
		</element>
		<element number="6">
			<dimension>1</dimension>
			<number_of_nodes>2</number_of_nodes>
			<length data_order="dimension">0.05 </length>
			<node_positions data_order="node">0.3 0.35 </node_positions>
		</element>
		<element number="7">
			<dimension>1</dimension>
			<number_of_nodes>2</number_of_nodes>
			<length data_order="dimension">0.05 </length>
			<node_positions data_order="node">0.35 0.4 </node_positions>
		</element>
		<element number="8">
			<dimension>1</dimension>
			<number_of_nodes>2</number_of_nodes>
			<length data_order="dimension">0.05 </length>
			<node_positions data_order="node">0.4 0.45 </node_positions>
		</element>
		<element number="9">
			<dimension>1</dimension>
			<number_of_nodes>2</number_of_nodes>
			<length data_order="dimension">0.05 </length>
			<node_positions data_order="node">0.45 0.5 </node_positions>
		</element>
		<element number="10">
			<dimension>1</dimension>
			<number_of_nodes>2</number_of_nodes>
			<length data_order="dimension">0.05 </length>
			<node_positions data_order="node">0.5 0.55 </node_positions>
		</element>
		<element number="11">
			<dimension>1</dimension>
			<number_of_nodes>2</number_of_nodes>
			<length data_order="dimension">0.05 </length>
			<node_positions data_order="node">0.55 0.6 </node_positions>
		</element>
		<element number="12">
			<dimension>1</dimension>
			<number_of_nodes>2</number_of_nodes>
			<length data_order="dimension">0.05 </length>
			<node_positions data_order="node">0.6 0.65 </node_positions>
		</element>
		<element number="13">
			<dimension>1</dimension>
			<number_of_nodes>2</number_of_nodes>
			<length data_order="dimension">0.05 </length>
			<node_positions data_order="node">0.65 0.7 </node_positions>
		</element>
		<element number="14">
			<dimension>1</dimension>
			<number_of_nodes>2</number_of_nodes>
			<length data_order="dimension">0.05 </length>
			<node_positions data_order="node">0.7 0.75 </node_positions>
		</element>
		<element number="15">
			<dimension>1</dimension>
			<number_of_nodes>2</number_of_nodes>
			<length data_order="dimension">0.05 </length>
			<node_positions data_order="node">0.75 0.8 </node_positions>
		</element>
		<element number="16">
			<dimension>1</dimension>
			<number_of_nodes>2</number_of_nodes>
			<length data_order="dimension">0.05 </length>
			<node_positions data_order="node">0.8 0.85 </node_positions>
		</element>
		<element number="17">
			<dimension>1</dimension>
			<number_of_nodes>2</number_of_nodes>
			<length data_order="dimension">0.05 </length>
			<node_positions data_order="node">0.85 0.9 </node_positions>
		</element>
		<element number="18">
			<dimension>1</dimension>
			<number_of_nodes>2</number_of_nodes>
			<length data_order="dimension">0.05 </length>
			<node_positions data_order="node">0.9 0.95 </node_positions>
		</element>
		<element number="19">
			<dimension>1</dimension>
			<number_of_nodes>2</number_of_nodes>
			<length data_order="dimension">0.05 </length>
			<node_positions data_order="node">0.95 1 </node_positions>
		</element>
		<element number="20">
			<dimension>1</dimension>
			<number_of_nodes>2</number_of_nodes>
			<length data_order="dimension">0.05 </length>
			<node_positions data_order="node">1 1.05 </node_positions>
		</element>
		<element number="21">
			<dimension>1</dimension>
			<number_of_nodes>2</number_of_nodes>
			<length data_order="dimension">0.05 </length>
			<node_positions data_order="node">1.05 1.1 </node_positions>
		</element>
		<element number="22">
			<dimension>1</dimension>
			<number_of_nodes>2</number_of_nodes>
			<length data_order="dimension">0.05 </length>
			<node_positions data_order="node">1.1 1.15 </node_positions>
		</element>
		<element number="23">
			<dimension>1</dimension>
			<number_of_nodes>2</number_of_nodes>
			<length data_order="dimension">0.05 </length>
			<node_positions data_order="node">1.15 1.2 </node_positions>
		</element>
		<element number="24">
			<dimension>1</dimension>
			<number_of_nodes>2</number_of_nodes>
			<length data_order="dimension">0.05 </length>
			<node_positions data_order="node">1.2 1.25 </node_positions>
		</element>
		<element number="25">
			<dimension>1</dimension>
			<number_of_nodes>2</number_of_nodes>
			<length data_order="dimension">0.05 </length>
			<node_positions data_order="node">1.25 1.3 </node_positions>
		</element>
		<element number="26">
			<dimension>1</dimension>
			<number_of_nodes>2</number_of_nodes>
			<length data_order="dimension">0.05 </length>
			<node_positions data_order="node">1.3 1.35 </node_positions>
		</element>
		<element number="27">
			<dimension>1</dimension>
			<number_of_nodes>2</number_of_nodes>
			<length data_order="dimension">0.05 </length>
			<node_positions data_order="node">1.35 1.4 </node_positions>
		</element>
		<element number="28">
			<dimension>1</dimension>
			<number_of_nodes>2</number_of_nodes>
			<length data_order="dimension">0.05 </length>
			<node_positions data_order="node">1.4 1.45 </node_positions>
		</element>
		<element number="29">
			<dimension>1</dimension>
			<number_of_nodes>2</number_of_nodes>
			<length data_order="dimension">0.05 </length>
			<node_positions data_order="node">1.45 1.5 </node_positions>
		</element>
		<element number="30">
			<dimension>1</dimension>
			<number_of_nodes>2</number_of_nodes>
			<length data_order="dimension">0.05 </length>
			<node_positions data_order="node">1.5 1.55 </node_positions>
		</element>
		<element number="31">
			<dimension>1</dimension>
			<number_of_nodes>2</number_of_nodes>
			<length data_order="dimension">0.05 </length>
			<node_positions data_order="node">1.55 1.6 </node_positions>
		</element>
		<element number="32">
			<dimension>1</dimension>
			<number_of_nodes>2</number_of_nodes>
			<length data_order="dimension">0.05 </length>
			<node_positions data_order="node">1.6 1.65 </node_positions>
		</element>
		<element number="33">
			<dimension>1</dimension>
			<number_of_nodes>2</number_of_nodes>
			<length data_order="dimension">0.05 </length>
			<node_positions data_order="node">1.65 1.7 </node_positions>
		</element>
		<element number="34">
			<dimension>1</dimension>
			<number_of_nodes>2</number_of_nodes>
			<length data_order="dimension">0.05 </length>
			<node_positions data_order="node">1.7 1.75 </node_positions>
		</element>
		<element number="35">
			<dimension>1</dimension>
			<number_of_nodes>2</number_of_nodes>
			<length data_order="dimension">0.05 </length>
			<node_positions data_order="node">1.75 1.8 </node_positions>
		</element>
		<element number="36">
			<dimension>1</dimension>
			<number_of_nodes>2</number_of_nodes>
			<length data_order="dimension">0.05 </length>
			<node_positions data_order="node">1.8 1.85 </node_positions>
		</element>
		<element number="37">
			<dimension>1</dimension>
			<number_of_nodes>2</number_of_nodes>
			<length data_order="dimension">0.05 </length>
			<node_positions data_order="node">1.85 1.9 </node_positions>
		</element>
		<element number="38">
			<dimension>1</dimension>
			<number_of_nodes>2</number_of_nodes>
			<length data_order="dimension">0.05 </length>
			<node_positions data_order="node">1.9 1.95 </node_positions>
		</element>
		<element number="39">
			<dimension>1</dimension>
			<number_of_nodes>2</number_of_nodes>
			<length data_order="dimension">0.05 </length>
			<node_positions data_order="node">1.95 2 </node_positions>
		</element>
		<element number="40">
			<dimension>1</dimension>
			<number_of_nodes>2</number_of_nodes>
			<length data_order="dimension">0.05 </length>
			<node_positions data_order="node">2 2.05 </node_positions>
		</element>
		<element number="41">
			<dimension>1</dimension>
			<number_of_nodes>2</number_of_nodes>
			<length data_order="dimension">0.05 </length>
			<node_positions data_order="node">2.05 2.1 </node_positions>
		</element>
		<element number="42">
			<dimension>1</dimension>
			<number_of_nodes>2</number_of_nodes>
			<length data_order="dimension">0.05 </length>
			<node_positions data_order="node">2.1 2.15 </node_positions>
		</element>
		<element number="43">
			<dimension>1</dimension>
			<number_of_nodes>2</number_of_nodes>
			<length data_order="dimension">0.05 </length>
			<node_positions data_order="node">2.15 2.2 </node_positions>
		</element>
		<element number="44">
			<dimension>1</dimension>
			<number_of_nodes>2</number_of_nodes>
			<length data_order="dimension">0.05 </length>
			<node_positions data_order="node">2.2 2.25 </node_positions>
		</element>
		<element number="45">
			<dimension>1</dimension>
			<number_of_nodes>2</number_of_nodes>
			<length data_order="dimension">0.05 </length>
			<node_positions data_order="node">2.25 2.3 </node_positions>
		</element>
		<element number="46">
			<dimension>1</dimension>
			<number_of_nodes>2</number_of_nodes>
			<length data_order="dimension">0.05 </length>
			<node_positions data_order="node">2.3 2.35 </node_positions>
		</element>
		<element number="47">
			<dimension>1</dimension>
			<number_of_nodes>2</number_of_nodes>
			<length data_order="dimension">0.05 </length>
			<node_positions data_order="node">2.35 2.4 </node_positions>
		</element>
		<element number="48">
			<dimension>1</dimension>
			<number_of_nodes>2</number_of_nodes>
			<length data_order="dimension">0.05 </length>
			<node_positions data_order="node">2.4 2.45 </node_positions>
		</element>
		<element number="49">
			<dimension>1</dimension>
			<number_of_nodes>2</number_of_nodes>
			<length data_order="dimension">0.05 </length>
			<node_positions data_order="node">2.45 2.5 </node_positions>
		</element>
		<element number="50">
			<dimension>1</dimension>
			<number_of_nodes>2</number_of_nodes>
			<length data_order="dimension">0.05 </length>
			<node_positions data_order="node">2.5 2.55 </node_positions>
		</element>
		<element number="51">
			<dimension>1</dimension>
			<number_of_nodes>2</number_of_nodes>
			<length data_order="dimension">0.05 </length>
			<node_positions data_order="node">2.55 2.6 </node_positions>
		</element>
		<element number="52">
			<dimension>1</dimension>
			<number_of_nodes>2</number_of_nodes>
			<length data_order="dimension">0.05 </length>
			<node_positions data_order="node">2.6 2.65 </node_positions>
		</element>
		<element number="53">
			<dimension>1</dimension>
			<number_of_nodes>2</number_of_nodes>
			<length data_order="dimension">0.05 </length>
			<node_positions data_order="node">2.65 2.7 </node_positions>
		</element>
		<element number="54">
			<dimension>1</dimension>
			<number_of_nodes>2</number_of_nodes>
			<length data_order="dimension">0.05 </length>
			<node_positions data_order="node">2.7 2.75 </node_positions>
		</element>
		<element number="55">
			<dimension>1</dimension>
			<number_of_nodes>2</number_of_nodes>
			<length data_order="dimension">0.05 </length>
			<node_positions data_order="node">2.75 2.8 </node_positions>
		</element>
		<element number="56">
			<dimension>1</dimension>
			<number_of_nodes>2</number_of_nodes>
			<length data_order="dimension">0.05 </length>
			<node_positions data_order="node">2.8 2.85 </node_positions>
		</element>
		<element number="57">
			<dimension>1</dimension>
			<number_of_nodes>2</number_of_nodes>
			<length data_order="dimension">0.05 </length>
			<node_positions data_order="node">2.85 2.9 </node_positions>
		</element>
		<element number="58">
			<dimension>1</dimension>
			<number_of_nodes>2</number_of_nodes>
			<length data_order="dimension">0.05 </length>
			<node_positions data_order="node">2.9 2.95 </node_positions>
		</element>
		<element number="59">
			<dimension>1</dimension>
			<number_of_nodes>2</number_of_nodes>
			<length data_order="dimension">0.05 </length>
			<node_positions data_order="node">2.95 3 </node_positions>
		</element>
	</finite_element_mesh>
	<gauss_legendre_ordinates>
		<dimension>1</dimension>
		<number_of_moments>1</number_of_moments>
		<number_of_ordinates>16</number_of_ordinates>
		<ordinates data_order="ordinate">-0.989400934992 -0.944575023073 -0.865631202388 -0.755404408355 -0.617876244403 -0.458016777657 -0.281603550779 -0.0950125098376 0.0950125098376 0.281603550779 0.458016777657 0.617876244403 0.755404408355 0.865631202388 0.944575023073 0.989400934992 </ordinates>
		<weights data_order="ordinate">0.0271524594118 0.0622535239386 0.0951585116825 0.124628971256 0.149595988817 0.169156519395 0.182603415045 0.189450610455 0.189450610455 0.182603415045 0.169156519395 0.149595988817 0.124628971256 0.0951585116825 0.0622535239386 0.0271524594118 </weights>
	</gauss_legendre_ordinates>
	<energy_discretization>
		<number_of_groups>2</number_of_groups>
		<energy_bounds data_order="group_bound">0 0 0 </energy_bounds>
	</energy_discretization>
</output>
