<?xml version="1.0"?>
<output>
	<solution>
		<time>0.837209092</time>
		<k_eigenvalue>0.81067672275</k_eigenvalue>
		<phi data_order="node-group-moment-cell">-0.252676425194 -0.0211087699369 -0.250571238517 -0.0219373220597 -0.254334057436 -0.020159230259 -0.247564503695 -0.0247301425936 -0.251961580192 -0.0235801350132 -0.239950792106 -0.0320575750374 -0.244300268096 -0.0324523997314 -0.218096317965 -0.0500344680122 -0.210616969396 -0.0584520253948 -0.123886893477 -0.115555359113 -0.110636265051 -0.123743446036 -0.0718622613606 -0.136721969424 -0.0706263145678 -0.134882462316 -0.0470670845186 -0.134273506236 -0.0482388311128 -0.129749864818 -0.0317731412036 -0.12217518948 -0.0340082450323 -0.116761063706 -0.021660119488 -0.105164871761 -0.0244866402456 -0.0996434621982 -0.01472068355 -0.0855934072978 -0.0179004254713 -0.08021452591 -0.00978055047616 -0.0645477590611 -0.0132098283822 -0.0591493394252 -0.00605451005741 -0.0420372606642 -0.00961865021864 -0.0348918169923 -0.00746901265432 -0.0257677659059 </phi>
	</solution>
	<krylov_iteration>
		<max_iterations>5000</max_iterations>
		<source_iterations>0</source_iterations>
		<total_iterations>5</total_iterations>
		<tolerance>9.99999997475e-07</tolerance>
	</krylov_iteration>
	<nuclear_data>
		<sigma_t data_order="group-cell">1 2 1 2 1 2 1 2 1 2 1 2 1 2 1 2 1 2 1 2 1 2 1 2 1 2 1 2 1 2 1 2 1 2 1 2 1 2 1 2 1 2 1 2 1 2 1 2 1 2 1 2 </sigma_t>
		<sigma_s data_order="group_from-group_to-moment-cell">0.84 0 0.09 0.4 0.84 0 0.09 0.4 0.84 0 0.09 0.4 0.84 0 0.09 0.4 0.84 0 0.09 0.4 0.84 0 0.09 0.4 0.84 0 0.09 0.4 0.84 0 0.09 0.4 0.84 0 0.09 0.4 0.2 0 0.8 1.9 0.2 0 0.8 1.9 0.2 0 0.8 1.9 0.2 0 0.8 1.9 0.2 0 0.8 1.9 0.2 0 0.8 1.9 0.2 0 0.8 1.9 0.2 0 0.8 1.9 0.2 0 0.8 1.9 0.2 0 0.8 1.9 0.2 0 0.8 1.9 0.2 0 0.8 1.9 0.2 0 0.8 1.9 0.2 0 0.8 1.9 0.2 0 0.8 1.9 0.2 0 0.8 1.9 0.2 0 0.8 1.9 </sigma_s>
		<nu data_order="group-cell">2.4 2.4 2.4 2.4 2.4 2.4 2.4 2.4 2.4 2.4 2.4 2.4 2.4 2.4 2.4 2.4 2.4 2.4 0 0 0 0 0 0 0 0 0 0 0 0 0 0 0 0 0 0 0 0 0 0 0 0 0 0 0 0 0 0 0 0 0 0 </nu>
		<sigma_f data_order="group-cell">0.003 1.1 0.003 1.1 0.003 1.1 0.003 1.1 0.003 1.1 0.003 1.1 0.003 1.1 0.003 1.1 0.003 1.1 0 0 0 0 0 0 0 0 0 0 0 0 0 0 0 0 0 0 0 0 0 0 0 0 0 0 0 0 0 0 0 0 0 0 </sigma_f>
		<chi data_order="group-cell">1 0 1 0 1 0 1 0 1 0 1 0 1 0 1 0 1 0 0 0 0 0 0 0 0 0 0 0 0 0 0 0 0 0 0 0 0 0 0 0 0 0 0 0 0 0 0 0 0 0 0 0 </chi>
	</nuclear_data>
	<source_data>
		<alpha data_order="boundary_cell">1 0 </alpha>
		<internal_source data_order="node-group-moment-cell">1 0 1 0 1 0 1 0 1 0 1 0 1 0 1 0 1 0 0 0 0 0 0 0 0 0 0 0 0 0 0 0 0 0 0 0 0 0 0 0 0 0 0 0 0 0 0 0 0 0 0 0 </internal_source>
		<boundary_source data_order="group-ordinate-boundary_cell">0 0 0 0 0 0 0 0 0 0 0 0 0 0 0 0 0 0 0 0 0 0 0 0 0 0 0 0 0 0 0 0 0 0 0 0 0 0 0 0 0 0 0 0 0 0 0 0 0 0 0 0 0 0 0 0 0 0 0 0 0 0 0 0 </boundary_source>
	</source_data>
	<rbf_mesh>
		<dimension>1</dimension>
		<number_of_points>26</number_of_points>
		<boundary_points data_order="point">0 25 </boundary_points>
		<internal_points data_order="point">1 2 3 4 5 6 7 8 9 10 11 12 13 14 15 16 17 18 19 20 21 22 23 24 </internal_points>
		<material data_order="point">0 0 0 0 0 0 0 0 0 1 1 1 1 1 1 1 1 1 1 1 1 1 1 1 1 1 </material>
		<point_positions data_order="dimension-point">0 0.0625 0.1875 0.3125 0.4375 0.5625 0.6875 0.8125 0.9375 1.0625 1.1875 1.3125 1.4375 1.5625 1.6875 1.8125 1.9375 2.0625 2.1875 2.3125 2.4375 2.5625 2.6875 2.8125 2.9375 3 </point_positions>
		<shape_parameter data_order="dimension-point">16 16 8 8 8 8 8 8 8 8 8 8 8 8 8 8 8 8 8 8 8 8 8 8 16 16 </shape_parameter>
	</rbf_mesh>
	<gauss_legendre_ordinates>
		<dimension>1</dimension>
		<number_of_moments>1</number_of_moments>
		<number_of_ordinates>16</number_of_ordinates>
		<ordinates data_order="ordinate">-0.989400934992 -0.944575023073 -0.865631202388 -0.755404408355 -0.617876244403 -0.458016777657 -0.281603550779 -0.0950125098376 0.0950125098376 0.281603550779 0.458016777657 0.617876244403 0.755404408355 0.865631202388 0.944575023073 0.989400934992 </ordinates>
		<weights data_order="ordinate">0.0271524594118 0.0622535239386 0.0951585116825 0.124628971256 0.149595988817 0.169156519395 0.182603415045 0.189450610455 0.189450610455 0.182603415045 0.169156519395 0.149595988817 0.124628971256 0.0951585116825 0.0622535239386 0.0271524594118 </weights>
	</gauss_legendre_ordinates>
	<energy_discretization>
		<number_of_groups>2</number_of_groups>
		<energy_bounds data_order="group_bound">0 0 0 </energy_bounds>
	</energy_discretization>
</output>
