<?xml version="1.0"?>
<output>
	<solution>
		<time>0.010096452</time>
		<k_eigenvalue>0.84199146462</k_eigenvalue>
		<phi data_order="node-group-moment-cell">0.27516735593 0.0233005795233 0.271983230421 0.0247352792708 0.277256514423 0.0217815169916 0.266169396234 0.0294560080536 0.269861960247 0.027958705328 0.251686174717 0.0417269323823 0.251655079835 0.0439088368992 0.221110609378 0.0692050519903 0.211648661783 0.080935469277 0.159310568403 0.127133322186 0.14629597187 0.138983340066 0.106622001985 0.161645696513 0.100722162772 0.161874720906 0.0709765119117 0.167934935818 0.0695758019452 0.162004329944 0.0468617180038 0.157356115793 0.0482534133958 0.148559989812 0.0305238035875 0.137085636006 0.0336140142295 0.12729457845 0.0194060617302 0.111524268146 0.0235103601759 0.101683376714 0.0117605375349 0.0832441067865 0.0164666587546 0.0737017705376 0.00638438648541 0.0536245906989 0.0113760623904 0.0442636202365 0.00850103297017 0.0354427020307 </phi>
	</solution>
	<krylov_iteration>
		<max_iterations>5000</max_iterations>
		<source_iterations>0</source_iterations>
		<total_iterations>4</total_iterations>
		<tolerance>9.99999997475e-07</tolerance>
	</krylov_iteration>
	<nuclear_data>
		<sigma_t data_order="group-cell">1 2 1 2 1 2 1 2 1 2 1 2 1 2 1 2 1 2 1 2 1 2 1 2 1 2 1 2 1 2 1 2 1 2 1 2 1 2 1 2 1 2 1 2 1 2 1 2 1 2 1 2 </sigma_t>
		<sigma_s data_order="group_from-group_to-moment-cell">0.84 0 0.09 0.4 0.84 0 0.09 0.4 0.84 0 0.09 0.4 0.84 0 0.09 0.4 0.84 0 0.09 0.4 0.84 0 0.09 0.4 0.84 0 0.09 0.4 0.84 0 0.09 0.4 0.84 0 0.09 0.4 0.2 0 0.8 1.9 0.2 0 0.8 1.9 0.2 0 0.8 1.9 0.2 0 0.8 1.9 0.2 0 0.8 1.9 0.2 0 0.8 1.9 0.2 0 0.8 1.9 0.2 0 0.8 1.9 0.2 0 0.8 1.9 0.2 0 0.8 1.9 0.2 0 0.8 1.9 0.2 0 0.8 1.9 0.2 0 0.8 1.9 0.2 0 0.8 1.9 0.2 0 0.8 1.9 0.2 0 0.8 1.9 0.2 0 0.8 1.9 </sigma_s>
		<nu data_order="group-cell">2.4 2.4 2.4 2.4 2.4 2.4 2.4 2.4 2.4 2.4 2.4 2.4 2.4 2.4 2.4 2.4 2.4 2.4 0 0 0 0 0 0 0 0 0 0 0 0 0 0 0 0 0 0 0 0 0 0 0 0 0 0 0 0 0 0 0 0 0 0 </nu>
		<sigma_f data_order="group-cell">0.003 1.1 0.003 1.1 0.003 1.1 0.003 1.1 0.003 1.1 0.003 1.1 0.003 1.1 0.003 1.1 0.003 1.1 0 0 0 0 0 0 0 0 0 0 0 0 0 0 0 0 0 0 0 0 0 0 0 0 0 0 0 0 0 0 0 0 0 0 </sigma_f>
		<chi data_order="group-cell">1 0 1 0 1 0 1 0 1 0 1 0 1 0 1 0 1 0 0 0 0 0 0 0 0 0 0 0 0 0 0 0 0 0 0 0 0 0 0 0 0 0 0 0 0 0 0 0 0 0 0 0 </chi>
	</nuclear_data>
	<source_data>
		<alpha data_order="boundary_cell">1 0 </alpha>
		<internal_source data_order="node-group-moment-cell">1 0 1 0 1 0 1 0 1 0 1 0 1 0 1 0 1 0 0 0 0 0 0 0 0 0 0 0 0 0 0 0 0 0 0 0 0 0 0 0 0 0 0 0 0 0 0 0 0 0 0 0 </internal_source>
		<boundary_source data_order="group-ordinate-boundary_cell">0 0 0 0 0 0 0 0 </boundary_source>
	</source_data>
	<rbf_mesh>
		<dimension>1</dimension>
		<number_of_points>26</number_of_points>
		<boundary_points data_order="point">0 25 </boundary_points>
		<internal_points data_order="point">1 2 3 4 5 6 7 8 9 10 11 12 13 14 15 16 17 18 19 20 21 22 23 24 </internal_points>
		<material data_order="point">0 0 0 0 0 0 0 0 0 1 1 1 1 1 1 1 1 1 1 1 1 1 1 1 1 1 </material>
		<point_positions data_order="dimension-point">0 0.0625 0.1875 0.3125 0.4375 0.5625 0.6875 0.8125 0.9375 1.0625 1.1875 1.3125 1.4375 1.5625 1.6875 1.8125 1.9375 2.0625 2.1875 2.3125 2.4375 2.5625 2.6875 2.8125 2.9375 3 </point_positions>
		<shape_parameter data_order="dimension-point">16 16 8 8 8 8 8 8 8 8 8 8 8 8 8 8 8 8 8 8 8 8 8 8 16 16 </shape_parameter>
	</rbf_mesh>
	<gauss_legendre_ordinates>
		<dimension>1</dimension>
		<number_of_moments>1</number_of_moments>
		<number_of_ordinates>2</number_of_ordinates>
		<ordinates data_order="ordinate">-0.57735026919 0.57735026919 </ordinates>
		<weights data_order="ordinate">1 1 </weights>
	</gauss_legendre_ordinates>
	<energy_discretization>
		<number_of_groups>2</number_of_groups>
		<energy_bounds data_order="group_bound">0 0 0 </energy_bounds>
	</energy_discretization>
</output>
