<?xml version="1.0"?>
<output>
	<solution>
		<time>0.831170584</time>
		<k_eigenvalue>0.315138683736</k_eigenvalue>
		<phi data_order="node-group-moment-cell">-0.0153245104048 -0.0734405975708 0.000343894756934 -0.0355367206342 -0.0601634876434 0.0196876155638 0.0121009054397 0.00118954346019 -0.0572693624562 0.00800708740064 0.00588547388914 -0.0300767669416 -0.0582512700537 -0.00791016261332 -0.0590560585319 -0.00576295142228 0.00468667298557 -0.0253750917116 -0.00336666260269 -0.0206000748649 -0.0624016263447 -0.0761543518123 -0.0381177215704 -0.0653112579018 -0.0257133507957 0.00117106213305 0.0116599651335 -0.0314931219398 -0.0764143291072 -0.0574572201767 -0.0342684467258 0.0164219200829 0.0726132218703 -0.188351873503 -0.0775536819784 -0.0535858140348 -0.00893659628341 -0.0108487002139 -0.044746687093 0.0786164900938 -0.0214052866693 0.0172612847565 -0.159950790589 0.0172191666182 -0.117836847303 -0.298158066876 -0.117981805798 -0.0361917752009 -0.0751890780417 0.216212380975 -0.0447036874323 0.0761993426017 -0.0687584369369 0.0884549718013 -0.14353668703 -0.205900155662 -0.0404412644944 -0.157169681131 -0.078226064896 0.12513314095 -0.0986139344331 -0.0525296318228 -0.0211942900539 -0.0263207780705 -0.0772451726199 -0.0814989741807 -0.123239447141 -0.165993248624 -0.100160862415 0.0570661157611 -0.0588974344456 -0.0778657831847 -0.0829958199234 -0.103299254197 -0.0744701849467 -0.0844869401429 -0.0810199107593 0.0535902307427 0.0622046039676 -0.133081000894 -0.00115364085258 -0.16999317784 -0.026352348116 0.00287936260771 -0.197421866168 0.00157118243784 -0.25568811894 -0.0823391987627 -0.278618820488 0.0466672150284 -0.0697410651906 -0.187492368887 -0.00325725477168 -0.171815037272 -0.0268617299031 -0.0344787427653 -0.0201180792096 -0.033424377383 -0.00164090559873 -0.122035711969 -0.0417673397822 -0.00932866690808 -0.184864867957 0.094322296617 -0.021704060558 -0.0720953128884 </phi>
	</solution>
	<krylov_iteration>
		<max_iterations>200</max_iterations>
		<source_iterations>0</source_iterations>
		<total_iterations>23</total_iterations>
		<tolerance>1.00000001169e-07</tolerance>
	</krylov_iteration>
	<nuclear_data>
		<sigma_t data_order="group-cell">1 1 1 1 1 1 1 1 1 1 1 1 1 1 1 1 1 1 1 1 1 1 1 1 1 1 1 1 1 1 1 1 1 1 1 1 2 2 2 1 2 2 1 1 1 1 1 1 1 1 2 1 1 1 1 1 2 1 1 1 1 2 2 2 1 1 1 1 1 1 2 2 1 1 1 1 1 1 1 1 2 1 2 1 1 2 1 1 1 1 1 1 2 1 2 1 1 2 1 1 1 1 1 1 2 1 </sigma_t>
		<sigma_s data_order="group_from-group_to-moment-cell">0.84 0.84 0.84 0.84 0.84 0.84 0.84 0.84 0.84 0.84 0.84 0.84 0.84 0.84 0.84 0.84 0.84 0.84 0.84 0.84 0.84 0.84 0.84 0.84 0.84 0.84 0.84 0.84 0.84 0.84 0.84 0.84 0.84 0.84 0.84 0.84 0.84 0.84 0.84 0.84 0.84 0.84 0.84 0.84 0.84 0.84 0.84 0.84 0.84 0.84 0.84 0.84 0.84 0.84 0.84 0.84 0.84 0.84 0.84 0.84 0.84 0.84 0.84 0.84 0.84 0.84 0.84 0.84 0.84 0.84 0.84 0.84 0.84 0.84 0.84 0.84 0.84 0.84 0.84 0.84 0.84 0.84 0.84 0.84 0.84 0.84 0.84 0.84 0.84 0.84 0.84 0.84 0.84 0.84 0.84 0.84 0.84 0.84 0.84 0.84 0.84 0.84 0.84 0.84 0.84 0.84 </sigma_s>
		<nu data_order="group-cell">2.4 2.4 2.4 2.4 2.4 2.4 2.4 2.4 2.4 2.4 2.4 2.4 2.4 2.4 2.4 2.4 2.4 2.4 2.4 2.4 2.4 2.4 2.4 2.4 2.4 2.4 2.4 2.4 2.4 2.4 2.4 2.4 2.4 2.4 2.4 2.4 2.4 2.4 2.4 2.4 2.4 2.4 2.4 2.4 2.4 2.4 2.4 2.4 2.4 2.4 2.4 2.4 2.4 2.4 2.4 2.4 2.4 2.4 2.4 2.4 2.4 2.4 2.4 2.4 2.4 2.4 2.4 2.4 2.4 2.4 2.4 2.4 2.4 2.4 2.4 2.4 2.4 2.4 2.4 2.4 2.4 2.4 2.4 2.4 2.4 2.4 2.4 2.4 2.4 2.4 2.4 2.4 2.4 2.4 2.4 2.4 2.4 2.4 2.4 2.4 2.4 2.4 2.4 2.4 2.4 2.4 </nu>
		<sigma_f data_order="group-cell">0.07 0.07 0.07 0.07 0.07 0.07 0.07 0.07 0.07 0.07 0.07 0.07 0.07 0.07 0.07 0.07 0.07 0.07 0.07 0.07 0.07 0.07 0.07 0.07 0.07 0.07 0.07 0.07 0.07 0.07 0.07 0.07 0.07 0.07 0.07 0.07 0.07 0.07 0.07 0.07 0.07 0.07 0.07 0.07 0.07 0.07 0.07 0.07 0.07 0.07 0.07 0.07 0.07 0.07 0.07 0.07 0.07 0.07 0.07 0.07 0.07 0.07 0.07 0.07 0.07 0.07 0.07 0.07 0.07 0.07 0.07 0.07 0.07 0.07 0.07 0.07 0.07 0.07 0.07 0.07 0.07 0.07 0.07 0.07 0.07 0.07 0.07 0.07 0.07 0.07 0.07 0.07 0.07 0.07 0.07 0.07 0.07 0.07 0.07 0.07 0.07 0.07 0.07 0.07 0.07 0.07 </sigma_f>
		<chi data_order="group-cell">1 1 1 1 1 1 1 1 1 1 1 1 1 1 1 1 1 1 1 1 1 1 1 1 1 1 1 1 1 1 1 1 1 1 1 1 1 1 1 1 1 1 1 1 1 1 1 1 1 1 1 1 1 1 1 1 1 1 1 1 1 1 1 1 1 1 1 1 1 1 1 1 1 1 1 1 1 1 1 1 1 1 1 1 1 1 1 1 1 1 1 1 1 1 1 1 1 1 1 1 1 1 1 1 1 1 </chi>
	</nuclear_data>
	<source_data>
		<alpha data_order="boundary_cell">0 0 0 0 0 0 0 0 0 0 0 0 0 0 0 0 0 0 0 0 0 0 0 0 0 0 0 0 0 0 </alpha>
		<internal_source data_order="node-group-moment-cell">1 1 1 1 1 1 1 1 1 1 1 1 1 1 1 1 1 1 1 1 1 1 1 1 1 1 1 1 1 1 1 1 1 1 1 1 1 1 1 1 1 1 1 1 1 1 1 1 1 1 1 1 1 1 1 1 1 1 1 1 1 1 1 1 1 1 1 1 1 1 1 1 1 1 1 1 1 1 1 1 1 1 1 1 1 1 1 1 1 1 1 1 1 1 1 1 1 1 1 1 1 1 1 1 1 1 </internal_source>
		<boundary_source data_order="group-ordinate-boundary_cell">0 0 0 0 0 0 0 0 0 0 0 0 0 0 0 0 0 0 0 0 0 0 0 0 0 0 0 0 0 0 0 0 0 0 0 0 0 0 0 0 0 0 0 0 0 0 0 0 0 0 0 0 0 0 0 0 0 0 0 0 0 0 0 0 0 0 0 0 0 0 0 0 0 0 0 0 0 0 0 0 0 0 0 0 0 0 0 0 0 0 0 0 0 0 0 0 0 0 0 0 0 0 0 0 0 0 0 0 0 0 0 0 0 0 0 0 0 0 0 0 0 0 0 0 0 0 0 0 0 0 0 0 0 0 0 0 0 0 0 0 0 0 0 0 0 0 0 0 0 0 0 0 0 0 0 0 0 0 0 0 0 0 0 0 0 0 0 0 0 0 0 0 0 0 0 0 0 0 0 0 0 0 0 0 0 0 0 0 0 0 0 0 0 0 0 0 0 0 0 0 0 0 0 0 0 0 0 0 0 0 0 0 0 0 0 0 0 0 0 0 0 0 0 0 0 0 0 0 0 0 0 0 0 0 0 0 0 0 0 0 0 0 0 0 0 0 0 0 0 0 0 0 0 0 0 0 0 0 0 0 0 0 0 0 0 0 0 0 0 0 0 0 0 0 0 0 0 0 0 0 0 0 0 0 0 0 0 0 0 0 0 0 0 0 0 0 0 0 0 0 0 0 0 0 0 0 0 0 0 0 0 0 0 0 0 0 0 0 0 0 0 0 0 0 0 0 0 0 0 0 0 0 0 0 0 0 0 0 0 0 0 0 0 0 0 0 0 0 0 0 0 0 0 0 0 0 0 0 0 0 0 0 0 0 0 0 0 0 0 0 0 0 0 0 0 0 0 0 0 0 0 0 0 0 0 0 0 0 0 0 0 0 0 0 0 0 0 0 0 0 0 0 0 0 0 0 0 0 0 0 0 0 0 0 0 0 0 0 0 0 0 0 0 0 0 0 0 0 0 0 0 0 0 0 0 0 0 0 0 0 0 0 0 0 0 0 0 0 0 0 0 0 0 0 0 0 0 0 0 0 0 0 0 0 0 0 0 0 0 0 0 0 0 0 0 0 0 0 0 0 </boundary_source>
	</source_data>
	<rbf_mesh>
		<dimension>2</dimension>
		<number_of_points>106</number_of_points>
		<number_of_boundary_points>30</number_of_boundary_points>
		<number_of_internal_points>76</number_of_internal_points>
		<number_of_transition_points>0</number_of_transition_points>
		<number_of_materials>2</number_of_materials>
		<boundary_points data_order="point">0 1 2 3 4 5 6 7 8 9 10 11 12 13 14 15 16 17 18 19 20 21 22 23 24 25 26 27 28 29 </boundary_points>
		<internal_points data_order="point">30 31 32 33 34 35 36 37 38 39 40 41 42 43 44 45 46 47 48 49 50 51 52 53 54 55 56 57 58 59 60 61 62 63 64 65 66 67 68 69 70 71 72 73 74 75 76 77 78 79 80 81 82 83 84 85 86 87 88 89 90 91 92 93 94 95 96 97 98 99 100 101 102 103 104 105 </internal_points>
		<transition_points data_order="point"></transition_points>
		<material data_order="point">1 1 1 1 1 1 1 1 1 1 1 1 1 1 1 1 1 1 1 1 1 1 1 1 1 1 1 1 1 1 1 1 1 1 1 1 0 0 0 1 0 0 1 1 1 1 1 1 1 1 0 1 1 1 1 1 0 1 1 1 1 0 0 0 1 1 1 1 1 1 0 0 1 1 1 1 1 1 1 1 0 1 0 1 1 0 1 1 1 1 1 1 0 1 0 1 1 0 1 1 1 1 1 1 0 1 </material>
		<boundary_normal data_order="point-dimension">1 0 1 0 -1 0 0 -1 0 1 -1 0 0 -1 -1 0 0 1 -1 0 0 -1 0 -1 1 0 0 -1 1 0 0 1 -1 0 0 -1 -1 0 0 1 1 0 1 0 0 1 0 1 -1 0 0 -1 -1 0 1 0 1 0 1 0 </boundary_normal>
		<transition_normal data_order="point-dimension"></transition_normal>
		<point_positions data_order="dimension-point">2 1.9616648458 2 -0.15648654335 -2 1.84845963098 1.78762835569 -2 0.652015578856 2 -2 -0.734163728385 -1.67681454853 -2 -2 -0.233645513644 1.34835321686 2 -2 0.160007771565 -0.533499398219 -2 0.799844850733 -2 2 1.13783714398 0.116701990604 -2 2 -1.16098291316 -1.60329716456 2 -2 1.22143560438 1.32659235675 -2 -2 0.640173441003 -0.979736343472 2 2 -0.628025686004 2 0.566835354663 -0.482175346368 2 -0.0434790305956 2 -2 -1.61151646293 -1.19803789935 -2 -2 -1.18771565648 2 -1.65876912504 2 0.21348848091 2 1.51729187267 -0.888723891723 -0.795076371255 -0.176481367619 -1.0934399041 -0.948040258936 -1.2471515985 1.18848190838 1.36418101701 -1.24633032594 -1.52357631254 -1.18182555341 1.49724505008 0.0465041290078 0.609037404423 -0.309510745469 -0.303287263028 0.694338664054 -0.0761122027089 -0.238125339844 -1.56229926305 0.491879485891 -0.8624212971 -0.775000420626 0.0719021126156 -1.09815969195 0.449511254501 -0.718541431553 -1.54967815374 1.31479514535 0.566521674678 1.2191136236 0.0847933203929 0.957931322501 -1.51403118098 -0.671281642346 1.57162868637 -1.36357615196 1.15763403109 -1.58938859032 -0.55749295442 0.77215990869 0.41000996565 -1.61474336395 0.850326326407 -0.831904895015 1.19016558421 -1.7005541436 1.47159416531 1.05879042759 -0.447609886072 0.484463818753 1.17412497518 0.455682170623 -0.47636474004 -0.60318055567 0.918223578813 1.23519928351 -1.18198835992 -1.58766563768 -1.30520776092 1.61091111532 -0.0569126935785 0.0283961989597 -0.534126559904 -0.347884287106 0.41455272823 -0.0850077512783 0.974393946836 0.74080744678 -1.19525683293 -0.582614065738 -1.09648019474 1.45356008938 -0.656427351531 0.777196371804 1.57086017271 -1.231354785 -0.917883002927 -1.1641655889 -0.405602123238 0.408290777984 0.701616387352 0.398061165242 0.151233477571 0.223807282821 1.5027847101 0.138057238442 -1.26367056433 -1.42557170474 -0.170847847645 1.68415734726 -1.48603219726 1.57359900909 1.15608904814 0.497608774419 -1.70269703508 -1.4017332388 0.189068981592 1.61914804761 1.55553784594 -0.039803988158 0.0236465230905 1.57284500974 -1.04543429254 -0.69893466408 -0.42167726444 -0.375777714992 1.22892216513 0.926045196643 -0.856989888282 -0.406942660433 -0.659399040904 1.04081594467 0.838436790697 1.29904796725 -1.60999832762 -0.123762543857 1.58534138465 -0.973606139306 0.86991338143 -1.66712528686 0.468240758466 1.61228124715 0.319500157641 -0.756716439375 0.582789264948 1.59197291434 0.793424993153 -0.415523863725 0.0480443524866 1.04390624629 1.80302406242 -1.71256484905 -0.972479301581 0.130335394975 -0.912760626248 -1.57038770033 -1.65926735313 0.89755642792 1.16160388816 0.307149732922 1.88853667919 0.130024686682 -1.62399732965 1.70736334251 -0.409385731296 -0.866383972298 -1.86994289698 0.250908571853 -0.180887614262 -1.28838611324 1.83064969861 </point_positions>
		<shape_parameter data_order="dimension-point">4.11146569419 4.11146569419 5.8702813947 5.8702813947 4.43565071675 4.43565071675 4.90183258155 4.90183258155 5.44843338348 5.44843338348 5.33777650789 5.33777650789 5.07052748382 5.07052748382 4.79845245003 4.79845245003 4.42753502248 4.42753502248 5.12246743038 5.12246743038 4.95522757298 4.95522757298 4.65200541393 4.65200541393 5.07387275207 5.07387275207 4.77899677981 4.77899677981 4.87973097794 4.87973097794 5.15345731696 5.15345731696 4.5141460626 4.5141460626 4.93197998735 4.93197998735 5.25637198308 5.25637198308 4.93652344075 4.93652344075 4.9642637085 4.9642637085 5.31266512594 5.31266512594 4.84153674779 4.84153674779 5.53306766441 5.53306766441 4.99486399272 4.99486399272 5.17549196614 5.17549196614 5.61223803504 5.61223803504 5.39811329613 5.39811329613 6.04298073292 6.04298073292 5.63569301721 5.63569301721 5.60858011876 5.60858011876 6.0722023968 6.0722023968 5.75454481412 5.75454481412 5.42895196224 5.42895196224 5.84590538 5.84590538 5.66306856727 5.66306856727 5.65966942711 5.65966942711 5.94821559485 5.94821559485 5.25057772508 5.25057772508 5.12633767123 5.12633767123 5.81988930918 5.81988930918 5.0122163848 5.0122163848 5.64323829147 5.64323829147 5.64029085153 5.64029085153 6.01295846826 6.01295846826 4.97924006432 4.97924006432 5.79889050031 5.79889050031 5.09488532513 5.09488532513 5.47218105544 5.47218105544 5.23155740664 5.23155740664 4.81078634946 4.81078634946 5.5673890805 5.5673890805 6.0744502143 6.0744502143 5.10469708461 5.10469708461 4.86625458931 4.86625458931 5.18543200018 5.18543200018 5.77043602952 5.77043602952 6.19416915533 6.19416915533 5.53050107803 5.53050107803 6.0981697782 6.0981697782 5.94678493232 5.94678493232 5.57914464903 5.57914464903 5.42037246184 5.42037246184 5.24712390653 5.24712390653 5.72880209735 5.72880209735 5.52394764517 5.52394764517 5.63070652828 5.63070652828 5.54100348797 5.54100348797 5.30152211128 5.30152211128 5.36112947028 5.36112947028 5.15795305944 5.15795305944 5.70665170972 5.70665170972 5.8051826997 5.8051826997 6.36072554779 6.36072554779 6.0072438382 6.0072438382 5.58389365418 5.58389365418 5.70489902046 5.70489902046 5.29981519252 5.29981519252 5.93431795853 5.93431795853 5.41371137797 5.41371137797 5.88341878786 5.88341878786 5.60313620197 5.60313620197 5.65530460272 5.65530460272 5.6292433966 5.6292433966 5.43900422574 5.43900422574 5.6726736104 5.6726736104 5.46097590003 5.46097590003 5.913547468 5.913547468 5.59157586887 5.59157586887 6.27538567835 6.27538567835 5.93625906706 5.93625906706 5.83670440546 5.83670440546 6.20850712166 6.20850712166 5.72362530868 5.72362530868 6.18214006905 6.18214006905 5.88834959523 5.88834959523 6.25075085271 6.25075085271 6.34274785622 6.34274785622 6.39839130927 6.39839130927 6.06446329905 6.06446329905 6.04442780361 6.04442780361 6.1282519852 6.1282519852 6.2678091649 6.2678091649 6.37674813348 6.37674813348 6.30672880514 6.30672880514 6.41729870933 6.41729870933 </shape_parameter>
	</rbf_mesh>
	<ldfe_ordinates>
		<dimension>2</dimension>
		<rule>1</rule>
		<number_of_moments>1</number_of_moments>
		<number_of_ordinates>16</number_of_ordinates>
		<ordinates data_order="dimension-ordinate">-0.209769106511 -0.209769106511 -0.209769106511 0.209769106511 0.209769106511 -0.209769106511 0.209769106511 0.209769106511 -0.95498368777 -0.209769106511 -0.95498368777 0.209769106511 0.95498368777 -0.209769106511 0.95498368777 0.209769106511 -0.209769106511 -0.95498368777 -0.209769106511 0.95498368777 0.209769106511 -0.95498368777 0.209769106511 0.95498368777 -0.57735026919 -0.57735026919 -0.57735026919 0.57735026919 0.57735026919 -0.57735026919 0.57735026919 0.57735026919 </ordinates>
		<weights data_order="ordinate">0.339836909454 0.339836909454 0.339836909454 0.339836909454 0.339836909454 0.339836909454 0.339836909454 0.339836909454 0.339836909454 0.339836909454 0.339836909454 0.339836909454 0.551285598432 0.551285598432 0.551285598432 0.551285598432 </weights>
		<mu data_order="ordinate">-0.209769106511 -0.209769106511 0.209769106511 0.209769106511 -0.95498368777 -0.95498368777 0.95498368777 0.95498368777 -0.209769106511 -0.209769106511 0.209769106511 0.209769106511 -0.57735026919 -0.57735026919 0.57735026919 0.57735026919 </mu>
		<eta data_order="ordinate">-0.209769106511 0.209769106511 -0.209769106511 0.209769106511 -0.209769106511 0.209769106511 -0.209769106511 0.209769106511 -0.95498368777 0.95498368777 -0.95498368777 0.95498368777 -0.57735026919 0.57735026919 -0.57735026919 0.57735026919 </eta>
		<xi data_order="ordinate">0.95498368777 0.95498368777 0.95498368777 0.95498368777 0.209769106511 0.209769106511 0.209769106511 0.209769106511 0.209769106511 0.209769106511 0.209769106511 0.209769106511 0.57735026919 0.57735026919 0.57735026919 0.57735026919 </xi>
		<weights data_order="ordinate">0.339836909454 0.339836909454 0.339836909454 0.339836909454 0.339836909454 0.339836909454 0.339836909454 0.339836909454 0.339836909454 0.339836909454 0.339836909454 0.339836909454 0.551285598432 0.551285598432 0.551285598432 0.551285598432 </weights>
	</ldfe_ordinates>
	<energy_discretization>
		<number_of_groups>1</number_of_groups>
		<energy_bounds data_order="group_bound">0 0 </energy_bounds>
	</energy_discretization>
</output>
