<?xml version="1.0"?>
<output>
	<solution>
		<time>0.472665051</time>
		<k_eigenvalue>0.284619403872</k_eigenvalue>
		<phi data_order="node-group-moment-cell">-0.0280859014318 -0.0716495468842 -0.0341515045926 -0.0325758257046 -0.0664212633849 -0.0474065816953 -0.0343675226406 -0.047266911142 -0.045909769838 -0.0445786724178 -0.046497510488 -0.0534791148481 -0.0549957879915 -0.0494302252896 -0.0592920868944 -0.0361807338624 -0.0376824911256 -0.0486161968524 -0.0442356316227 -0.0543788502279 -0.0689456282836 -0.0650275370638 -0.0683356859755 -0.075934584563 -0.0366834008136 -0.0408724584347 -0.0430809391835 -0.0384034196465 -0.0701943924075 -0.0442976527596 -0.119515717221 -0.104197724055 -0.100046853478 -0.142754543938 -0.102006210621 -0.116180551628 -0.0472767490987 -0.0472504678242 -0.0618067871323 -0.0802421375596 -0.0746325793625 -0.056782179745 -0.138307959634 -0.0795174268671 -0.14317432172 -0.175108631138 -0.11480373611 -0.142605756882 -0.101854854621 -0.0747920685797 -0.069584719277 -0.0598689359374 -0.130456442059 -0.0475607523017 -0.173576343336 -0.169618205008 -0.0615767905972 -0.143799656132 -0.142082014384 -0.070891010921 -0.124377580117 -0.0520068976655 -0.0543623324903 -0.0633736734022 -0.145335955933 -0.109664443756 -0.148595136219 -0.126118122053 -0.0980601500657 -0.0941377662039 -0.073666372642 -0.0643939461584 -0.149948517337 -0.108461238019 -0.104815213956 -0.0728063089445 -0.0877417235245 -0.0852211000069 -0.0955114146185 -0.0709207193254 -0.0273383434889 -0.136114906645 -0.0527584101111 -0.131958126767 -0.163013611676 -0.0506092240451 -0.162929158377 -0.0964524735216 -0.179829652267 -0.134814832275 -0.0663491009125 -0.133627396314 -0.0715310239437 -0.108288589311 -0.0494216671007 -0.0887463387943 -0.0925974987566 -0.0637670166375 -0.0600979891457 -0.151256535712 -0.0826555327335 -0.0865216592765 -0.134334784146 -0.0482555895452 -0.0439122779507 -0.0542860930291 </phi>
	</solution>
	<krylov_iteration>
		<max_iterations>200</max_iterations>
		<source_iterations>0</source_iterations>
		<total_iterations>17</total_iterations>
		<tolerance>1.00000001169e-07</tolerance>
	</krylov_iteration>
	<nuclear_data>
		<sigma_t data_order="group-cell">1 1 1 1 1 1 1 1 1 1 1 1 1 1 1 1 1 1 1 1 1 1 1 1 1 1 1 1 1 1 1 1 1 1 1 1 2 2 2 1 2 2 1 1 1 1 1 1 1 1 2 1 1 1 1 1 2 1 1 1 1 2 2 2 1 1 1 1 1 1 2 2 1 1 1 1 1 1 1 1 2 1 2 1 1 2 1 1 1 1 1 1 2 1 2 1 1 2 1 1 1 1 1 1 2 1 </sigma_t>
		<sigma_s data_order="group_from-group_to-moment-cell">0.84 0.84 0.84 0.84 0.84 0.84 0.84 0.84 0.84 0.84 0.84 0.84 0.84 0.84 0.84 0.84 0.84 0.84 0.84 0.84 0.84 0.84 0.84 0.84 0.84 0.84 0.84 0.84 0.84 0.84 0.84 0.84 0.84 0.84 0.84 0.84 0.84 0.84 0.84 0.84 0.84 0.84 0.84 0.84 0.84 0.84 0.84 0.84 0.84 0.84 0.84 0.84 0.84 0.84 0.84 0.84 0.84 0.84 0.84 0.84 0.84 0.84 0.84 0.84 0.84 0.84 0.84 0.84 0.84 0.84 0.84 0.84 0.84 0.84 0.84 0.84 0.84 0.84 0.84 0.84 0.84 0.84 0.84 0.84 0.84 0.84 0.84 0.84 0.84 0.84 0.84 0.84 0.84 0.84 0.84 0.84 0.84 0.84 0.84 0.84 0.84 0.84 0.84 0.84 0.84 0.84 </sigma_s>
		<nu data_order="group-cell">2.4 2.4 2.4 2.4 2.4 2.4 2.4 2.4 2.4 2.4 2.4 2.4 2.4 2.4 2.4 2.4 2.4 2.4 2.4 2.4 2.4 2.4 2.4 2.4 2.4 2.4 2.4 2.4 2.4 2.4 2.4 2.4 2.4 2.4 2.4 2.4 2.4 2.4 2.4 2.4 2.4 2.4 2.4 2.4 2.4 2.4 2.4 2.4 2.4 2.4 2.4 2.4 2.4 2.4 2.4 2.4 2.4 2.4 2.4 2.4 2.4 2.4 2.4 2.4 2.4 2.4 2.4 2.4 2.4 2.4 2.4 2.4 2.4 2.4 2.4 2.4 2.4 2.4 2.4 2.4 2.4 2.4 2.4 2.4 2.4 2.4 2.4 2.4 2.4 2.4 2.4 2.4 2.4 2.4 2.4 2.4 2.4 2.4 2.4 2.4 2.4 2.4 2.4 2.4 2.4 2.4 </nu>
		<sigma_f data_order="group-cell">0.07 0.07 0.07 0.07 0.07 0.07 0.07 0.07 0.07 0.07 0.07 0.07 0.07 0.07 0.07 0.07 0.07 0.07 0.07 0.07 0.07 0.07 0.07 0.07 0.07 0.07 0.07 0.07 0.07 0.07 0.07 0.07 0.07 0.07 0.07 0.07 0.07 0.07 0.07 0.07 0.07 0.07 0.07 0.07 0.07 0.07 0.07 0.07 0.07 0.07 0.07 0.07 0.07 0.07 0.07 0.07 0.07 0.07 0.07 0.07 0.07 0.07 0.07 0.07 0.07 0.07 0.07 0.07 0.07 0.07 0.07 0.07 0.07 0.07 0.07 0.07 0.07 0.07 0.07 0.07 0.07 0.07 0.07 0.07 0.07 0.07 0.07 0.07 0.07 0.07 0.07 0.07 0.07 0.07 0.07 0.07 0.07 0.07 0.07 0.07 0.07 0.07 0.07 0.07 0.07 0.07 </sigma_f>
		<chi data_order="group-cell">1 1 1 1 1 1 1 1 1 1 1 1 1 1 1 1 1 1 1 1 1 1 1 1 1 1 1 1 1 1 1 1 1 1 1 1 1 1 1 1 1 1 1 1 1 1 1 1 1 1 1 1 1 1 1 1 1 1 1 1 1 1 1 1 1 1 1 1 1 1 1 1 1 1 1 1 1 1 1 1 1 1 1 1 1 1 1 1 1 1 1 1 1 1 1 1 1 1 1 1 1 1 1 1 1 1 </chi>
	</nuclear_data>
	<source_data>
		<alpha data_order="boundary_cell">0 0 0 0 0 0 0 0 0 0 0 0 0 0 0 0 0 0 0 0 0 0 0 0 0 0 0 0 0 0 </alpha>
		<internal_source data_order="node-group-moment-cell">1 1 1 1 1 1 1 1 1 1 1 1 1 1 1 1 1 1 1 1 1 1 1 1 1 1 1 1 1 1 1 1 1 1 1 1 1 1 1 1 1 1 1 1 1 1 1 1 1 1 1 1 1 1 1 1 1 1 1 1 1 1 1 1 1 1 1 1 1 1 1 1 1 1 1 1 1 1 1 1 1 1 1 1 1 1 1 1 1 1 1 1 1 1 1 1 1 1 1 1 1 1 1 1 1 1 </internal_source>
		<boundary_source data_order="group-ordinate-boundary_cell">0 0 0 0 0 0 0 0 0 0 0 0 0 0 0 0 0 0 0 0 0 0 0 0 0 0 0 0 0 0 0 0 0 0 0 0 0 0 0 0 0 0 0 0 0 0 0 0 0 0 0 0 0 0 0 0 0 0 0 0 0 0 0 0 0 0 0 0 0 0 0 0 0 0 0 0 0 0 0 0 0 0 0 0 0 0 0 0 0 0 0 0 0 0 0 0 0 0 0 0 0 0 0 0 0 0 0 0 0 0 0 0 0 0 0 0 0 0 0 0 0 0 0 0 0 0 0 0 0 0 0 0 0 0 0 0 0 0 0 0 0 0 0 0 0 0 0 0 0 0 0 0 0 0 0 0 0 0 0 0 0 0 0 0 0 0 0 0 0 0 0 0 0 0 0 0 0 0 0 0 0 0 0 0 0 0 0 0 0 0 0 0 0 0 0 0 0 0 0 0 0 0 0 0 0 0 0 0 0 0 0 0 0 0 0 0 0 0 0 0 0 0 0 0 0 0 0 0 0 0 0 0 0 0 0 0 0 0 0 0 0 0 0 0 0 0 0 0 0 0 0 0 0 0 0 0 0 0 0 0 0 0 0 0 0 0 0 0 0 0 0 0 0 0 0 0 0 0 0 0 0 0 0 0 0 0 0 0 0 0 0 0 0 0 0 0 0 0 0 0 0 0 0 0 0 0 0 0 0 0 0 0 0 0 0 0 0 0 0 0 0 0 0 0 0 0 0 0 0 0 0 0 0 0 0 0 0 0 0 0 0 0 0 0 0 0 0 0 0 0 0 0 0 0 0 0 0 0 0 0 0 0 0 0 0 0 0 0 0 0 0 0 0 0 0 0 0 0 0 0 0 0 0 0 0 0 0 0 0 0 0 0 0 0 0 0 0 0 0 0 0 0 0 0 0 0 0 0 0 0 0 0 0 0 0 0 0 0 0 0 0 0 0 0 0 0 0 0 0 0 0 0 0 0 0 0 0 0 0 0 0 0 0 0 0 0 0 0 0 0 0 0 0 0 0 0 0 0 0 0 0 0 0 0 0 0 0 0 0 0 0 0 0 0 0 0 0 0 0 0 </boundary_source>
	</source_data>
	<rbf_mesh>
		<dimension>2</dimension>
		<number_of_points>106</number_of_points>
		<number_of_boundary_points>30</number_of_boundary_points>
		<number_of_internal_points>76</number_of_internal_points>
		<number_of_transition_points>0</number_of_transition_points>
		<number_of_materials>2</number_of_materials>
		<boundary_points data_order="point">0 1 2 3 4 5 6 7 8 9 10 11 12 13 14 15 16 17 18 19 20 21 22 23 24 25 26 27 28 29 </boundary_points>
		<internal_points data_order="point">30 31 32 33 34 35 36 37 38 39 40 41 42 43 44 45 46 47 48 49 50 51 52 53 54 55 56 57 58 59 60 61 62 63 64 65 66 67 68 69 70 71 72 73 74 75 76 77 78 79 80 81 82 83 84 85 86 87 88 89 90 91 92 93 94 95 96 97 98 99 100 101 102 103 104 105 </internal_points>
		<transition_points data_order="point"></transition_points>
		<material data_order="point">1 1 1 1 1 1 1 1 1 1 1 1 1 1 1 1 1 1 1 1 1 1 1 1 1 1 1 1 1 1 1 1 1 1 1 1 0 0 0 1 0 0 1 1 1 1 1 1 1 1 0 1 1 1 1 1 0 1 1 1 1 0 0 0 1 1 1 1 1 1 0 0 1 1 1 1 1 1 1 1 0 1 0 1 1 0 1 1 1 1 1 1 0 1 0 1 1 0 1 1 1 1 1 1 0 1 </material>
		<boundary_normal data_order="point-dimension">1 0 1 0 -1 0 0 -1 0 1 -1 0 0 -1 -1 0 0 1 -1 0 0 -1 0 -1 1 0 0 -1 1 0 0 1 -1 0 0 -1 -1 0 0 1 1 0 1 0 0 1 0 1 -1 0 0 -1 -1 0 1 0 1 0 1 0 </boundary_normal>
		<transition_normal data_order="point-dimension"></transition_normal>
		<point_positions data_order="dimension-point">2 1.9616648458 2 -0.15648654335 -2 1.84845963098 1.78762835569 -2 0.652015578856 2 -2 -0.734163728385 -1.67681454853 -2 -2 -0.233645513644 1.34835321686 2 -2 0.160007771565 -0.533499398219 -2 0.799844850733 -2 2 1.13783714398 0.116701990604 -2 2 -1.16098291316 -1.60329716456 2 -2 1.22143560438 1.32659235675 -2 -2 0.640173441003 -0.979736343472 2 2 -0.628025686004 2 0.566835354663 -0.482175346368 2 -0.0434790305956 2 -2 -1.61151646293 -1.19803789935 -2 -2 -1.18771565648 2 -1.65876912504 2 0.21348848091 2 1.51729187267 -0.888723891723 -0.795076371255 -0.176481367619 -1.0934399041 -0.948040258936 -1.2471515985 1.18848190838 1.36418101701 -1.24633032594 -1.52357631254 -1.18182555341 1.49724505008 0.0465041290078 0.609037404423 -0.309510745469 -0.303287263028 0.694338664054 -0.0761122027089 -0.238125339844 -1.56229926305 0.491879485891 -0.8624212971 -0.775000420626 0.0719021126156 -1.09815969195 0.449511254501 -0.718541431553 -1.54967815374 1.31479514535 0.566521674678 1.2191136236 0.0847933203929 0.957931322501 -1.51403118098 -0.671281642346 1.57162868637 -1.36357615196 1.15763403109 -1.58938859032 -0.55749295442 0.77215990869 0.41000996565 -1.61474336395 0.850326326407 -0.831904895015 1.19016558421 -1.7005541436 1.47159416531 1.05879042759 -0.447609886072 0.484463818753 1.17412497518 0.455682170623 -0.47636474004 -0.60318055567 0.918223578813 1.23519928351 -1.18198835992 -1.58766563768 -1.30520776092 1.61091111532 -0.0569126935785 0.0283961989597 -0.534126559904 -0.347884287106 0.41455272823 -0.0850077512783 0.974393946836 0.74080744678 -1.19525683293 -0.582614065738 -1.09648019474 1.45356008938 -0.656427351531 0.777196371804 1.57086017271 -1.231354785 -0.917883002927 -1.1641655889 -0.405602123238 0.408290777984 0.701616387352 0.398061165242 0.151233477571 0.223807282821 1.5027847101 0.138057238442 -1.26367056433 -1.42557170474 -0.170847847645 1.68415734726 -1.48603219726 1.57359900909 1.15608904814 0.497608774419 -1.70269703508 -1.4017332388 0.189068981592 1.61914804761 1.55553784594 -0.039803988158 0.0236465230905 1.57284500974 -1.04543429254 -0.69893466408 -0.42167726444 -0.375777714992 1.22892216513 0.926045196643 -0.856989888282 -0.406942660433 -0.659399040904 1.04081594467 0.838436790697 1.29904796725 -1.60999832762 -0.123762543857 1.58534138465 -0.973606139306 0.86991338143 -1.66712528686 0.468240758466 1.61228124715 0.319500157641 -0.756716439375 0.582789264948 1.59197291434 0.793424993153 -0.415523863725 0.0480443524866 1.04390624629 1.80302406242 -1.71256484905 -0.972479301581 0.130335394975 -0.912760626248 -1.57038770033 -1.65926735313 0.89755642792 1.16160388816 0.307149732922 1.88853667919 0.130024686682 -1.62399732965 1.70736334251 -0.409385731296 -0.866383972298 -1.86994289698 0.250908571853 -0.180887614262 -1.28838611324 1.83064969861 </point_positions>
		<shape_parameter data_order="dimension-point">1.692956386 1.692956386 2.41717458297 2.41717458297 1.82644433045 1.82644433045 2.01840156024 2.01840156024 2.24347246854 2.24347246854 2.19790787476 2.19790787476 2.08786416392 2.08786416392 1.97583327271 1.97583327271 1.82310257413 1.82310257413 2.10925119978 2.10925119978 2.04038773219 2.04038773219 1.91553155468 1.91553155468 2.08924162726 2.08924162726 1.96782211474 1.96782211474 2.00930090034 2.00930090034 2.12201174074 2.12201174074 1.85876594199 1.85876594199 2.03081519736 2.03081519736 2.16438836605 2.16438836605 2.03268603103 2.03268603103 2.04410849371 2.04410849371 2.18756789442 2.18756789442 1.9935738651 1.9935738651 2.27832187676 2.27832187676 2.05670861017 2.05670861017 2.13108483117 2.13108483117 2.31092143967 2.31092143967 2.2227524335 2.2227524335 2.48828607198 2.48828607198 2.32057937307 2.32057937307 2.30941523891 2.30941523891 2.50031852127 2.50031852127 2.36951834606 2.36951834606 2.23545070721 2.23545070721 2.4071374009 2.4071374009 2.33185165788 2.33185165788 2.33045201199 2.33045201199 2.44926513453 2.44926513453 2.16200249522 2.16200249522 2.11084482829 2.11084482829 2.39642490163 2.39642490163 2.06385371247 2.06385371247 2.32368625056 2.32368625056 2.32247259888 2.32247259888 2.47592396355 2.47592396355 2.05027522818 2.05027522818 2.38777833366 2.38777833366 2.09789386284 2.09789386284 2.25325092126 2.25325092126 2.15417059974 2.15417059974 1.98091193695 1.98091193695 2.29245422392 2.29245422392 2.50124409313 2.50124409313 2.10193399891 2.10193399891 2.00375179939 2.00375179939 2.13517778617 2.13517778617 2.3760617874 2.3760617874 2.55054012545 2.55054012545 2.27726504712 2.27726504712 2.51101097195 2.51101097195 2.44867603822 2.44867603822 2.29729475192 2.29729475192 2.23191797191 2.23191797191 2.1605803347 2.1605803347 2.35891840433 2.35891840433 2.27456657489 2.27456657489 2.31852611301 2.31852611301 2.28158956866 2.28158956866 2.18297959447 2.18297959447 2.20752380002 2.20752380002 2.12386292873 2.12386292873 2.3497976569 2.3497976569 2.39036923918 2.39036923918 2.61912216632 2.61912216632 2.47357088069 2.47357088069 2.29925022454 2.29925022454 2.34907596135 2.34907596135 2.1822767456 2.1822767456 2.44354257865 2.44354257865 2.22917517279 2.22917517279 2.42258409756 2.42258409756 2.30717362622 2.30717362622 2.32865473144 2.32865473144 2.31792364705 2.31792364705 2.23958987435 2.23958987435 2.33580667546 2.33580667546 2.24863703394 2.24863703394 2.43499002411 2.43499002411 2.30241348927 2.30241348927 2.58398222166 2.58398222166 2.4443418586 2.4443418586 2.40334876449 2.40334876449 2.55644399368 2.55644399368 2.35678678557 2.35678678557 2.5455869725 2.5455869725 2.42461442991 2.42461442991 2.57383847038 2.57383847038 2.61171958777 2.61171958777 2.63463159681 2.63463159681 2.4971318341 2.4971318341 2.48888192458 2.48888192458 2.52339776251 2.52339776251 2.58086248097 2.58086248097 2.6257197013 2.6257197013 2.59688821446 2.59688821446 2.64241699649 2.64241699649 </shape_parameter>
	</rbf_mesh>
	<ldfe_ordinates>
		<dimension>2</dimension>
		<rule>1</rule>
		<number_of_moments>1</number_of_moments>
		<number_of_ordinates>16</number_of_ordinates>
		<ordinates data_order="dimension-ordinate">-0.209769106511 -0.209769106511 -0.209769106511 0.209769106511 0.209769106511 -0.209769106511 0.209769106511 0.209769106511 -0.95498368777 -0.209769106511 -0.95498368777 0.209769106511 0.95498368777 -0.209769106511 0.95498368777 0.209769106511 -0.209769106511 -0.95498368777 -0.209769106511 0.95498368777 0.209769106511 -0.95498368777 0.209769106511 0.95498368777 -0.57735026919 -0.57735026919 -0.57735026919 0.57735026919 0.57735026919 -0.57735026919 0.57735026919 0.57735026919 </ordinates>
		<weights data_order="ordinate">0.339836909454 0.339836909454 0.339836909454 0.339836909454 0.339836909454 0.339836909454 0.339836909454 0.339836909454 0.339836909454 0.339836909454 0.339836909454 0.339836909454 0.551285598432 0.551285598432 0.551285598432 0.551285598432 </weights>
		<mu data_order="ordinate">-0.209769106511 -0.209769106511 0.209769106511 0.209769106511 -0.95498368777 -0.95498368777 0.95498368777 0.95498368777 -0.209769106511 -0.209769106511 0.209769106511 0.209769106511 -0.57735026919 -0.57735026919 0.57735026919 0.57735026919 </mu>
		<eta data_order="ordinate">-0.209769106511 0.209769106511 -0.209769106511 0.209769106511 -0.209769106511 0.209769106511 -0.209769106511 0.209769106511 -0.95498368777 0.95498368777 -0.95498368777 0.95498368777 -0.57735026919 0.57735026919 -0.57735026919 0.57735026919 </eta>
		<xi data_order="ordinate">0.95498368777 0.95498368777 0.95498368777 0.95498368777 0.209769106511 0.209769106511 0.209769106511 0.209769106511 0.209769106511 0.209769106511 0.209769106511 0.209769106511 0.57735026919 0.57735026919 0.57735026919 0.57735026919 </xi>
		<weights data_order="ordinate">0.339836909454 0.339836909454 0.339836909454 0.339836909454 0.339836909454 0.339836909454 0.339836909454 0.339836909454 0.339836909454 0.339836909454 0.339836909454 0.339836909454 0.551285598432 0.551285598432 0.551285598432 0.551285598432 </weights>
	</ldfe_ordinates>
	<energy_discretization>
		<number_of_groups>1</number_of_groups>
		<energy_bounds data_order="group_bound">0 0 </energy_bounds>
	</energy_discretization>
</output>
