<?xml version="1.0"?>
<output>
	<solution>
		<time>1.117968507</time>
		<k_eigenvalue>0.350840017493</k_eigenvalue>
		<phi data_order="node-group-moment-cell">-0.00104078411911 0.0350892939293 -0.0103501007111 0.0260922841165 0.031439648481 -0.0431371485957 -0.0320072754803 -0.00953988388953 0.0337614319002 -0.0268025080681 -0.0336398161895 -0.00119281233623 0.0253358855912 -0.0198454074279 0.0276389669561 -0.00571164838842 -0.0170475338507 -0.0108041932606 -0.00669535439055 0.00792956262401 0.0250286293384 0.0416720674632 0.0175538453798 0.0433079699653 0.0282001223839 -0.0151762010802 -0.0283073853127 0.0130912156279 0.0368616904091 0.0334879450658 0.00610259629164 -0.0966864331248 -0.176379309896 0.127446561031 0.0802162192309 0.0101007351102 -0.0220713692075 -0.0145612301794 0.0148157985685 -0.195994441857 -0.0234933355174 -0.0409297319732 0.213951612291 -0.0358819440708 0.0185802025491 0.226011115724 0.0821608473832 -0.00356679168849 0.106839064417 -0.365829184568 0.000689165992322 -0.166858312123 0.0610486075679 -0.138371071645 0.0158628500725 0.146077067229 0.00263357999297 0.174146463855 -0.0244977067196 -0.216579067108 0.02007216023 0.0375653620365 0.00267373365305 0.00362737409297 -0.0353694126499 0.0728352449728 0.0434319968528 0.121556493628 0.157012901324 -0.134387142558 0.0281398717333 0.0470767537724 -0.00456537601616 0.078481519804 0.114076700404 0.0759035207677 0.0110417694801 -0.190881022087 -0.150623526502 0.0881174898172 -0.00977600369348 0.109401217036 0.0275973084445 -0.100208381833 0.12391222964 -0.0276397713254 0.18730934805 0.00841666784152 0.285772754689 -0.139921536331 0.121464025268 0.11081038588 -0.0239919382675 0.118788802798 0.0157404591933 -0.0380387617715 0.0188895272135 0.000169888596472 -0.012366251656 0.0257229498411 -0.0157967709379 -0.0423191172049 0.115372580039 -0.18678082261 -0.00259031844092 0.108891357004 </phi>
	</solution>
	<krylov_iteration>
		<max_iterations>200</max_iterations>
		<source_iterations>0</source_iterations>
		<total_iterations>23</total_iterations>
		<tolerance>1.00000001169e-07</tolerance>
	</krylov_iteration>
	<nuclear_data>
		<sigma_t data_order="group-cell">1 1 1 1 1 1 1 1 1 1 1 1 1 1 1 1 1 1 1 1 1 1 1 1 1 1 1 1 1 1 1 1 1 1 1 1 2 2 2 1 2 2 1 1 1 1 1 1 1 1 2 1 1 1 1 1 2 1 1 1 1 2 2 2 1 1 1 1 1 1 2 2 1 1 1 1 1 1 1 1 2 1 2 1 1 2 1 1 1 1 1 1 2 1 2 1 1 2 1 1 1 1 1 1 2 1 </sigma_t>
		<sigma_s data_order="group_from-group_to-moment-cell">0.84 0.84 0.84 0.84 0.84 0.84 0.84 0.84 0.84 0.84 0.84 0.84 0.84 0.84 0.84 0.84 0.84 0.84 0.84 0.84 0.84 0.84 0.84 0.84 0.84 0.84 0.84 0.84 0.84 0.84 0.84 0.84 0.84 0.84 0.84 0.84 0.84 0.84 0.84 0.84 0.84 0.84 0.84 0.84 0.84 0.84 0.84 0.84 0.84 0.84 0.84 0.84 0.84 0.84 0.84 0.84 0.84 0.84 0.84 0.84 0.84 0.84 0.84 0.84 0.84 0.84 0.84 0.84 0.84 0.84 0.84 0.84 0.84 0.84 0.84 0.84 0.84 0.84 0.84 0.84 0.84 0.84 0.84 0.84 0.84 0.84 0.84 0.84 0.84 0.84 0.84 0.84 0.84 0.84 0.84 0.84 0.84 0.84 0.84 0.84 0.84 0.84 0.84 0.84 0.84 0.84 </sigma_s>
		<nu data_order="group-cell">2.4 2.4 2.4 2.4 2.4 2.4 2.4 2.4 2.4 2.4 2.4 2.4 2.4 2.4 2.4 2.4 2.4 2.4 2.4 2.4 2.4 2.4 2.4 2.4 2.4 2.4 2.4 2.4 2.4 2.4 2.4 2.4 2.4 2.4 2.4 2.4 2.4 2.4 2.4 2.4 2.4 2.4 2.4 2.4 2.4 2.4 2.4 2.4 2.4 2.4 2.4 2.4 2.4 2.4 2.4 2.4 2.4 2.4 2.4 2.4 2.4 2.4 2.4 2.4 2.4 2.4 2.4 2.4 2.4 2.4 2.4 2.4 2.4 2.4 2.4 2.4 2.4 2.4 2.4 2.4 2.4 2.4 2.4 2.4 2.4 2.4 2.4 2.4 2.4 2.4 2.4 2.4 2.4 2.4 2.4 2.4 2.4 2.4 2.4 2.4 2.4 2.4 2.4 2.4 2.4 2.4 </nu>
		<sigma_f data_order="group-cell">0.07 0.07 0.07 0.07 0.07 0.07 0.07 0.07 0.07 0.07 0.07 0.07 0.07 0.07 0.07 0.07 0.07 0.07 0.07 0.07 0.07 0.07 0.07 0.07 0.07 0.07 0.07 0.07 0.07 0.07 0.07 0.07 0.07 0.07 0.07 0.07 0.07 0.07 0.07 0.07 0.07 0.07 0.07 0.07 0.07 0.07 0.07 0.07 0.07 0.07 0.07 0.07 0.07 0.07 0.07 0.07 0.07 0.07 0.07 0.07 0.07 0.07 0.07 0.07 0.07 0.07 0.07 0.07 0.07 0.07 0.07 0.07 0.07 0.07 0.07 0.07 0.07 0.07 0.07 0.07 0.07 0.07 0.07 0.07 0.07 0.07 0.07 0.07 0.07 0.07 0.07 0.07 0.07 0.07 0.07 0.07 0.07 0.07 0.07 0.07 0.07 0.07 0.07 0.07 0.07 0.07 </sigma_f>
		<chi data_order="group-cell">1 1 1 1 1 1 1 1 1 1 1 1 1 1 1 1 1 1 1 1 1 1 1 1 1 1 1 1 1 1 1 1 1 1 1 1 1 1 1 1 1 1 1 1 1 1 1 1 1 1 1 1 1 1 1 1 1 1 1 1 1 1 1 1 1 1 1 1 1 1 1 1 1 1 1 1 1 1 1 1 1 1 1 1 1 1 1 1 1 1 1 1 1 1 1 1 1 1 1 1 1 1 1 1 1 1 </chi>
	</nuclear_data>
	<source_data>
		<alpha data_order="boundary_cell">0 0 0 0 0 0 0 0 0 0 0 0 0 0 0 0 0 0 0 0 0 0 0 0 0 0 0 0 0 0 </alpha>
		<internal_source data_order="node-group-moment-cell">1 1 1 1 1 1 1 1 1 1 1 1 1 1 1 1 1 1 1 1 1 1 1 1 1 1 1 1 1 1 1 1 1 1 1 1 1 1 1 1 1 1 1 1 1 1 1 1 1 1 1 1 1 1 1 1 1 1 1 1 1 1 1 1 1 1 1 1 1 1 1 1 1 1 1 1 1 1 1 1 1 1 1 1 1 1 1 1 1 1 1 1 1 1 1 1 1 1 1 1 1 1 1 1 1 1 </internal_source>
		<boundary_source data_order="group-ordinate-boundary_cell">0 0 0 0 0 0 0 0 0 0 0 0 0 0 0 0 0 0 0 0 0 0 0 0 0 0 0 0 0 0 0 0 0 0 0 0 0 0 0 0 0 0 0 0 0 0 0 0 0 0 0 0 0 0 0 0 0 0 0 0 0 0 0 0 0 0 0 0 0 0 0 0 0 0 0 0 0 0 0 0 0 0 0 0 0 0 0 0 0 0 0 0 0 0 0 0 0 0 0 0 0 0 0 0 0 0 0 0 0 0 0 0 0 0 0 0 0 0 0 0 0 0 0 0 0 0 0 0 0 0 0 0 0 0 0 0 0 0 0 0 0 0 0 0 0 0 0 0 0 0 0 0 0 0 0 0 0 0 0 0 0 0 0 0 0 0 0 0 0 0 0 0 0 0 0 0 0 0 0 0 0 0 0 0 0 0 0 0 0 0 0 0 0 0 0 0 0 0 0 0 0 0 0 0 0 0 0 0 0 0 0 0 0 0 0 0 0 0 0 0 0 0 0 0 0 0 0 0 0 0 0 0 0 0 0 0 0 0 0 0 0 0 0 0 0 0 0 0 0 0 0 0 0 0 0 0 0 0 0 0 0 0 0 0 0 0 0 0 0 0 0 0 0 0 0 0 0 0 0 0 0 0 0 0 0 0 0 0 0 0 0 0 0 0 0 0 0 0 0 0 0 0 0 0 0 0 0 0 0 0 0 0 0 0 0 0 0 0 0 0 0 0 0 0 0 0 0 0 0 0 0 0 0 0 0 0 0 0 0 0 0 0 0 0 0 0 0 0 0 0 0 0 0 0 0 0 0 0 0 0 0 0 0 0 0 0 0 0 0 0 0 0 0 0 0 0 0 0 0 0 0 0 0 0 0 0 0 0 0 0 0 0 0 0 0 0 0 0 0 0 0 0 0 0 0 0 0 0 0 0 0 0 0 0 0 0 0 0 0 0 0 0 0 0 0 0 0 0 0 0 0 0 0 0 0 0 0 0 0 0 0 0 0 0 0 0 0 0 0 0 0 0 0 0 0 0 0 0 0 0 0 0 0 0 0 0 0 0 0 0 0 0 0 0 0 0 0 0 0 0 </boundary_source>
	</source_data>
	<rbf_mesh>
		<dimension>2</dimension>
		<number_of_points>106</number_of_points>
		<number_of_boundary_points>30</number_of_boundary_points>
		<number_of_internal_points>76</number_of_internal_points>
		<number_of_transition_points>0</number_of_transition_points>
		<number_of_materials>2</number_of_materials>
		<boundary_points data_order="point">0 1 2 3 4 5 6 7 8 9 10 11 12 13 14 15 16 17 18 19 20 21 22 23 24 25 26 27 28 29 </boundary_points>
		<internal_points data_order="point">30 31 32 33 34 35 36 37 38 39 40 41 42 43 44 45 46 47 48 49 50 51 52 53 54 55 56 57 58 59 60 61 62 63 64 65 66 67 68 69 70 71 72 73 74 75 76 77 78 79 80 81 82 83 84 85 86 87 88 89 90 91 92 93 94 95 96 97 98 99 100 101 102 103 104 105 </internal_points>
		<transition_points data_order="point"></transition_points>
		<material data_order="point">1 1 1 1 1 1 1 1 1 1 1 1 1 1 1 1 1 1 1 1 1 1 1 1 1 1 1 1 1 1 1 1 1 1 1 1 0 0 0 1 0 0 1 1 1 1 1 1 1 1 0 1 1 1 1 1 0 1 1 1 1 0 0 0 1 1 1 1 1 1 0 0 1 1 1 1 1 1 1 1 0 1 0 1 1 0 1 1 1 1 1 1 0 1 0 1 1 0 1 1 1 1 1 1 0 1 </material>
		<boundary_normal data_order="point-dimension">1 0 1 0 -1 0 0 -1 0 1 -1 0 0 -1 -1 0 0 1 -1 0 0 -1 0 -1 1 0 0 -1 1 0 0 1 -1 0 0 -1 -1 0 0 1 1 0 1 0 0 1 0 1 -1 0 0 -1 -1 0 1 0 1 0 1 0 </boundary_normal>
		<transition_normal data_order="point-dimension"></transition_normal>
		<point_positions data_order="dimension-point">2 1.9616648458 2 -0.15648654335 -2 1.84845963098 1.78762835569 -2 0.652015578856 2 -2 -0.734163728385 -1.67681454853 -2 -2 -0.233645513644 1.34835321686 2 -2 0.160007771565 -0.533499398219 -2 0.799844850733 -2 2 1.13783714398 0.116701990604 -2 2 -1.16098291316 -1.60329716456 2 -2 1.22143560438 1.32659235675 -2 -2 0.640173441003 -0.979736343472 2 2 -0.628025686004 2 0.566835354663 -0.482175346368 2 -0.0434790305956 2 -2 -1.61151646293 -1.19803789935 -2 -2 -1.18771565648 2 -1.65876912504 2 0.21348848091 2 1.51729187267 -0.888723891723 -0.795076371255 -0.176481367619 -1.0934399041 -0.948040258936 -1.2471515985 1.18848190838 1.36418101701 -1.24633032594 -1.52357631254 -1.18182555341 1.49724505008 0.0465041290078 0.609037404423 -0.309510745469 -0.303287263028 0.694338664054 -0.0761122027089 -0.238125339844 -1.56229926305 0.491879485891 -0.8624212971 -0.775000420626 0.0719021126156 -1.09815969195 0.449511254501 -0.718541431553 -1.54967815374 1.31479514535 0.566521674678 1.2191136236 0.0847933203929 0.957931322501 -1.51403118098 -0.671281642346 1.57162868637 -1.36357615196 1.15763403109 -1.58938859032 -0.55749295442 0.77215990869 0.41000996565 -1.61474336395 0.850326326407 -0.831904895015 1.19016558421 -1.7005541436 1.47159416531 1.05879042759 -0.447609886072 0.484463818753 1.17412497518 0.455682170623 -0.47636474004 -0.60318055567 0.918223578813 1.23519928351 -1.18198835992 -1.58766563768 -1.30520776092 1.61091111532 -0.0569126935785 0.0283961989597 -0.534126559904 -0.347884287106 0.41455272823 -0.0850077512783 0.974393946836 0.74080744678 -1.19525683293 -0.582614065738 -1.09648019474 1.45356008938 -0.656427351531 0.777196371804 1.57086017271 -1.231354785 -0.917883002927 -1.1641655889 -0.405602123238 0.408290777984 0.701616387352 0.398061165242 0.151233477571 0.223807282821 1.5027847101 0.138057238442 -1.26367056433 -1.42557170474 -0.170847847645 1.68415734726 -1.48603219726 1.57359900909 1.15608904814 0.497608774419 -1.70269703508 -1.4017332388 0.189068981592 1.61914804761 1.55553784594 -0.039803988158 0.0236465230905 1.57284500974 -1.04543429254 -0.69893466408 -0.42167726444 -0.375777714992 1.22892216513 0.926045196643 -0.856989888282 -0.406942660433 -0.659399040904 1.04081594467 0.838436790697 1.29904796725 -1.60999832762 -0.123762543857 1.58534138465 -0.973606139306 0.86991338143 -1.66712528686 0.468240758466 1.61228124715 0.319500157641 -0.756716439375 0.582789264948 1.59197291434 0.793424993153 -0.415523863725 0.0480443524866 1.04390624629 1.80302406242 -1.71256484905 -0.972479301581 0.130335394975 -0.912760626248 -1.57038770033 -1.65926735313 0.89755642792 1.16160388816 0.307149732922 1.88853667919 0.130024686682 -1.62399732965 1.70736334251 -0.409385731296 -0.866383972298 -1.86994289698 0.250908571853 -0.180887614262 -1.28838611324 1.83064969861 </point_positions>
		<shape_parameter data_order="dimension-point">5.56257096196 5.56257096196 7.94214502893 7.94214502893 6.00117420639 6.00117420639 6.63189081623 6.63189081623 7.37140951218 7.37140951218 7.22169727604 7.22169727604 6.86012508464 6.86012508464 6.49202358629 6.49202358629 5.99019414997 5.99019414997 6.93039677361 6.93039677361 6.70413109523 6.70413109523 6.29388937064 6.29388937064 6.86465103558 6.86465103558 6.46570121022 6.46570121022 6.6019886481 6.6019886481 6.97232426518 6.97232426518 6.10737378677 6.10737378677 6.67267848091 6.67267848091 7.11156174784 7.11156174784 6.6788255058 6.6788255058 6.71635645445 6.71635645445 7.18772305506 7.18772305506 6.55031410395 6.55031410395 7.48591471021 7.48591471021 6.75775683697 6.75775683697 7.00213584791 7.00213584791 7.59302755936 7.59302755936 7.30332939732 7.30332939732 8.17579706337 8.17579706337 7.62476076899 7.62476076899 7.58807861405 7.58807861405 8.21533225374 8.21533225374 7.78556025108 7.78556025108 7.3450522965 7.3450522965 7.90916571653 7.90916571653 7.66179827608 7.66179827608 7.65719943962 7.65719943962 8.04758541223 8.04758541223 7.10372245799 7.10372245799 6.93563298157 6.93563298157 7.87396750479 7.87396750479 6.78123360158 6.78123360158 7.63496908072 7.63496908072 7.63098136806 7.63098136806 8.13517870727 8.13517870727 6.73661858194 6.73661858194 7.84555735299 7.84555735299 6.89307980951 6.89307980951 7.40353871386 7.40353871386 7.07798908723 7.07798908723 6.50871062588 6.50871062588 7.53234956501 7.53234956501 8.21837341844 8.21837341844 6.90635454228 6.90635454228 6.5837558879 6.5837558879 7.0155841286 7.0155841286 7.80706012969 7.80706012969 8.38034609546 8.38034609546 7.48244226997 7.48244226997 8.25046459156 8.25046459156 8.04564981008 8.04564981008 7.54825415694 7.54825415694 7.3334447377 7.3334447377 7.09904964489 7.09904964489 7.75073187126 7.75073187126 7.47357586124 7.47357586124 7.61801434312 7.61801434312 7.49665141214 7.49665141214 7.17264721242 7.17264721242 7.25329245891 7.25329245891 6.97840674 6.97840674 7.72076370123 7.72076370123 7.85407032823 7.85407032823 8.60568708604 8.60568708604 8.12744714933 8.12744714933 7.55467928124 7.55467928124 7.71839241587 7.71839241587 7.17033785186 7.17033785186 8.02878272871 8.02878272871 7.32443268349 7.32443268349 7.95991914822 7.95991914822 7.58071331522 7.58071331522 7.65129408926 7.65129408926 7.61603481212 7.61603481212 7.35865241704 7.35865241704 7.67479333381 7.67479333381 7.38837879844 7.38837879844 8.00068147819 8.00068147819 7.56507286532 7.56507286532 8.49022726831 8.49022726831 8.03140893424 8.03140893424 7.89671733982 7.89671733982 8.39974451956 8.39974451956 7.74372798106 7.74372798106 8.36407145011 8.36407145011 7.96659024021 7.96659024021 8.45689779996 8.45689779996 8.58136432804 8.58136432804 8.6566466432 8.6566466432 8.20486171023 8.20486171023 8.17775486479 8.17775486479 8.29116404612 8.29116404612 8.47997669179 8.47997669179 8.62736470091 8.62736470091 8.53263267307 8.53263267307 8.68222724203 8.68222724203 </shape_parameter>
	</rbf_mesh>
	<ldfe_ordinates>
		<dimension>2</dimension>
		<rule>1</rule>
		<number_of_moments>1</number_of_moments>
		<number_of_ordinates>16</number_of_ordinates>
		<ordinates data_order="dimension-ordinate">-0.209769106511 -0.209769106511 -0.209769106511 0.209769106511 0.209769106511 -0.209769106511 0.209769106511 0.209769106511 -0.95498368777 -0.209769106511 -0.95498368777 0.209769106511 0.95498368777 -0.209769106511 0.95498368777 0.209769106511 -0.209769106511 -0.95498368777 -0.209769106511 0.95498368777 0.209769106511 -0.95498368777 0.209769106511 0.95498368777 -0.57735026919 -0.57735026919 -0.57735026919 0.57735026919 0.57735026919 -0.57735026919 0.57735026919 0.57735026919 </ordinates>
		<weights data_order="ordinate">0.339836909454 0.339836909454 0.339836909454 0.339836909454 0.339836909454 0.339836909454 0.339836909454 0.339836909454 0.339836909454 0.339836909454 0.339836909454 0.339836909454 0.551285598432 0.551285598432 0.551285598432 0.551285598432 </weights>
		<mu data_order="ordinate">-0.209769106511 -0.209769106511 0.209769106511 0.209769106511 -0.95498368777 -0.95498368777 0.95498368777 0.95498368777 -0.209769106511 -0.209769106511 0.209769106511 0.209769106511 -0.57735026919 -0.57735026919 0.57735026919 0.57735026919 </mu>
		<eta data_order="ordinate">-0.209769106511 0.209769106511 -0.209769106511 0.209769106511 -0.209769106511 0.209769106511 -0.209769106511 0.209769106511 -0.95498368777 0.95498368777 -0.95498368777 0.95498368777 -0.57735026919 0.57735026919 -0.57735026919 0.57735026919 </eta>
		<xi data_order="ordinate">0.95498368777 0.95498368777 0.95498368777 0.95498368777 0.209769106511 0.209769106511 0.209769106511 0.209769106511 0.209769106511 0.209769106511 0.209769106511 0.209769106511 0.57735026919 0.57735026919 0.57735026919 0.57735026919 </xi>
		<weights data_order="ordinate">0.339836909454 0.339836909454 0.339836909454 0.339836909454 0.339836909454 0.339836909454 0.339836909454 0.339836909454 0.339836909454 0.339836909454 0.339836909454 0.339836909454 0.551285598432 0.551285598432 0.551285598432 0.551285598432 </weights>
	</ldfe_ordinates>
	<energy_discretization>
		<number_of_groups>1</number_of_groups>
		<energy_bounds data_order="group_bound">0 0 </energy_bounds>
	</energy_discretization>
</output>
