<?xml version="1.0"?>
<output>
	<solution>
		<time>0.950393455</time>
		<k_eigenvalue>0.310566696787</k_eigenvalue>
		<phi data_order="node-group-moment-cell">0.0197682071668 0.0784363799304 0.00467586568708 0.0359618082479 0.0647051137357 -0.00729106010794 -0.00313547350539 0.00635786511861 0.0589652983469 0.00135071737688 0.00536128586941 0.0379182339819 0.0625643849456 0.0181047657775 0.0634706780315 0.010634074414 0.00245593078279 0.0341207999425 0.00995545010414 0.0256394885981 0.068403276771 0.0793126276904 0.0436859003791 0.0687317815561 0.0268098884948 0.00659631278251 -0.00174656833121 0.0347575235998 0.0813858103432 0.0589129122866 0.0517033840201 0.0129695413212 -0.035535030546 0.191440790653 0.0809501507309 0.0654496490438 0.0181938060607 0.0197766863978 0.0505400859421 -0.0398185699012 0.0351218332055 -0.00461461175331 0.150670054504 0.000733421182888 0.134703079081 0.291461129664 0.122687237112 0.0534991019753 0.0738895144602 -0.155594793083 0.0542790187135 -0.0449305476388 0.074478379949 -0.0632341560498 0.169970395732 0.211521614357 0.0491461981348 0.152743312961 0.10197525408 -0.0845039276235 0.112458599654 0.0547321941508 0.0277919212901 0.0334242767345 0.105746712725 0.0859086465213 0.137043925941 0.16716803402 0.091217749474 -0.0273435748154 0.0637449231186 0.0813258096242 0.102545573003 0.107092340332 0.0751353214823 0.0824397102361 0.0922277269736 -0.0131080758192 -0.0313662092806 0.130602046238 0.00544033271047 0.174442865375 0.0294139430194 0.0249911472752 0.203739096278 0.00797005358898 0.254258180067 0.0957363463115 0.263422700415 -0.0125074627905 0.0633956373996 0.193816689061 0.0137689414432 0.170955836965 0.031103020059 0.0520040301315 0.0326629629539 0.0422671069942 0.0124690231104 0.138457345611 0.0568334019627 0.0290205781692 0.189189655131 -0.0613961460179 0.0280973547275 0.0626678187908 </phi>
	</solution>
	<krylov_iteration>
		<max_iterations>200</max_iterations>
		<source_iterations>0</source_iterations>
		<total_iterations>22</total_iterations>
		<tolerance>1.00000001169e-07</tolerance>
	</krylov_iteration>
	<nuclear_data>
		<sigma_t data_order="group-cell">1 1 1 1 1 1 1 1 1 1 1 1 1 1 1 1 1 1 1 1 1 1 1 1 1 1 1 1 1 1 1 1 1 1 1 1 2 2 2 1 2 2 1 1 1 1 1 1 1 1 2 1 1 1 1 1 2 1 1 1 1 2 2 2 1 1 1 1 1 1 2 2 1 1 1 1 1 1 1 1 2 1 2 1 1 2 1 1 1 1 1 1 2 1 2 1 1 2 1 1 1 1 1 1 2 1 </sigma_t>
		<sigma_s data_order="group_from-group_to-moment-cell">0.84 0.84 0.84 0.84 0.84 0.84 0.84 0.84 0.84 0.84 0.84 0.84 0.84 0.84 0.84 0.84 0.84 0.84 0.84 0.84 0.84 0.84 0.84 0.84 0.84 0.84 0.84 0.84 0.84 0.84 0.84 0.84 0.84 0.84 0.84 0.84 0.84 0.84 0.84 0.84 0.84 0.84 0.84 0.84 0.84 0.84 0.84 0.84 0.84 0.84 0.84 0.84 0.84 0.84 0.84 0.84 0.84 0.84 0.84 0.84 0.84 0.84 0.84 0.84 0.84 0.84 0.84 0.84 0.84 0.84 0.84 0.84 0.84 0.84 0.84 0.84 0.84 0.84 0.84 0.84 0.84 0.84 0.84 0.84 0.84 0.84 0.84 0.84 0.84 0.84 0.84 0.84 0.84 0.84 0.84 0.84 0.84 0.84 0.84 0.84 0.84 0.84 0.84 0.84 0.84 0.84 </sigma_s>
		<nu data_order="group-cell">2.4 2.4 2.4 2.4 2.4 2.4 2.4 2.4 2.4 2.4 2.4 2.4 2.4 2.4 2.4 2.4 2.4 2.4 2.4 2.4 2.4 2.4 2.4 2.4 2.4 2.4 2.4 2.4 2.4 2.4 2.4 2.4 2.4 2.4 2.4 2.4 2.4 2.4 2.4 2.4 2.4 2.4 2.4 2.4 2.4 2.4 2.4 2.4 2.4 2.4 2.4 2.4 2.4 2.4 2.4 2.4 2.4 2.4 2.4 2.4 2.4 2.4 2.4 2.4 2.4 2.4 2.4 2.4 2.4 2.4 2.4 2.4 2.4 2.4 2.4 2.4 2.4 2.4 2.4 2.4 2.4 2.4 2.4 2.4 2.4 2.4 2.4 2.4 2.4 2.4 2.4 2.4 2.4 2.4 2.4 2.4 2.4 2.4 2.4 2.4 2.4 2.4 2.4 2.4 2.4 2.4 </nu>
		<sigma_f data_order="group-cell">0.07 0.07 0.07 0.07 0.07 0.07 0.07 0.07 0.07 0.07 0.07 0.07 0.07 0.07 0.07 0.07 0.07 0.07 0.07 0.07 0.07 0.07 0.07 0.07 0.07 0.07 0.07 0.07 0.07 0.07 0.07 0.07 0.07 0.07 0.07 0.07 0.07 0.07 0.07 0.07 0.07 0.07 0.07 0.07 0.07 0.07 0.07 0.07 0.07 0.07 0.07 0.07 0.07 0.07 0.07 0.07 0.07 0.07 0.07 0.07 0.07 0.07 0.07 0.07 0.07 0.07 0.07 0.07 0.07 0.07 0.07 0.07 0.07 0.07 0.07 0.07 0.07 0.07 0.07 0.07 0.07 0.07 0.07 0.07 0.07 0.07 0.07 0.07 0.07 0.07 0.07 0.07 0.07 0.07 0.07 0.07 0.07 0.07 0.07 0.07 0.07 0.07 0.07 0.07 0.07 0.07 </sigma_f>
		<chi data_order="group-cell">1 1 1 1 1 1 1 1 1 1 1 1 1 1 1 1 1 1 1 1 1 1 1 1 1 1 1 1 1 1 1 1 1 1 1 1 1 1 1 1 1 1 1 1 1 1 1 1 1 1 1 1 1 1 1 1 1 1 1 1 1 1 1 1 1 1 1 1 1 1 1 1 1 1 1 1 1 1 1 1 1 1 1 1 1 1 1 1 1 1 1 1 1 1 1 1 1 1 1 1 1 1 1 1 1 1 </chi>
	</nuclear_data>
	<source_data>
		<alpha data_order="boundary_cell">0 0 0 0 0 0 0 0 0 0 0 0 0 0 0 0 0 0 0 0 0 0 0 0 0 0 0 0 0 0 </alpha>
		<internal_source data_order="node-group-moment-cell">1 1 1 1 1 1 1 1 1 1 1 1 1 1 1 1 1 1 1 1 1 1 1 1 1 1 1 1 1 1 1 1 1 1 1 1 1 1 1 1 1 1 1 1 1 1 1 1 1 1 1 1 1 1 1 1 1 1 1 1 1 1 1 1 1 1 1 1 1 1 1 1 1 1 1 1 1 1 1 1 1 1 1 1 1 1 1 1 1 1 1 1 1 1 1 1 1 1 1 1 1 1 1 1 1 1 </internal_source>
		<boundary_source data_order="group-ordinate-boundary_cell">0 0 0 0 0 0 0 0 0 0 0 0 0 0 0 0 0 0 0 0 0 0 0 0 0 0 0 0 0 0 0 0 0 0 0 0 0 0 0 0 0 0 0 0 0 0 0 0 0 0 0 0 0 0 0 0 0 0 0 0 0 0 0 0 0 0 0 0 0 0 0 0 0 0 0 0 0 0 0 0 0 0 0 0 0 0 0 0 0 0 0 0 0 0 0 0 0 0 0 0 0 0 0 0 0 0 0 0 0 0 0 0 0 0 0 0 0 0 0 0 0 0 0 0 0 0 0 0 0 0 0 0 0 0 0 0 0 0 0 0 0 0 0 0 0 0 0 0 0 0 0 0 0 0 0 0 0 0 0 0 0 0 0 0 0 0 0 0 0 0 0 0 0 0 0 0 0 0 0 0 0 0 0 0 0 0 0 0 0 0 0 0 0 0 0 0 0 0 0 0 0 0 0 0 0 0 0 0 0 0 0 0 0 0 0 0 0 0 0 0 0 0 0 0 0 0 0 0 0 0 0 0 0 0 0 0 0 0 0 0 0 0 0 0 0 0 0 0 0 0 0 0 0 0 0 0 0 0 0 0 0 0 0 0 0 0 0 0 0 0 0 0 0 0 0 0 0 0 0 0 0 0 0 0 0 0 0 0 0 0 0 0 0 0 0 0 0 0 0 0 0 0 0 0 0 0 0 0 0 0 0 0 0 0 0 0 0 0 0 0 0 0 0 0 0 0 0 0 0 0 0 0 0 0 0 0 0 0 0 0 0 0 0 0 0 0 0 0 0 0 0 0 0 0 0 0 0 0 0 0 0 0 0 0 0 0 0 0 0 0 0 0 0 0 0 0 0 0 0 0 0 0 0 0 0 0 0 0 0 0 0 0 0 0 0 0 0 0 0 0 0 0 0 0 0 0 0 0 0 0 0 0 0 0 0 0 0 0 0 0 0 0 0 0 0 0 0 0 0 0 0 0 0 0 0 0 0 0 0 0 0 0 0 0 0 0 0 0 0 0 0 0 0 0 0 0 0 0 0 0 0 0 0 0 0 0 0 0 0 0 0 0 0 0 0 0 0 0 0 0 </boundary_source>
	</source_data>
	<rbf_mesh>
		<dimension>2</dimension>
		<number_of_points>106</number_of_points>
		<number_of_boundary_points>30</number_of_boundary_points>
		<number_of_internal_points>76</number_of_internal_points>
		<number_of_transition_points>0</number_of_transition_points>
		<number_of_materials>2</number_of_materials>
		<boundary_points data_order="point">0 1 2 3 4 5 6 7 8 9 10 11 12 13 14 15 16 17 18 19 20 21 22 23 24 25 26 27 28 29 </boundary_points>
		<internal_points data_order="point">30 31 32 33 34 35 36 37 38 39 40 41 42 43 44 45 46 47 48 49 50 51 52 53 54 55 56 57 58 59 60 61 62 63 64 65 66 67 68 69 70 71 72 73 74 75 76 77 78 79 80 81 82 83 84 85 86 87 88 89 90 91 92 93 94 95 96 97 98 99 100 101 102 103 104 105 </internal_points>
		<transition_points data_order="point"></transition_points>
		<material data_order="point">1 1 1 1 1 1 1 1 1 1 1 1 1 1 1 1 1 1 1 1 1 1 1 1 1 1 1 1 1 1 1 1 1 1 1 1 0 0 0 1 0 0 1 1 1 1 1 1 1 1 0 1 1 1 1 1 0 1 1 1 1 0 0 0 1 1 1 1 1 1 0 0 1 1 1 1 1 1 1 1 0 1 0 1 1 0 1 1 1 1 1 1 0 1 0 1 1 0 1 1 1 1 1 1 0 1 </material>
		<boundary_normal data_order="point-dimension">1 0 1 0 -1 0 0 -1 0 1 -1 0 0 -1 -1 0 0 1 -1 0 0 -1 0 -1 1 0 0 -1 1 0 0 1 -1 0 0 -1 -1 0 0 1 1 0 1 0 0 1 0 1 -1 0 0 -1 -1 0 1 0 1 0 1 0 </boundary_normal>
		<transition_normal data_order="point-dimension"></transition_normal>
		<point_positions data_order="dimension-point">2 1.9616648458 2 -0.15648654335 -2 1.84845963098 1.78762835569 -2 0.652015578856 2 -2 -0.734163728385 -1.67681454853 -2 -2 -0.233645513644 1.34835321686 2 -2 0.160007771565 -0.533499398219 -2 0.799844850733 -2 2 1.13783714398 0.116701990604 -2 2 -1.16098291316 -1.60329716456 2 -2 1.22143560438 1.32659235675 -2 -2 0.640173441003 -0.979736343472 2 2 -0.628025686004 2 0.566835354663 -0.482175346368 2 -0.0434790305956 2 -2 -1.61151646293 -1.19803789935 -2 -2 -1.18771565648 2 -1.65876912504 2 0.21348848091 2 1.51729187267 -0.888723891723 -0.795076371255 -0.176481367619 -1.0934399041 -0.948040258936 -1.2471515985 1.18848190838 1.36418101701 -1.24633032594 -1.52357631254 -1.18182555341 1.49724505008 0.0465041290078 0.609037404423 -0.309510745469 -0.303287263028 0.694338664054 -0.0761122027089 -0.238125339844 -1.56229926305 0.491879485891 -0.8624212971 -0.775000420626 0.0719021126156 -1.09815969195 0.449511254501 -0.718541431553 -1.54967815374 1.31479514535 0.566521674678 1.2191136236 0.0847933203929 0.957931322501 -1.51403118098 -0.671281642346 1.57162868637 -1.36357615196 1.15763403109 -1.58938859032 -0.55749295442 0.77215990869 0.41000996565 -1.61474336395 0.850326326407 -0.831904895015 1.19016558421 -1.7005541436 1.47159416531 1.05879042759 -0.447609886072 0.484463818753 1.17412497518 0.455682170623 -0.47636474004 -0.60318055567 0.918223578813 1.23519928351 -1.18198835992 -1.58766563768 -1.30520776092 1.61091111532 -0.0569126935785 0.0283961989597 -0.534126559904 -0.347884287106 0.41455272823 -0.0850077512783 0.974393946836 0.74080744678 -1.19525683293 -0.582614065738 -1.09648019474 1.45356008938 -0.656427351531 0.777196371804 1.57086017271 -1.231354785 -0.917883002927 -1.1641655889 -0.405602123238 0.408290777984 0.701616387352 0.398061165242 0.151233477571 0.223807282821 1.5027847101 0.138057238442 -1.26367056433 -1.42557170474 -0.170847847645 1.68415734726 -1.48603219726 1.57359900909 1.15608904814 0.497608774419 -1.70269703508 -1.4017332388 0.189068981592 1.61914804761 1.55553784594 -0.039803988158 0.0236465230905 1.57284500974 -1.04543429254 -0.69893466408 -0.42167726444 -0.375777714992 1.22892216513 0.926045196643 -0.856989888282 -0.406942660433 -0.659399040904 1.04081594467 0.838436790697 1.29904796725 -1.60999832762 -0.123762543857 1.58534138465 -0.973606139306 0.86991338143 -1.66712528686 0.468240758466 1.61228124715 0.319500157641 -0.756716439375 0.582789264948 1.59197291434 0.793424993153 -0.415523863725 0.0480443524866 1.04390624629 1.80302406242 -1.71256484905 -0.972479301581 0.130335394975 -0.912760626248 -1.57038770033 -1.65926735313 0.89755642792 1.16160388816 0.307149732922 1.88853667919 0.130024686682 -1.62399732965 1.70736334251 -0.409385731296 -0.866383972298 -1.86994289698 0.250908571853 -0.180887614262 -1.28838611324 1.83064969861 </point_positions>
		<shape_parameter data_order="dimension-point">3.86961472012 3.86961472012 5.52497065178 5.52497065178 4.17473003147 4.17473003147 4.61348942786 4.61348942786 5.12793723468 5.12793723468 5.02378958843 5.02378958843 4.7722610985 4.7722610985 4.51619048182 4.51619048182 4.16709173108 4.16709173108 4.82114575344 4.82114575344 4.66374353678 4.66374353678 4.37835797907 4.37835797907 4.77540958622 4.77540958622 4.49787926304 4.49787926304 4.59268791885 4.59268791885 4.85031270513 4.85031270513 4.24860800306 4.24860800306 4.64186345647 4.64186345647 4.94717356609 4.94717356609 4.64613964785 4.64613964785 4.6722481348 4.6722481348 5.00015534691 5.00015534691 4.5567404086 4.5567404086 5.20759302745 5.20759302745 4.70104840193 4.70104840193 4.8710511982 4.8710511982 5.28210631647 5.28210631647 5.08057715309 5.08057715309 5.68751120327 5.68751120327 5.30418159352 5.30418159352 5.27866357178 5.27866357178 5.71501394538 5.71501394538 5.41604210679 5.41604210679 5.10960177963 5.10960177963 5.5020285206 5.5020285206 5.32994681676 5.32994681676 5.32674762607 5.32674762607 5.59832048625 5.59832048625 4.94172014686 4.94172014686 4.82478833302 4.82478833302 5.47754280721 5.47754280721 4.71738006485 4.71738006485 5.31128302802 5.31128302802 5.30850896694 5.30850896694 5.65925495454 5.65925495454 4.68634352834 4.68634352834 5.45777922265 5.45777922265 4.79518612531 4.79518612531 5.15028798447 5.15028798447 4.92381867092 4.92381867092 4.52779885761 4.52779885761 5.23989553629 5.23989553629 5.71712953829 5.71712953829 4.80442072235 4.80442072235 4.58000425913 4.58000425913 4.88040652424 4.88040652424 5.43099854461 5.43099854461 5.82980618719 5.82980618719 5.20517741676 5.20517741676 5.73945383343 5.73945383343 5.59697398036 5.59697398036 5.25095960063 5.25095960063 5.10152695583 5.10152695583 4.93846949416 4.93846949416 5.39181366779 5.39181366779 5.19900948004 5.19900948004 5.29948842753 5.29948842753 5.21506203775 5.21506203775 4.98966780383 4.98966780383 5.04576884687 5.04576884687 4.85454399211 4.85454399211 5.37096624442 5.37096624442 5.46370129259 5.46370129259 5.98656514274 5.98656514274 5.65387647926 5.65387647926 5.25542925248 5.25542925248 5.36931665454 5.36931665454 4.98806129208 4.98806129208 5.58524035812 5.58524035812 5.09525770051 5.09525770051 5.53733525694 5.53733525694 5.27353988546 5.27353988546 5.32263955611 5.32263955611 5.29811136243 5.29811136243 5.11906273339 5.11906273339 5.33898685724 5.33898685724 5.13974195598 5.13974195598 5.56569166141 5.56569166141 5.26265957209 5.26265957209 5.90624526667 5.90624526667 5.58706728377 5.58706728377 5.49336877997 5.49336877997 5.84330074356 5.84330074356 5.38694139617 5.38694139617 5.81848469437 5.81848469437 5.54197601676 5.54197601676 5.88305954873 5.88305954873 5.96964496266 5.96964496266 6.02201527072 6.02201527072 5.70773008877 5.70773008877 5.68887315213 5.68887315213 5.76776649848 5.76776649848 5.89911443058 5.89911443058 6.00164522319 6.00164522319 5.93574467973 5.93574467973 6.03981047055 6.03981047055 </shape_parameter>
	</rbf_mesh>
	<ldfe_ordinates>
		<dimension>2</dimension>
		<rule>1</rule>
		<number_of_moments>1</number_of_moments>
		<number_of_ordinates>16</number_of_ordinates>
		<ordinates data_order="dimension-ordinate">-0.209769106511 -0.209769106511 -0.209769106511 0.209769106511 0.209769106511 -0.209769106511 0.209769106511 0.209769106511 -0.95498368777 -0.209769106511 -0.95498368777 0.209769106511 0.95498368777 -0.209769106511 0.95498368777 0.209769106511 -0.209769106511 -0.95498368777 -0.209769106511 0.95498368777 0.209769106511 -0.95498368777 0.209769106511 0.95498368777 -0.57735026919 -0.57735026919 -0.57735026919 0.57735026919 0.57735026919 -0.57735026919 0.57735026919 0.57735026919 </ordinates>
		<weights data_order="ordinate">0.339836909454 0.339836909454 0.339836909454 0.339836909454 0.339836909454 0.339836909454 0.339836909454 0.339836909454 0.339836909454 0.339836909454 0.339836909454 0.339836909454 0.551285598432 0.551285598432 0.551285598432 0.551285598432 </weights>
		<mu data_order="ordinate">-0.209769106511 -0.209769106511 0.209769106511 0.209769106511 -0.95498368777 -0.95498368777 0.95498368777 0.95498368777 -0.209769106511 -0.209769106511 0.209769106511 0.209769106511 -0.57735026919 -0.57735026919 0.57735026919 0.57735026919 </mu>
		<eta data_order="ordinate">-0.209769106511 0.209769106511 -0.209769106511 0.209769106511 -0.209769106511 0.209769106511 -0.209769106511 0.209769106511 -0.95498368777 0.95498368777 -0.95498368777 0.95498368777 -0.57735026919 0.57735026919 -0.57735026919 0.57735026919 </eta>
		<xi data_order="ordinate">0.95498368777 0.95498368777 0.95498368777 0.95498368777 0.209769106511 0.209769106511 0.209769106511 0.209769106511 0.209769106511 0.209769106511 0.209769106511 0.209769106511 0.57735026919 0.57735026919 0.57735026919 0.57735026919 </xi>
		<weights data_order="ordinate">0.339836909454 0.339836909454 0.339836909454 0.339836909454 0.339836909454 0.339836909454 0.339836909454 0.339836909454 0.339836909454 0.339836909454 0.339836909454 0.339836909454 0.551285598432 0.551285598432 0.551285598432 0.551285598432 </weights>
	</ldfe_ordinates>
	<energy_discretization>
		<number_of_groups>1</number_of_groups>
		<energy_bounds data_order="group_bound">0 0 </energy_bounds>
	</energy_discretization>
</output>
