<?xml version="1.0"?>
<output>
	<solution>
		<time>0.877544146</time>
		<k_eigenvalue>0.382410819807</k_eigenvalue>
		<phi data_order="node-group-moment-cell">0.00351433356573 -0.0218517102579 0.0087467584277 -0.0215337056663 -0.0221523242854 0.0392944049387 0.0309755060288 0.00390366562834 -0.0234297994099 0.0253678370827 0.0324607532705 0.00607823606439 -0.0136371757628 0.0190028969115 -0.0173298412398 0.00676132298657 0.0144373678008 0.0171725078149 0.0038915053544 -0.00636550501832 -0.0138211974775 -0.0277597730627 -0.0119048659844 -0.0351947550142 -0.0303277307567 0.0116829201314 0.0239436230216 -0.00794766299384 -0.023289576355 -0.0224656926745 -0.0156274394302 0.0998314031772 0.192191290189 -0.102181092563 -0.0869530144061 0.00484655356364 0.0259654336449 0.016332448324 -0.00681893135075 0.209559873452 0.027562622447 0.0377081496576 -0.238957870477 0.0121326628656 0.0156773870957 -0.180205475693 -0.0743098456671 0.00926097757594 -0.129164432957 0.371236296802 0.00866134802725 0.179890823191 -0.0638475153543 0.135961803384 0.0128131957257 -0.127481451587 0.00450790598657 -0.182526059602 0.0464338783847 0.213096712135 0.00443960917279 -0.0318988525288 0.000141192540757 8.365197199e-05 0.0538084421789 -0.0741372378944 -0.0194982519003 -0.102088283258 -0.181432081933 0.144936856525 -0.0161362173991 -0.0358354770964 0.0319104200972 -0.0718734184084 -0.146393780466 -0.0688809164991 0.0132289671623 0.209840149192 0.172769034169 -0.0591350060961 0.00937739854365 -0.0853939513761 -0.0324024617132 0.127263968675 -0.0967054327104 0.0302162097189 -0.153855466049 0.0122474729741 -0.274182221877 0.159371281011 -0.148544254204 -0.0835984440927 0.0281190957929 -0.0908301406787 -0.015314045298 0.0567234805178 -0.0405010305251 0.00547595221445 0.00534267659704 0.00916074151114 0.0256767843592 0.0370905155703 -0.0877670897442 0.196328279179 0.00645234958387 -0.117800684178 </phi>
	</solution>
	<krylov_iteration>
		<max_iterations>200</max_iterations>
		<source_iterations>0</source_iterations>
		<total_iterations>22</total_iterations>
		<tolerance>1.00000001169e-07</tolerance>
	</krylov_iteration>
	<nuclear_data>
		<sigma_t data_order="group-cell">1 1 1 1 1 1 1 1 1 1 1 1 1 1 1 1 1 1 1 1 1 1 1 1 1 1 1 1 1 1 1 1 1 1 1 1 2 2 2 1 2 2 1 1 1 1 1 1 1 1 2 1 1 1 1 1 2 1 1 1 1 2 2 2 1 1 1 1 1 1 2 2 1 1 1 1 1 1 1 1 2 1 2 1 1 2 1 1 1 1 1 1 2 1 2 1 1 2 1 1 1 1 1 1 2 1 </sigma_t>
		<sigma_s data_order="group_from-group_to-moment-cell">0.84 0.84 0.84 0.84 0.84 0.84 0.84 0.84 0.84 0.84 0.84 0.84 0.84 0.84 0.84 0.84 0.84 0.84 0.84 0.84 0.84 0.84 0.84 0.84 0.84 0.84 0.84 0.84 0.84 0.84 0.84 0.84 0.84 0.84 0.84 0.84 0.84 0.84 0.84 0.84 0.84 0.84 0.84 0.84 0.84 0.84 0.84 0.84 0.84 0.84 0.84 0.84 0.84 0.84 0.84 0.84 0.84 0.84 0.84 0.84 0.84 0.84 0.84 0.84 0.84 0.84 0.84 0.84 0.84 0.84 0.84 0.84 0.84 0.84 0.84 0.84 0.84 0.84 0.84 0.84 0.84 0.84 0.84 0.84 0.84 0.84 0.84 0.84 0.84 0.84 0.84 0.84 0.84 0.84 0.84 0.84 0.84 0.84 0.84 0.84 0.84 0.84 0.84 0.84 0.84 0.84 </sigma_s>
		<nu data_order="group-cell">2.4 2.4 2.4 2.4 2.4 2.4 2.4 2.4 2.4 2.4 2.4 2.4 2.4 2.4 2.4 2.4 2.4 2.4 2.4 2.4 2.4 2.4 2.4 2.4 2.4 2.4 2.4 2.4 2.4 2.4 2.4 2.4 2.4 2.4 2.4 2.4 2.4 2.4 2.4 2.4 2.4 2.4 2.4 2.4 2.4 2.4 2.4 2.4 2.4 2.4 2.4 2.4 2.4 2.4 2.4 2.4 2.4 2.4 2.4 2.4 2.4 2.4 2.4 2.4 2.4 2.4 2.4 2.4 2.4 2.4 2.4 2.4 2.4 2.4 2.4 2.4 2.4 2.4 2.4 2.4 2.4 2.4 2.4 2.4 2.4 2.4 2.4 2.4 2.4 2.4 2.4 2.4 2.4 2.4 2.4 2.4 2.4 2.4 2.4 2.4 2.4 2.4 2.4 2.4 2.4 2.4 </nu>
		<sigma_f data_order="group-cell">0.07 0.07 0.07 0.07 0.07 0.07 0.07 0.07 0.07 0.07 0.07 0.07 0.07 0.07 0.07 0.07 0.07 0.07 0.07 0.07 0.07 0.07 0.07 0.07 0.07 0.07 0.07 0.07 0.07 0.07 0.07 0.07 0.07 0.07 0.07 0.07 0.07 0.07 0.07 0.07 0.07 0.07 0.07 0.07 0.07 0.07 0.07 0.07 0.07 0.07 0.07 0.07 0.07 0.07 0.07 0.07 0.07 0.07 0.07 0.07 0.07 0.07 0.07 0.07 0.07 0.07 0.07 0.07 0.07 0.07 0.07 0.07 0.07 0.07 0.07 0.07 0.07 0.07 0.07 0.07 0.07 0.07 0.07 0.07 0.07 0.07 0.07 0.07 0.07 0.07 0.07 0.07 0.07 0.07 0.07 0.07 0.07 0.07 0.07 0.07 0.07 0.07 0.07 0.07 0.07 0.07 </sigma_f>
		<chi data_order="group-cell">1 1 1 1 1 1 1 1 1 1 1 1 1 1 1 1 1 1 1 1 1 1 1 1 1 1 1 1 1 1 1 1 1 1 1 1 1 1 1 1 1 1 1 1 1 1 1 1 1 1 1 1 1 1 1 1 1 1 1 1 1 1 1 1 1 1 1 1 1 1 1 1 1 1 1 1 1 1 1 1 1 1 1 1 1 1 1 1 1 1 1 1 1 1 1 1 1 1 1 1 1 1 1 1 1 1 </chi>
	</nuclear_data>
	<source_data>
		<alpha data_order="boundary_cell">0 0 0 0 0 0 0 0 0 0 0 0 0 0 0 0 0 0 0 0 0 0 0 0 0 0 0 0 0 0 </alpha>
		<internal_source data_order="node-group-moment-cell">1 1 1 1 1 1 1 1 1 1 1 1 1 1 1 1 1 1 1 1 1 1 1 1 1 1 1 1 1 1 1 1 1 1 1 1 1 1 1 1 1 1 1 1 1 1 1 1 1 1 1 1 1 1 1 1 1 1 1 1 1 1 1 1 1 1 1 1 1 1 1 1 1 1 1 1 1 1 1 1 1 1 1 1 1 1 1 1 1 1 1 1 1 1 1 1 1 1 1 1 1 1 1 1 1 1 </internal_source>
		<boundary_source data_order="group-ordinate-boundary_cell">0 0 0 0 0 0 0 0 0 0 0 0 0 0 0 0 0 0 0 0 0 0 0 0 0 0 0 0 0 0 0 0 0 0 0 0 0 0 0 0 0 0 0 0 0 0 0 0 0 0 0 0 0 0 0 0 0 0 0 0 0 0 0 0 0 0 0 0 0 0 0 0 0 0 0 0 0 0 0 0 0 0 0 0 0 0 0 0 0 0 0 0 0 0 0 0 0 0 0 0 0 0 0 0 0 0 0 0 0 0 0 0 0 0 0 0 0 0 0 0 0 0 0 0 0 0 0 0 0 0 0 0 0 0 0 0 0 0 0 0 0 0 0 0 0 0 0 0 0 0 0 0 0 0 0 0 0 0 0 0 0 0 0 0 0 0 0 0 0 0 0 0 0 0 0 0 0 0 0 0 0 0 0 0 0 0 0 0 0 0 0 0 0 0 0 0 0 0 0 0 0 0 0 0 0 0 0 0 0 0 0 0 0 0 0 0 0 0 0 0 0 0 0 0 0 0 0 0 0 0 0 0 0 0 0 0 0 0 0 0 0 0 0 0 0 0 0 0 0 0 0 0 0 0 0 0 0 0 0 0 0 0 0 0 0 0 0 0 0 0 0 0 0 0 0 0 0 0 0 0 0 0 0 0 0 0 0 0 0 0 0 0 0 0 0 0 0 0 0 0 0 0 0 0 0 0 0 0 0 0 0 0 0 0 0 0 0 0 0 0 0 0 0 0 0 0 0 0 0 0 0 0 0 0 0 0 0 0 0 0 0 0 0 0 0 0 0 0 0 0 0 0 0 0 0 0 0 0 0 0 0 0 0 0 0 0 0 0 0 0 0 0 0 0 0 0 0 0 0 0 0 0 0 0 0 0 0 0 0 0 0 0 0 0 0 0 0 0 0 0 0 0 0 0 0 0 0 0 0 0 0 0 0 0 0 0 0 0 0 0 0 0 0 0 0 0 0 0 0 0 0 0 0 0 0 0 0 0 0 0 0 0 0 0 0 0 0 0 0 0 0 0 0 0 0 0 0 0 0 0 0 0 0 0 0 0 0 0 0 0 0 0 0 0 0 0 0 0 0 0 </boundary_source>
	</source_data>
	<rbf_mesh>
		<dimension>2</dimension>
		<number_of_points>106</number_of_points>
		<number_of_boundary_points>30</number_of_boundary_points>
		<number_of_internal_points>76</number_of_internal_points>
		<number_of_transition_points>0</number_of_transition_points>
		<number_of_materials>2</number_of_materials>
		<boundary_points data_order="point">0 1 2 3 4 5 6 7 8 9 10 11 12 13 14 15 16 17 18 19 20 21 22 23 24 25 26 27 28 29 </boundary_points>
		<internal_points data_order="point">30 31 32 33 34 35 36 37 38 39 40 41 42 43 44 45 46 47 48 49 50 51 52 53 54 55 56 57 58 59 60 61 62 63 64 65 66 67 68 69 70 71 72 73 74 75 76 77 78 79 80 81 82 83 84 85 86 87 88 89 90 91 92 93 94 95 96 97 98 99 100 101 102 103 104 105 </internal_points>
		<transition_points data_order="point"></transition_points>
		<material data_order="point">1 1 1 1 1 1 1 1 1 1 1 1 1 1 1 1 1 1 1 1 1 1 1 1 1 1 1 1 1 1 1 1 1 1 1 1 0 0 0 1 0 0 1 1 1 1 1 1 1 1 0 1 1 1 1 1 0 1 1 1 1 0 0 0 1 1 1 1 1 1 0 0 1 1 1 1 1 1 1 1 0 1 0 1 1 0 1 1 1 1 1 1 0 1 0 1 1 0 1 1 1 1 1 1 0 1 </material>
		<boundary_normal data_order="point-dimension">1 0 1 0 -1 0 0 -1 0 1 -1 0 0 -1 -1 0 0 1 -1 0 0 -1 0 -1 1 0 0 -1 1 0 0 1 -1 0 0 -1 -1 0 0 1 1 0 1 0 0 1 0 1 -1 0 0 -1 -1 0 1 0 1 0 1 0 </boundary_normal>
		<transition_normal data_order="point-dimension"></transition_normal>
		<point_positions data_order="dimension-point">2 1.9616648458 2 -0.15648654335 -2 1.84845963098 1.78762835569 -2 0.652015578856 2 -2 -0.734163728385 -1.67681454853 -2 -2 -0.233645513644 1.34835321686 2 -2 0.160007771565 -0.533499398219 -2 0.799844850733 -2 2 1.13783714398 0.116701990604 -2 2 -1.16098291316 -1.60329716456 2 -2 1.22143560438 1.32659235675 -2 -2 0.640173441003 -0.979736343472 2 2 -0.628025686004 2 0.566835354663 -0.482175346368 2 -0.0434790305956 2 -2 -1.61151646293 -1.19803789935 -2 -2 -1.18771565648 2 -1.65876912504 2 0.21348848091 2 1.51729187267 -0.888723891723 -0.795076371255 -0.176481367619 -1.0934399041 -0.948040258936 -1.2471515985 1.18848190838 1.36418101701 -1.24633032594 -1.52357631254 -1.18182555341 1.49724505008 0.0465041290078 0.609037404423 -0.309510745469 -0.303287263028 0.694338664054 -0.0761122027089 -0.238125339844 -1.56229926305 0.491879485891 -0.8624212971 -0.775000420626 0.0719021126156 -1.09815969195 0.449511254501 -0.718541431553 -1.54967815374 1.31479514535 0.566521674678 1.2191136236 0.0847933203929 0.957931322501 -1.51403118098 -0.671281642346 1.57162868637 -1.36357615196 1.15763403109 -1.58938859032 -0.55749295442 0.77215990869 0.41000996565 -1.61474336395 0.850326326407 -0.831904895015 1.19016558421 -1.7005541436 1.47159416531 1.05879042759 -0.447609886072 0.484463818753 1.17412497518 0.455682170623 -0.47636474004 -0.60318055567 0.918223578813 1.23519928351 -1.18198835992 -1.58766563768 -1.30520776092 1.61091111532 -0.0569126935785 0.0283961989597 -0.534126559904 -0.347884287106 0.41455272823 -0.0850077512783 0.974393946836 0.74080744678 -1.19525683293 -0.582614065738 -1.09648019474 1.45356008938 -0.656427351531 0.777196371804 1.57086017271 -1.231354785 -0.917883002927 -1.1641655889 -0.405602123238 0.408290777984 0.701616387352 0.398061165242 0.151233477571 0.223807282821 1.5027847101 0.138057238442 -1.26367056433 -1.42557170474 -0.170847847645 1.68415734726 -1.48603219726 1.57359900909 1.15608904814 0.497608774419 -1.70269703508 -1.4017332388 0.189068981592 1.61914804761 1.55553784594 -0.039803988158 0.0236465230905 1.57284500974 -1.04543429254 -0.69893466408 -0.42167726444 -0.375777714992 1.22892216513 0.926045196643 -0.856989888282 -0.406942660433 -0.659399040904 1.04081594467 0.838436790697 1.29904796725 -1.60999832762 -0.123762543857 1.58534138465 -0.973606139306 0.86991338143 -1.66712528686 0.468240758466 1.61228124715 0.319500157641 -0.756716439375 0.582789264948 1.59197291434 0.793424993153 -0.415523863725 0.0480443524866 1.04390624629 1.80302406242 -1.71256484905 -0.972479301581 0.130335394975 -0.912760626248 -1.57038770033 -1.65926735313 0.89755642792 1.16160388816 0.307149732922 1.88853667919 0.130024686682 -1.62399732965 1.70736334251 -0.409385731296 -0.866383972298 -1.86994289698 0.250908571853 -0.180887614262 -1.28838611324 1.83064969861 </point_positions>
		<shape_parameter data_order="dimension-point">7.01367680635 7.01367680635 10.0140094864 10.0140094864 7.56669831811 7.56669831811 8.36194973838 8.36194973838 9.29438640501 9.29438640501 9.10561879279 9.10561879279 8.64972339658 8.64972339658 8.18559539552 8.18559539552 7.55285389841 7.55285389841 8.73832683526 8.73832683526 8.45303531243 8.45303531243 7.93577397978 7.93577397978 8.65543003068 8.65543003068 8.15240631087 8.15240631087 8.32424700262 8.32424700262 8.79119193615 8.79119193615 7.70060214403 7.70060214403 8.41337766617 8.41337766617 8.96675224979 8.96675224979 8.42112826318 8.42112826318 8.46844989663 8.46844989663 9.06278172926 9.06278172926 8.25909213912 8.25909213912 9.438762532 9.438762532 8.52065038173 8.52065038173 8.82878045552 8.82878045552 9.57381787078 9.57381787078 9.20854625558 9.20854625558 10.3086142413 10.3086142413 9.61382931115 9.61382931115 9.56757789592 9.56757789592 10.3584629623 10.3584629623 9.81657649509 9.81657649509 9.26115339214 9.26115339214 9.97242687293 9.97242687293 9.66052877912 9.66052877912 9.65473024588 9.65473024588 10.1469560638 10.1469560638 8.95686792727 8.95686792727 8.74492901086 8.74492901086 9.92804651661 9.92804651661 8.5502515213 8.5502515213 9.62670066141 9.62670066141 9.62167267562 9.62167267562 10.2573997896 10.2573997896 8.49399779787 8.49399779787 9.89222501895 9.89222501895 8.69127500843 8.69127500843 9.33489713973 9.33489713973 8.92442150154 8.92442150154 8.206635577 8.206635577 9.49731083032 9.49731083032 10.3622974745 10.3622974745 8.70801271586 8.70801271586 8.30125786896 8.30125786896 8.84573698426 8.84573698426 9.84368503914 9.84368503914 10.5665239043 10.5665239043 9.43438423755 9.43438423755 10.4027602602 10.4027602602 10.1445155218 10.1445155218 9.51736444731 9.51736444731 9.24651777374 9.24651777374 8.95097611914 8.95097611914 9.77266244862 9.77266244862 9.42320485203 9.42320485203 9.60532294764 9.60532294764 9.45230011342 9.45230011342 9.04377305709 9.04377305709 9.14545619942 9.14545619942 8.79886114395 8.79886114395 9.73487649308 9.73487649308 9.90295877091 9.90295877091 10.8506495164 10.8506495164 10.247651303 10.247651303 9.52546569143 9.52546569143 9.73188661137 9.73188661137 9.04086125449 9.04086125449 10.1232483312 10.1232483312 9.23515474826 9.23515474826 10.0364203337 10.0364203337 9.55829121429 9.55829121429 9.64728436894 9.64728436894 9.60282701711 9.60282701711 9.27830137114 9.27830137114 9.67691385278 9.67691385278 9.31578246274 9.31578246274 10.0878163177 10.0878163177 9.53857064596 9.53857064596 10.7050697384 10.7050697384 10.126559634 10.126559634 9.95673109275 9.95673109275 10.5909827882 10.5909827882 9.76383145615 9.76383145615 10.5460036982 10.5460036982 10.044831711 10.044831711 10.6630456238 10.6630456238 10.8199816894 10.8199816894 10.9149028745 10.9149028745 10.3452609719 10.3452609719 10.3110827737 10.3110827737 10.4540769665 10.4540769665 10.6921450977 10.6921450977 10.8779821627 10.8779821627 10.7585374255 10.7585374255 10.9471566747 10.9471566747 </shape_parameter>
	</rbf_mesh>
	<ldfe_ordinates>
		<dimension>2</dimension>
		<rule>1</rule>
		<number_of_moments>1</number_of_moments>
		<number_of_ordinates>16</number_of_ordinates>
		<ordinates data_order="dimension-ordinate">-0.209769106511 -0.209769106511 -0.209769106511 0.209769106511 0.209769106511 -0.209769106511 0.209769106511 0.209769106511 -0.95498368777 -0.209769106511 -0.95498368777 0.209769106511 0.95498368777 -0.209769106511 0.95498368777 0.209769106511 -0.209769106511 -0.95498368777 -0.209769106511 0.95498368777 0.209769106511 -0.95498368777 0.209769106511 0.95498368777 -0.57735026919 -0.57735026919 -0.57735026919 0.57735026919 0.57735026919 -0.57735026919 0.57735026919 0.57735026919 </ordinates>
		<weights data_order="ordinate">0.339836909454 0.339836909454 0.339836909454 0.339836909454 0.339836909454 0.339836909454 0.339836909454 0.339836909454 0.339836909454 0.339836909454 0.339836909454 0.339836909454 0.551285598432 0.551285598432 0.551285598432 0.551285598432 </weights>
		<mu data_order="ordinate">-0.209769106511 -0.209769106511 0.209769106511 0.209769106511 -0.95498368777 -0.95498368777 0.95498368777 0.95498368777 -0.209769106511 -0.209769106511 0.209769106511 0.209769106511 -0.57735026919 -0.57735026919 0.57735026919 0.57735026919 </mu>
		<eta data_order="ordinate">-0.209769106511 0.209769106511 -0.209769106511 0.209769106511 -0.209769106511 0.209769106511 -0.209769106511 0.209769106511 -0.95498368777 0.95498368777 -0.95498368777 0.95498368777 -0.57735026919 0.57735026919 -0.57735026919 0.57735026919 </eta>
		<xi data_order="ordinate">0.95498368777 0.95498368777 0.95498368777 0.95498368777 0.209769106511 0.209769106511 0.209769106511 0.209769106511 0.209769106511 0.209769106511 0.209769106511 0.209769106511 0.57735026919 0.57735026919 0.57735026919 0.57735026919 </xi>
		<weights data_order="ordinate">0.339836909454 0.339836909454 0.339836909454 0.339836909454 0.339836909454 0.339836909454 0.339836909454 0.339836909454 0.339836909454 0.339836909454 0.339836909454 0.339836909454 0.551285598432 0.551285598432 0.551285598432 0.551285598432 </weights>
	</ldfe_ordinates>
	<energy_discretization>
		<number_of_groups>1</number_of_groups>
		<energy_bounds data_order="group_bound">0 0 </energy_bounds>
	</energy_discretization>
</output>
