<?xml version="1.0"?>
<output>
	<solution>
		<time>0.587068275</time>
		<k_eigenvalue>0.254197204903</k_eigenvalue>
		<phi data_order="node-group-moment-cell">-0.00050277911474 0.0510442357309 0.0479255904554 0.0661445187723 0.0104919066077 0.0403958207442 0.0405869004751 0.0311533808329 0.0287298117285 0.0413684988601 0.0732000341284 0.0341557032444 0.0538441338977 0.0501203022612 0.0810074639783 0.0376715390653 0.0675649702918 0.079763857376 0.0746634948363 0.0825802208607 0.0805441761115 0.0693624491412 0.085072169521 0.0466438120244 0.0728057699169 0.0664709672155 0.0571497826238 0.0672408166898 0.0421344347159 0.0402045614756 0.0558903989718 0.0638794675028 0.0507276085746 0.0253428913405 0.0592615010761 0.0361211917877 0.0883010109525 0.0305141904535 0.0727815111577 0.0432628040087 0.0512871437157 0.0493250656115 0.0255261585022 0.0791294502418 0.0775974578316 0.0440447658171 0.0354138302349 0.0852561710708 0.142781899053 0.190473622897 0.0481354918835 0.0401519449453 0.182582139786 0.167120295396 0.179576140585 0.0404984665186 0.0392891589787 0.158422754009 0.0667696973089 0.0796538352018 0.0735006838709 0.1216841672 0.0912858037245 0.0830656698552 0.0471763171608 0.0792042695399 0.0512086596001 0.188648750129 0.093101975899 0.177426981253 0.0250827428549 0.118337021177 0.0752317527583 0.228977231189 0.0624453236138 0.0680635455067 0.11776199952 0.0505517192708 0.0281006078184 0.0803219369701 0.145532043287 0.0209185511137 0.0374730518671 0.0933026716029 0.0773550995427 0.187734697438 0.200849649688 0.127342330011 0.0675402461597 0.0732092626885 0.151115178932 0.171372770721 0.0583140057191 0.0248514335401 0.136478730171 0.0403479281011 0.0764011577114 0.119843132248 0.0882538056385 0.0356409409032 0.159850373936 0.0762572061351 0.0985163376946 0.127457062654 0.136792310112 0.0813413082081 </phi>
	</solution>
	<krylov_iteration>
		<max_iterations>200</max_iterations>
		<source_iterations>0</source_iterations>
		<total_iterations>21</total_iterations>
		<tolerance>1.00000001169e-07</tolerance>
	</krylov_iteration>
	<nuclear_data>
		<sigma_t data_order="group-cell">1 1 2 2 1 1 1 1 1 1 2 1 1 1 1 1 1 1 1 1 1 1 1 2 2 1 2 2 2 1 2 1 1 1 2 1 2 1 1 1 2 2 1 2 1 1 2 1 1 1 2 1 1 1 1 2 2 1 1 1 1 1 1 1 1 1 2 1 1 1 2 1 1 1 1 1 1 1 1 1 1 2 2 1 1 1 1 1 1 1 1 1 1 1 1 2 1 1 1 2 1 1 1 1 1 1 2 2 2 2 2 2 2 2 2 2 2 2 2 2 </sigma_t>
		<sigma_s data_order="group_from-group_to-moment-cell">0.84 0.84 0.84 0.84 0.84 0.84 0.84 0.84 0.84 0.84 0.84 0.84 0.84 0.84 0.84 0.84 0.84 0.84 0.84 0.84 0.84 0.84 0.84 0.84 0.84 0.84 0.84 0.84 0.84 0.84 0.84 0.84 0.84 0.84 0.84 0.84 0.84 0.84 0.84 0.84 0.84 0.84 0.84 0.84 0.84 0.84 0.84 0.84 0.84 0.84 0.84 0.84 0.84 0.84 0.84 0.84 0.84 0.84 0.84 0.84 0.84 0.84 0.84 0.84 0.84 0.84 0.84 0.84 0.84 0.84 0.84 0.84 0.84 0.84 0.84 0.84 0.84 0.84 0.84 0.84 0.84 0.84 0.84 0.84 0.84 0.84 0.84 0.84 0.84 0.84 0.84 0.84 0.84 0.84 0.84 0.84 0.84 0.84 0.84 0.84 0.84 0.84 0.84 0.84 0.84 0.84 0.84 0.84 0.84 0.84 0.84 0.84 0.84 0.84 0.84 0.84 0.84 0.84 0.84 0.84 </sigma_s>
		<nu data_order="group-cell">2.4 2.4 2.4 2.4 2.4 2.4 2.4 2.4 2.4 2.4 2.4 2.4 2.4 2.4 2.4 2.4 2.4 2.4 2.4 2.4 2.4 2.4 2.4 2.4 2.4 2.4 2.4 2.4 2.4 2.4 2.4 2.4 2.4 2.4 2.4 2.4 2.4 2.4 2.4 2.4 2.4 2.4 2.4 2.4 2.4 2.4 2.4 2.4 2.4 2.4 2.4 2.4 2.4 2.4 2.4 2.4 2.4 2.4 2.4 2.4 2.4 2.4 2.4 2.4 2.4 2.4 2.4 2.4 2.4 2.4 2.4 2.4 2.4 2.4 2.4 2.4 2.4 2.4 2.4 2.4 2.4 2.4 2.4 2.4 2.4 2.4 2.4 2.4 2.4 2.4 2.4 2.4 2.4 2.4 2.4 2.4 2.4 2.4 2.4 2.4 2.4 2.4 2.4 2.4 2.4 2.4 2.4 2.4 2.4 2.4 2.4 2.4 2.4 2.4 2.4 2.4 2.4 2.4 2.4 2.4 </nu>
		<sigma_f data_order="group-cell">0.07 0.07 0.07 0.07 0.07 0.07 0.07 0.07 0.07 0.07 0.07 0.07 0.07 0.07 0.07 0.07 0.07 0.07 0.07 0.07 0.07 0.07 0.07 0.07 0.07 0.07 0.07 0.07 0.07 0.07 0.07 0.07 0.07 0.07 0.07 0.07 0.07 0.07 0.07 0.07 0.07 0.07 0.07 0.07 0.07 0.07 0.07 0.07 0.07 0.07 0.07 0.07 0.07 0.07 0.07 0.07 0.07 0.07 0.07 0.07 0.07 0.07 0.07 0.07 0.07 0.07 0.07 0.07 0.07 0.07 0.07 0.07 0.07 0.07 0.07 0.07 0.07 0.07 0.07 0.07 0.07 0.07 0.07 0.07 0.07 0.07 0.07 0.07 0.07 0.07 0.07 0.07 0.07 0.07 0.07 0.07 0.07 0.07 0.07 0.07 0.07 0.07 0.07 0.07 0.07 0.07 0.07 0.07 0.07 0.07 0.07 0.07 0.07 0.07 0.07 0.07 0.07 0.07 0.07 0.07 </sigma_f>
		<chi data_order="group-cell">1 1 1 1 1 1 1 1 1 1 1 1 1 1 1 1 1 1 1 1 1 1 1 1 1 1 1 1 1 1 1 1 1 1 1 1 1 1 1 1 1 1 1 1 1 1 1 1 1 1 1 1 1 1 1 1 1 1 1 1 1 1 1 1 1 1 1 1 1 1 1 1 1 1 1 1 1 1 1 1 1 1 1 1 1 1 1 1 1 1 1 1 1 1 1 1 1 1 1 1 1 1 1 1 1 1 1 1 1 1 1 1 1 1 1 1 1 1 1 1 </chi>
	</nuclear_data>
	<source_data>
		<alpha data_order="boundary_cell">0 0 0 0 0 0 0 0 0 0 0 0 0 0 0 0 0 0 0 0 0 0 0 0 0 0 0 0 0 0 </alpha>
		<internal_source data_order="node-group-moment-cell">1 1 1 1 1 1 1 1 1 1 1 1 1 1 1 1 1 1 1 1 1 1 1 1 1 1 1 1 1 1 1 1 1 1 1 1 1 1 1 1 1 1 1 1 1 1 1 1 1 1 1 1 1 1 1 1 1 1 1 1 1 1 1 1 1 1 1 1 1 1 1 1 1 1 1 1 1 1 1 1 1 1 1 1 1 1 1 1 1 1 1 1 1 1 1 1 1 1 1 1 1 1 1 1 1 1 </internal_source>
		<boundary_source data_order="group-ordinate-boundary_cell">0 0 0 0 0 0 0 0 0 0 0 0 0 0 0 0 0 0 0 0 0 0 0 0 0 0 0 0 0 0 0 0 0 0 0 0 0 0 0 0 0 0 0 0 0 0 0 0 0 0 0 0 0 0 0 0 0 0 0 0 0 0 0 0 0 0 0 0 0 0 0 0 0 0 0 0 0 0 0 0 0 0 0 0 0 0 0 0 0 0 0 0 0 0 0 0 0 0 0 0 0 0 0 0 0 0 0 0 0 0 0 0 0 0 0 0 0 0 0 0 0 0 0 0 0 0 0 0 0 0 0 0 0 0 0 0 0 0 0 0 0 0 0 0 0 0 0 0 0 0 0 0 0 0 0 0 0 0 0 0 0 0 0 0 0 0 0 0 0 0 0 0 0 0 0 0 0 0 0 0 0 0 0 0 0 0 0 0 0 0 0 0 0 0 0 0 0 0 0 0 0 0 0 0 0 0 0 0 0 0 0 0 0 0 0 0 0 0 0 0 0 0 0 0 0 0 0 0 0 0 0 0 0 0 0 0 0 0 0 0 0 0 0 0 0 0 0 0 0 0 0 0 0 0 0 0 0 0 0 0 0 0 0 0 0 0 0 0 0 0 0 0 0 0 0 0 0 0 0 0 0 0 0 0 0 0 0 0 0 0 0 0 0 0 0 0 0 0 0 0 0 0 0 0 0 0 0 0 0 0 0 0 0 0 0 0 0 0 0 0 0 0 0 0 0 0 0 0 0 0 0 0 0 0 0 0 0 0 0 0 0 0 0 0 0 0 0 0 0 0 0 0 0 0 0 0 0 0 0 0 0 0 0 0 0 0 0 0 0 0 0 0 0 0 0 0 0 0 0 0 0 0 0 0 0 0 0 0 0 0 0 0 0 0 0 0 0 0 0 0 0 0 0 0 0 0 0 0 0 0 0 0 0 0 0 0 0 0 0 0 0 0 0 0 0 0 0 0 0 0 0 0 0 0 0 0 0 0 0 0 0 0 0 0 0 0 0 0 0 0 0 0 0 0 0 0 0 0 0 0 0 0 0 0 0 0 0 0 0 0 0 0 0 0 0 0 0 0 0 0 </boundary_source>
	</source_data>
	<rbf_mesh>
		<dimension>2</dimension>
		<number_of_points>106</number_of_points>
		<number_of_boundary_points>30</number_of_boundary_points>
		<number_of_internal_points>62</number_of_internal_points>
		<number_of_transition_points>14</number_of_transition_points>
		<number_of_materials>2</number_of_materials>
		<boundary_points data_order="point">0 1 4 5 6 7 8 9 11 12 13 14 15 16 17 18 19 20 21 22 25 29 31 32 33 35 37 38 39 42 </boundary_points>
		<internal_points data_order="point">44 45 46 47 48 49 50 51 52 53 54 55 56 57 58 59 60 61 62 63 64 65 66 67 68 69 70 71 72 73 74 75 76 77 78 79 80 81 82 83 84 85 86 87 88 89 90 91 92 93 94 95 96 97 98 99 100 101 102 103 104 105 </internal_points>
		<transition_points data_order="point">2 3 10 23 24 26 27 28 30 34 36 40 41 43 </transition_points>
		<material data_order="point">1 1 1 1 1 1 1 1 1 1 1 1 1 1 1 1 1 1 1 1 1 1 1 1 1 1 1 1 1 1 1 1 1 1 1 1 1 1 1 1 1 1 1 1 1 1 0 1 1 1 0 1 1 1 1 0 0 1 1 1 1 1 1 1 1 1 0 1 1 1 0 1 1 1 1 1 1 1 1 1 1 0 0 1 1 1 1 1 1 1 1 1 1 1 1 0 1 1 1 0 1 1 1 1 1 1 </material>
		<boundary_normal data_order="point-dimension">1 0 1 0 -1 0 0 -1 0 1 -1 0 0 -1 -1 0 0 1 -1 0 0 -1 0 -1 1 0 0 -1 1 0 0 1 -1 0 0 -1 -1 0 0 1 1 0 1 0 0 1 0 1 -1 0 0 -1 -1 0 1 0 1 0 1 0 </boundary_normal>
		<transition_normal data_order="point-dimension">0.923763981241 0.38296227877 -0.24597231167 0.969276855131 -0.842709183936 0.538369047503 -0.95282789838 -0.303511113585 0.864170840307 -0.50319852818 0.999810208025 -0.0194819898604 0.291842413412 -0.956466416417 -0.692268117294 -0.7216403909 0.110631625765 0.993861480982 -0.981768527029 0.190080402292 0.608746969421 -0.793364435313 0.461431423236 0.887175879773 -0.394857400949 -0.918742419243 -0.589353297748 0.807875417644 </transition_normal>
		<point_positions data_order="dimension-point">2 1.9616648458 2 -0.15648654335 0.923763981241 0.38296227877 -0.24597231167 0.969276855131 -2 1.84845963098 1.78762835569 -2 0.652015578856 2 -2 -0.734163728385 -1.67681454853 -2 -2 -0.233645513644 -0.842709183936 0.538369047503 1.34835321686 2 -2 0.160007771565 -0.533499398219 -2 0.799844850733 -2 2 1.13783714398 0.116701990604 -2 2 -1.16098291316 -1.60329716456 2 -2 1.22143560438 1.32659235675 -2 -2 0.640173441003 -0.979736343472 2 -0.95282789838 -0.303511113585 0.864170840307 -0.50319852818 2 -0.628025686004 0.999810208025 -0.0194819898604 0.291842413412 -0.956466416417 -0.692268117294 -0.7216403909 2 0.566835354663 0.110631625765 0.993861480982 -0.482175346368 2 -0.0434790305956 2 -2 -1.61151646293 -0.981768527029 0.190080402292 -1.19803789935 -2 0.608746969421 -0.793364435313 -2 -1.18771565648 2 -1.65876912504 2 0.21348848091 0.461431423236 0.887175879773 -0.394857400949 -0.918742419243 2 1.51729187267 -0.589353297748 0.807875417644 -1.24671531649 -1.29135997956 0.173525625397 1.61555183329 0.414959172299 -0.00801738841546 -0.788815102347 -1.27060751637 -1.68146006511 0.893477465505 -1.25692809022 1.10168303644 -0.22860991049 0.550767382082 -1.55925384228 -0.67745026159 1.55833401027 -1.61999185565 0.66038144167 -1.48130925311 1.30428502334 -1.02103057872 0.459346888199 0.435928375928 -0.603018570526 -0.0341471663573 -1.26414357028 0.588116094797 1.63440592668 0.86573093717 1.2353535603 0.748672469635 -0.981605451394 -1.70412862649 1.60458440176 -0.617654983579 -0.323305892811 1.63550957757 0.76922953799 1.49995123012 -1.57594747097 -0.286465011599 1.08337509953 1.1808263161 0.352848358934 -0.398246367207 -0.856468659697 1.34863102487 1.18155590845 1.61275392264 1.15848599819 -1.4108899527 -0.242236319608 -0.301839651816 -0.120210578822 -1.42966600347 1.3512395528 0.268694533604 -1.22838056039 1.4979115775 1.5827154591 -0.0230757518617 1.64260802352 1.37072594933 -0.695353199632 1.70909838706 -1.60262152645 -1.20141742078 -1.63559748291 -1.63802705621 -1.55969761437 0.0787755888859 0.300458547783 -1.57015022016 0.0752805415904 0.154668949161 -0.0753805963335 -0.73688661641 0.447970585251 1.30946472828 -1.0763927782 -0.924740213624 0.884424062799 -1.02427905752 -1.63154614591 1.46516744213 1.19957145933 -0.321472995509 -0.227959245533 -1.77810932061 0.82427808342 0.923095356474 1.67347801803 -0.974499923406 -0.942231767904 0.911782581524 1.63271020655 0.48113655323 1.64770743625 1.72824606902 -0.446702890378 1.28865574337 0.168942238163 0.6468096633 -0.536311869975 -1.55391651598 -1.6490963188 0.488938563713 -0.0863334260885 1.32616041892 -0.342705691971 0.19991990023 1.16008478988 -0.70064968334 -1.20889032623 -0.574420794143 0.999861533621 1.92098759169 0.466238476207 -1.8807011307 1.04680949731 -1.74682022163 -1.22983159591 -0.076085669153 </point_positions>
		<shape_parameter data_order="dimension-point">1.052804301 1.052804301 1.25038448658 1.25038448658 1.21260051551 1.21260051551 1.4361456432 1.4361456432 1.01051309816 1.01051309816 1.22438051666 1.22438051666 1.07808591631 1.07808591631 1.14412374381 1.14412374381 1.1865664848 1.1865664848 1.21074452579 1.21074452579 1.41421771054 1.41421771054 1.35217021123 1.35217021123 1.21069776524 1.21069776524 1.17588648367 1.17588648367 1.29583406235 1.29583406235 1.26805819289 1.26805819289 1.28336241496 1.28336241496 1.13736094969 1.13736094969 1.01022815395 1.01022815395 1.08091536752 1.08091536752 1.24662768227 1.24662768227 1.26058738359 1.26058738359 1.09240551444 1.09240551444 1.36439753244 1.36439753244 1.4237649697 1.4237649697 1.19120298841 1.19120298841 1.30492552335 1.30492552335 1.18886455754 1.18886455754 1.24612825211 1.24612825211 1.33030875362 1.33030875362 1.48694678488 1.48694678488 1.33672495492 1.33672495492 1.19431605799 1.19431605799 1.23599258573 1.23599258573 1.35707004524 1.35707004524 1.13215422791 1.13215422791 1.45112156166 1.45112156166 1.25493410677 1.25493410677 1.19129887614 1.19129887614 1.3584815302 1.3584815302 1.4416129208 1.4416129208 1.27732281932 1.27732281932 1.36013228917 1.36013228917 1.43218238795 1.43218238795 1.30111173502 1.30111173502 1.2887508631 1.2887508631 1.31370660135 1.31370660135 1.24254667372 1.24254667372 1.2598420335 1.2598420335 1.29524322902 1.29524322902 1.33690780958 1.33690780958 1.3323123664 1.3323123664 1.20094194674 1.20094194674 1.24643996964 1.24643996964 1.40390177197 1.40390177197 1.27357424986 1.27357424986 1.29899625318 1.29899625318 1.25158585494 1.25158585494 1.27367514446 1.27367514446 1.21164828013 1.21164828013 1.22045570057 1.22045570057 1.3210394431 1.3210394431 1.40710283952 1.40710283952 1.28126223351 1.28126223351 1.3769585785 1.3769585785 1.27367923543 1.27367923543 1.15284571542 1.15284571542 1.32261995097 1.32261995097 1.32568993879 1.32568993879 1.30990792503 1.30990792503 1.12130114613 1.12130114613 1.28774129116 1.28774129116 1.3703709936 1.3703709936 1.33055921449 1.33055921449 1.24011065332 1.24011065332 1.36704310319 1.36704310319 1.41001381445 1.41001381445 1.33049165234 1.33049165234 1.37041358067 1.37041358067 1.39154271123 1.39154271123 1.37190477928 1.37190477928 1.25677883002 1.25677883002 1.26841041571 1.26841041571 1.32549345109 1.32549345109 1.31871359019 1.31871359019 1.32824062361 1.32824062361 1.16938310792 1.16938310792 1.42250458241 1.42250458241 1.42402786203 1.42402786203 1.35982328396 1.35982328396 1.43940540051 1.43940540051 1.42620162327 1.42620162327 1.43575441828 1.43575441828 1.36462206297 1.36462206297 1.444451738 1.444451738 1.46870441768 1.46870441768 1.33891425152 1.33891425152 1.34968563598 1.34968563598 1.40654053978 1.40654053978 1.40420653786 1.40420653786 1.47017531346 1.47017531346 1.43818893582 1.43818893582 1.49275540706 1.49275540706 1.48745914983 1.48745914983 1.47462685269 1.47462685269 1.47241163977 1.47241163977 </shape_parameter>
	</rbf_mesh>
	<ldfe_ordinates>
		<dimension>2</dimension>
		<rule>1</rule>
		<number_of_moments>1</number_of_moments>
		<number_of_ordinates>16</number_of_ordinates>
		<ordinates data_order="dimension-ordinate">-0.209769106511 -0.209769106511 -0.209769106511 0.209769106511 0.209769106511 -0.209769106511 0.209769106511 0.209769106511 -0.95498368777 -0.209769106511 -0.95498368777 0.209769106511 0.95498368777 -0.209769106511 0.95498368777 0.209769106511 -0.209769106511 -0.95498368777 -0.209769106511 0.95498368777 0.209769106511 -0.95498368777 0.209769106511 0.95498368777 -0.57735026919 -0.57735026919 -0.57735026919 0.57735026919 0.57735026919 -0.57735026919 0.57735026919 0.57735026919 </ordinates>
		<weights data_order="ordinate">0.339836909454 0.339836909454 0.339836909454 0.339836909454 0.339836909454 0.339836909454 0.339836909454 0.339836909454 0.339836909454 0.339836909454 0.339836909454 0.339836909454 0.551285598432 0.551285598432 0.551285598432 0.551285598432 </weights>
		<mu data_order="ordinate">-0.209769106511 -0.209769106511 0.209769106511 0.209769106511 -0.95498368777 -0.95498368777 0.95498368777 0.95498368777 -0.209769106511 -0.209769106511 0.209769106511 0.209769106511 -0.57735026919 -0.57735026919 0.57735026919 0.57735026919 </mu>
		<eta data_order="ordinate">-0.209769106511 0.209769106511 -0.209769106511 0.209769106511 -0.209769106511 0.209769106511 -0.209769106511 0.209769106511 -0.95498368777 0.95498368777 -0.95498368777 0.95498368777 -0.57735026919 0.57735026919 -0.57735026919 0.57735026919 </eta>
		<xi data_order="ordinate">0.95498368777 0.95498368777 0.95498368777 0.95498368777 0.209769106511 0.209769106511 0.209769106511 0.209769106511 0.209769106511 0.209769106511 0.209769106511 0.209769106511 0.57735026919 0.57735026919 0.57735026919 0.57735026919 </xi>
		<weights data_order="ordinate">0.339836909454 0.339836909454 0.339836909454 0.339836909454 0.339836909454 0.339836909454 0.339836909454 0.339836909454 0.339836909454 0.339836909454 0.339836909454 0.339836909454 0.551285598432 0.551285598432 0.551285598432 0.551285598432 </weights>
	</ldfe_ordinates>
	<energy_discretization>
		<number_of_groups>1</number_of_groups>
		<energy_bounds data_order="group_bound">0 0 </energy_bounds>
	</energy_discretization>
</output>
