<?xml version="1.0"?>
<output>
	<solution>
		<time>102.187641811</time>
		<k_eigenvalue>1.17141812268</k_eigenvalue>
		<phi data_order="node-group-moment-cell">0.0970592572761 0.0302233465869 0.210356530378 0.0851264112907 0.263234134536 0.110607550534 0.514985772722 0.218004780962 0.562379719507 0.238103259784 0.807623117811 0.342086010956 0.854263497057 0.361812030487 1.09227070231 0.462651455932 1.13717032062 0.481660945556 1.36662947813 0.57886531706 1.40875536979 0.596710915847 1.62840240518 0.689756934035 1.66687935608 0.706062682377 1.87561537075 0.794488521455 1.90976393046 0.808965100363 2.10668973859 0.892391018092 2.13603700583 0.904837644833 2.32046548906 0.982972798701 2.34474604227 0.993276703319 2.5162033063 1.06592019322 2.53535252107 1.07405356294 2.69357018541 1.14109135377 2.70771039642 1.14710544939 2.85261034027 1.20850397882 2.86203070047 1.21252063271 2.99370372366 1.2683178111 2.99883505638 1.27051881334 3.11751506356 1.32081312185 3.11890123283 1.32142812946 3.22493659247 1.36636652015 3.2232039665 1.36566015362 3.31702760998 1.40542541263 3.31285409423 1.40368416411 3.39495376447 1.43848233316 3.38903870086 1.43600183519 3.45992853626 1.46605019236 3.45296452975 1.46312329638 3.51315888342 1.48863927711 3.50580629339 1.48554525464 3.55579643629 1.50673658823 3.54866107368 1.50373168461 3.58889514206 1.52078789993 3.5825093949 1.5180973361 3.61337573246 1.53118270155 3.60818318141 1.52899415155 3.62999705715 1.53824204281 3.62634050173 1.53670055476 3.63933405494 1.54220918897 3.63744675982 1.54141347033 3.64176201381 1.54324294097 3.64176201383 1.54324294098 3.63744675959 1.54141347023 3.63933405473 1.54220918889 3.62634050127 1.53670055456 3.62999705673 1.53824204263 3.60818318073 1.52899415127 3.61337573182 1.53118270128 3.58250939437 1.51809733588 3.58889514309 1.52078790036 3.54866107346 1.50373168451 3.55579643723 1.50673658863 3.50580629312 1.48554525453 3.51315888426 1.48863927746 3.45296452946 1.46312329626 3.45992853702 1.46605019269 3.38903870055 1.43600183506 3.39495376516 1.43848233346 3.31285409391 1.40368416398 3.3170276106 1.40542541289 3.22320396617 1.36566015348 3.22493659303 1.36636652039 3.1189012325 1.32142812932 3.11751506406 1.32081312206 2.99883505606 1.27051881321 2.99370372411 1.2683178113 2.86203070016 1.21252063258 2.85261034068 1.208503979 2.70771039612 1.14710544926 2.69357018578 1.14109135392 2.53535252079 1.07405356283 2.51620330662 1.06592019336 2.34474604201 0.993276703209 2.32046548935 0.982972798823 2.13603700559 0.904837644732 2.10668973884 0.892391018198 1.90976393024 0.808965100271 1.87561537097 0.794488521546 1.66687935589 0.706062682295 1.62840240536 0.68975693411 1.40875536962 0.596710915776 1.36662947828 0.578865317121 1.13717032048 0.481660945495 1.09227070242 0.462651455978 0.854263496937 0.361812030436 0.807623117887 0.342086010988 0.562379719413 0.238103259744 0.514985772765 0.218004780979 0.263234134468 0.110607550505 0.210356530386 0.0851264112933 0.0970592572735 0.0302233465866 </phi>
	</solution>
	<krylov_iteration>
		<max_iterations>5000</max_iterations>
		<source_iterations>0</source_iterations>
		<total_iterations>156</total_iterations>
		<tolerance>9.99999997475e-07</tolerance>
	</krylov_iteration>
	<nuclear_data>
		<sigma_t data_order="group-cell">20 40 20 40 20 40 20 40 20 40 20 40 20 40 20 40 20 40 20 40 20 40 20 40 20 40 20 40 20 40 20 40 20 40 20 40 20 40 20 40 20 40 20 40 20 40 20 40 20 40 20 40 20 40 20 40 20 40 20 40 20 40 20 40 20 40 20 40 20 40 20 40 20 40 20 40 20 40 20 40 20 40 20 40 20 40 20 40 20 40 20 40 20 40 20 40 20 40 20 40 20 40 20 40 20 40 20 40 20 40 20 40 20 40 20 40 20 40 20 40 20 40 20 40 20 40 20 40 20 40 20 40 20 40 20 40 20 40 20 40 20 40 20 40 20 40 20 40 20 40 20 40 20 40 20 40 20 40 20 40 20 40 20 40 20 40 20 40 20 40 20 40 20 40 20 40 20 40 20 40 20 40 20 40 20 40 20 40 20 40 20 40 20 40 20 40 20 40 20 40 </sigma_t>
		<sigma_s data_order="group_from-group_to-moment-cell">10.4 0 8.9 19 10.4 0 8.9 19 10.4 0 8.9 19 10.4 0 8.9 19 10.4 0 8.9 19 10.4 0 8.9 19 10.4 0 8.9 19 10.4 0 8.9 19 10.4 0 8.9 19 10.4 0 8.9 19 10.4 0 8.9 19 10.4 0 8.9 19 10.4 0 8.9 19 10.4 0 8.9 19 10.4 0 8.9 19 10.4 0 8.9 19 10.4 0 8.9 19 10.4 0 8.9 19 10.4 0 8.9 19 10.4 0 8.9 19 10.4 0 8.9 19 10.4 0 8.9 19 10.4 0 8.9 19 10.4 0 8.9 19 10.4 0 8.9 19 10.4 0 8.9 19 10.4 0 8.9 19 10.4 0 8.9 19 10.4 0 8.9 19 10.4 0 8.9 19 10.4 0 8.9 19 10.4 0 8.9 19 10.4 0 8.9 19 10.4 0 8.9 19 10.4 0 8.9 19 10.4 0 8.9 19 10.4 0 8.9 19 10.4 0 8.9 19 10.4 0 8.9 19 10.4 0 8.9 19 10.4 0 8.9 19 10.4 0 8.9 19 10.4 0 8.9 19 10.4 0 8.9 19 10.4 0 8.9 19 10.4 0 8.9 19 10.4 0 8.9 19 10.4 0 8.9 19 10.4 0 8.9 19 10.4 0 8.9 19 10.4 0 8.9 19 10.4 0 8.9 19 10.4 0 8.9 19 10.4 0 8.9 19 10.4 0 8.9 19 10.4 0 8.9 19 10.4 0 8.9 19 10.4 0 8.9 19 10.4 0 8.9 19 10.4 0 8.9 19 10.4 0 8.9 19 10.4 0 8.9 19 10.4 0 8.9 19 10.4 0 8.9 19 10.4 0 8.9 19 10.4 0 8.9 19 10.4 0 8.9 19 10.4 0 8.9 19 10.4 0 8.9 19 10.4 0 8.9 19 10.4 0 8.9 19 10.4 0 8.9 19 10.4 0 8.9 19 10.4 0 8.9 19 10.4 0 8.9 19 10.4 0 8.9 19 10.4 0 8.9 19 10.4 0 8.9 19 10.4 0 8.9 19 10.4 0 8.9 19 10.4 0 8.9 19 10.4 0 8.9 19 10.4 0 8.9 19 10.4 0 8.9 19 10.4 0 8.9 19 10.4 0 8.9 19 10.4 0 8.9 19 10.4 0 8.9 19 10.4 0 8.9 19 10.4 0 8.9 19 10.4 0 8.9 19 10.4 0 8.9 19 10.4 0 8.9 19 10.4 0 8.9 19 10.4 0 8.9 19 10.4 0 8.9 19 10.4 0 8.9 19 10.4 0 8.9 19 10.4 0 8.9 19 10.4 0 8.9 19 </sigma_s>
		<nu data_order="group-cell">2.4 2.4 2.4 2.4 2.4 2.4 2.4 2.4 2.4 2.4 2.4 2.4 2.4 2.4 2.4 2.4 2.4 2.4 2.4 2.4 2.4 2.4 2.4 2.4 2.4 2.4 2.4 2.4 2.4 2.4 2.4 2.4 2.4 2.4 2.4 2.4 2.4 2.4 2.4 2.4 2.4 2.4 2.4 2.4 2.4 2.4 2.4 2.4 2.4 2.4 2.4 2.4 2.4 2.4 2.4 2.4 2.4 2.4 2.4 2.4 2.4 2.4 2.4 2.4 2.4 2.4 2.4 2.4 2.4 2.4 2.4 2.4 2.4 2.4 2.4 2.4 2.4 2.4 2.4 2.4 2.4 2.4 2.4 2.4 2.4 2.4 2.4 2.4 2.4 2.4 2.4 2.4 2.4 2.4 2.4 2.4 2.4 2.4 2.4 2.4 2.4 2.4 2.4 2.4 2.4 2.4 2.4 2.4 2.4 2.4 2.4 2.4 2.4 2.4 2.4 2.4 2.4 2.4 2.4 2.4 2.4 2.4 2.4 2.4 2.4 2.4 2.4 2.4 2.4 2.4 2.4 2.4 2.4 2.4 2.4 2.4 2.4 2.4 2.4 2.4 2.4 2.4 2.4 2.4 2.4 2.4 2.4 2.4 2.4 2.4 2.4 2.4 2.4 2.4 2.4 2.4 2.4 2.4 2.4 2.4 2.4 2.4 2.4 2.4 2.4 2.4 2.4 2.4 2.4 2.4 2.4 2.4 2.4 2.4 2.4 2.4 2.4 2.4 2.4 2.4 2.4 2.4 2.4 2.4 2.4 2.4 2.4 2.4 2.4 2.4 2.4 2.4 2.4 2.4 2.4 2.4 2.4 2.4 2.4 2.4 </nu>
		<sigma_f data_order="group-cell">0.03 11 0.03 11 0.03 11 0.03 11 0.03 11 0.03 11 0.03 11 0.03 11 0.03 11 0.03 11 0.03 11 0.03 11 0.03 11 0.03 11 0.03 11 0.03 11 0.03 11 0.03 11 0.03 11 0.03 11 0.03 11 0.03 11 0.03 11 0.03 11 0.03 11 0.03 11 0.03 11 0.03 11 0.03 11 0.03 11 0.03 11 0.03 11 0.03 11 0.03 11 0.03 11 0.03 11 0.03 11 0.03 11 0.03 11 0.03 11 0.03 11 0.03 11 0.03 11 0.03 11 0.03 11 0.03 11 0.03 11 0.03 11 0.03 11 0.03 11 0.03 11 0.03 11 0.03 11 0.03 11 0.03 11 0.03 11 0.03 11 0.03 11 0.03 11 0.03 11 0.03 11 0.03 11 0.03 11 0.03 11 0.03 11 0.03 11 0.03 11 0.03 11 0.03 11 0.03 11 0.03 11 0.03 11 0.03 11 0.03 11 0.03 11 0.03 11 0.03 11 0.03 11 0.03 11 0.03 11 0.03 11 0.03 11 0.03 11 0.03 11 0.03 11 0.03 11 0.03 11 0.03 11 0.03 11 0.03 11 0.03 11 0.03 11 0.03 11 0.03 11 0.03 11 0.03 11 0.03 11 0.03 11 0.03 11 0.03 11 </sigma_f>
		<chi data_order="group-cell">1 0 1 0 1 0 1 0 1 0 1 0 1 0 1 0 1 0 1 0 1 0 1 0 1 0 1 0 1 0 1 0 1 0 1 0 1 0 1 0 1 0 1 0 1 0 1 0 1 0 1 0 1 0 1 0 1 0 1 0 1 0 1 0 1 0 1 0 1 0 1 0 1 0 1 0 1 0 1 0 1 0 1 0 1 0 1 0 1 0 1 0 1 0 1 0 1 0 1 0 1 0 1 0 1 0 1 0 1 0 1 0 1 0 1 0 1 0 1 0 1 0 1 0 1 0 1 0 1 0 1 0 1 0 1 0 1 0 1 0 1 0 1 0 1 0 1 0 1 0 1 0 1 0 1 0 1 0 1 0 1 0 1 0 1 0 1 0 1 0 1 0 1 0 1 0 1 0 1 0 1 0 1 0 1 0 1 0 1 0 1 0 1 0 1 0 1 0 1 0 </chi>
	</nuclear_data>
	<source_data>
		<alpha data_order="boundary_cell">0 0 </alpha>
		<internal_source data_order="node-group-moment-cell">1 0 1 0 1 0 1 0 1 0 1 0 1 0 1 0 1 0 1 0 1 0 1 0 1 0 1 0 1 0 1 0 1 0 1 0 1 0 1 0 1 0 1 0 1 0 1 0 1 0 1 0 1 0 1 0 1 0 1 0 1 0 1 0 1 0 1 0 1 0 1 0 1 0 1 0 1 0 1 0 1 0 1 0 1 0 1 0 1 0 1 0 1 0 1 0 1 0 1 0 1 0 1 0 1 0 1 0 1 0 1 0 1 0 1 0 1 0 1 0 1 0 1 0 1 0 1 0 1 0 1 0 1 0 1 0 1 0 1 0 1 0 1 0 1 0 1 0 1 0 1 0 1 0 1 0 1 0 1 0 1 0 1 0 1 0 1 0 1 0 1 0 1 0 1 0 1 0 1 0 1 0 1 0 1 0 1 0 1 0 1 0 1 0 1 0 1 0 1 0 </internal_source>
		<boundary_source data_order="group-ordinate-boundary_cell">0 0 0 0 0 0 0 0 0 0 0 0 0 0 0 0 0 0 0 0 0 0 0 0 0 0 0 0 0 0 0 0 0 0 0 0 0 0 0 0 0 0 0 0 0 0 0 0 0 0 0 0 0 0 0 0 0 0 0 0 0 0 0 0 </boundary_source>
	</source_data>
	<rbf_mesh>
		<dimension>1</dimension>
		<number_of_points>100</number_of_points>
		<boundary_points data_order="point">0 99 </boundary_points>
		<internal_points data_order="point">1 2 3 4 5 6 7 8 9 10 11 12 13 14 15 16 17 18 19 20 21 22 23 24 25 26 27 28 29 30 31 32 33 34 35 36 37 38 39 40 41 42 43 44 45 46 47 48 49 50 51 52 53 54 55 56 57 58 59 60 61 62 63 64 65 66 67 68 69 70 71 72 73 74 75 76 77 78 79 80 81 82 83 84 85 86 87 88 89 90 91 92 93 94 95 96 97 98 </internal_points>
		<material data_order="point">0 0 0 0 0 0 0 0 0 0 0 0 0 0 0 0 0 0 0 0 0 0 0 0 0 0 0 0 0 0 0 0 0 0 0 0 0 0 0 0 0 0 0 0 0 0 0 0 0 0 0 0 0 0 0 0 0 0 0 0 0 0 0 0 0 0 0 0 0 0 0 0 0 0 0 0 0 0 0 0 0 0 0 0 0 0 0 0 0 0 0 0 0 0 0 0 0 0 0 0 </material>
		<point_positions data_order="dimension-point">0 0.0204081632653 0.0612244897959 0.102040816327 0.142857142857 0.183673469388 0.224489795918 0.265306122449 0.30612244898 0.34693877551 0.387755102041 0.428571428571 0.469387755102 0.510204081633 0.551020408163 0.591836734694 0.632653061224 0.673469387755 0.714285714286 0.755102040816 0.795918367347 0.836734693878 0.877551020408 0.918367346939 0.959183673469 1 1.04081632653 1.08163265306 1.12244897959 1.16326530612 1.20408163265 1.24489795918 1.28571428571 1.32653061224 1.36734693878 1.40816326531 1.44897959184 1.48979591837 1.5306122449 1.57142857143 1.61224489796 1.65306122449 1.69387755102 1.73469387755 1.77551020408 1.81632653061 1.85714285714 1.89795918367 1.9387755102 1.97959183673 2.02040816327 2.0612244898 2.10204081633 2.14285714286 2.18367346939 2.22448979592 2.26530612245 2.30612244898 2.34693877551 2.38775510204 2.42857142857 2.4693877551 2.51020408163 2.55102040816 2.59183673469 2.63265306122 2.67346938776 2.71428571429 2.75510204082 2.79591836735 2.83673469388 2.87755102041 2.91836734694 2.95918367347 3 3.04081632653 3.08163265306 3.12244897959 3.16326530612 3.20408163265 3.24489795918 3.28571428571 3.32653061224 3.36734693878 3.40816326531 3.44897959184 3.48979591837 3.5306122449 3.57142857143 3.61224489796 3.65306122449 3.69387755102 3.73469387755 3.77551020408 3.81632653061 3.85714285714 3.89795918367 3.9387755102 3.97959183673 4 </point_positions>
		<shape_parameter data_order="dimension-point">49 49 24.5 24.5 24.5 24.5 24.5 24.5 24.5 24.5 24.5 24.5 24.5 24.5 24.5 24.5 24.5 24.5 24.5 24.5 24.5 24.5 24.5 24.5 24.5 24.5 24.5 24.5 24.5 24.5 24.5 24.5 24.5 24.5 24.5 24.5 24.5 24.5 24.5 24.5 24.5 24.5 24.5 24.5 24.5 24.5 24.5 24.5 24.5 24.5 24.5 24.5 24.5 24.5 24.5 24.5 24.5 24.5 24.5 24.5 24.5 24.5 24.5 24.5 24.5 24.5 24.5 24.5 24.5 24.5 24.5 24.5 24.5 24.5 24.5 24.5 24.5 24.5 24.5 24.5 24.5 24.5 24.5 24.5 24.5 24.5 24.5 24.5 24.5 24.5 24.5 24.5 24.5 24.5 24.5 24.5 24.5 24.5 49 49 </shape_parameter>
	</rbf_mesh>
	<gauss_legendre_ordinates>
		<dimension>1</dimension>
		<number_of_moments>1</number_of_moments>
		<number_of_ordinates>16</number_of_ordinates>
		<ordinates data_order="ordinate">-0.989400934992 -0.944575023073 -0.865631202388 -0.755404408355 -0.617876244403 -0.458016777657 -0.281603550779 -0.0950125098376 0.0950125098376 0.281603550779 0.458016777657 0.617876244403 0.755404408355 0.865631202388 0.944575023073 0.989400934992 </ordinates>
		<weights data_order="ordinate">0.0271524594118 0.0622535239386 0.0951585116825 0.124628971256 0.149595988817 0.169156519395 0.182603415045 0.189450610455 0.189450610455 0.182603415045 0.169156519395 0.149595988817 0.124628971256 0.0951585116825 0.0622535239386 0.0271524594118 </weights>
	</gauss_legendre_ordinates>
	<energy_discretization>
		<number_of_groups>2</number_of_groups>
		<energy_bounds data_order="group_bound">0 0 0 </energy_bounds>
	</energy_discretization>
</output>
