<?xml version="1.0"?>
<output>
	<solution>
		<time>2.174442475</time>
		<k_eigenvalue>1.17124161777</k_eigenvalue>
		<phi data_order="node-group-moment-cell">0.0841566492624 0.0258737415098 0.458962733063 0.193578983004 0.684053443654 0.290249167094 1.44362647311 0.612217762254 1.53136110097 0.649305498014 2.08554203543 0.884018568866 2.02490513821 0.858168507888 2.39176108786 1.01334875643 2.24429640831 0.950818308288 2.49692773725 1.05758770845 2.32124332435 0.983250049847 2.52143209326 1.06782791829 2.33869734903 0.990598918605 2.52143209326 1.06782791829 2.32124332435 0.983250049848 2.49692773725 1.05758770845 2.24429640831 0.950818308288 2.39176108786 1.01334875643 2.02490513821 0.858168507888 2.08554203543 0.884018568866 1.53136110097 0.649305498014 1.44362647311 0.612217762254 0.684053443654 0.290249167094 0.458962733063 0.193578983004 0.0841566492625 0.0258737415098 </phi>
	</solution>
	<source_iteration>
		<max_iterations>5000</max_iterations>
		<source_iterations>0</source_iterations>
		<total_iterations>363</total_iterations>
		<tolerance>9.99999997475e-07</tolerance>
	</source_iteration>
	<nuclear_data>
		<sigma_t data_order="group-cell">20 40 20 40 20 40 20 40 20 40 20 40 20 40 20 40 20 40 20 40 20 40 20 40 20 40 20 40 20 40 20 40 20 40 20 40 20 40 20 40 20 40 20 40 20 40 20 40 20 40 </sigma_t>
		<sigma_s data_order="group_from-group_to-moment-cell">10.4 0 8.9 19 10.4 0 8.9 19 10.4 0 8.9 19 10.4 0 8.9 19 10.4 0 8.9 19 10.4 0 8.9 19 10.4 0 8.9 19 10.4 0 8.9 19 10.4 0 8.9 19 10.4 0 8.9 19 10.4 0 8.9 19 10.4 0 8.9 19 10.4 0 8.9 19 10.4 0 8.9 19 10.4 0 8.9 19 10.4 0 8.9 19 10.4 0 8.9 19 10.4 0 8.9 19 10.4 0 8.9 19 10.4 0 8.9 19 10.4 0 8.9 19 10.4 0 8.9 19 10.4 0 8.9 19 10.4 0 8.9 19 10.4 0 8.9 19 </sigma_s>
		<nu data_order="group-cell">2.4 2.4 2.4 2.4 2.4 2.4 2.4 2.4 2.4 2.4 2.4 2.4 2.4 2.4 2.4 2.4 2.4 2.4 2.4 2.4 2.4 2.4 2.4 2.4 2.4 2.4 2.4 2.4 2.4 2.4 2.4 2.4 2.4 2.4 2.4 2.4 2.4 2.4 2.4 2.4 2.4 2.4 2.4 2.4 2.4 2.4 2.4 2.4 2.4 2.4 </nu>
		<sigma_f data_order="group-cell">0.03 11 0.03 11 0.03 11 0.03 11 0.03 11 0.03 11 0.03 11 0.03 11 0.03 11 0.03 11 0.03 11 0.03 11 0.03 11 0.03 11 0.03 11 0.03 11 0.03 11 0.03 11 0.03 11 0.03 11 0.03 11 0.03 11 0.03 11 0.03 11 0.03 11 </sigma_f>
		<chi data_order="group-cell">1 0 1 0 1 0 1 0 1 0 1 0 1 0 1 0 1 0 1 0 1 0 1 0 1 0 1 0 1 0 1 0 1 0 1 0 1 0 1 0 1 0 1 0 1 0 1 0 1 0 </chi>
	</nuclear_data>
	<source_data>
		<alpha data_order="boundary_cell">0 0 </alpha>
		<internal_source data_order="node-group-moment-cell">1 0 1 0 1 0 1 0 1 0 1 0 1 0 1 0 1 0 1 0 1 0 1 0 1 0 1 0 1 0 1 0 1 0 1 0 1 0 1 0 1 0 1 0 1 0 1 0 1 0 </internal_source>
		<boundary_source data_order="group-ordinate-boundary_cell">0 0 0 0 0 0 0 0 0 0 0 0 0 0 0 0 0 0 0 0 0 0 0 0 0 0 0 0 0 0 0 0 0 0 0 0 0 0 0 0 0 0 0 0 0 0 0 0 0 0 0 0 0 0 0 0 0 0 0 0 0 0 0 0 </boundary_source>
	</source_data>
	<rbf_mesh>
		<dimension>1</dimension>
		<number_of_points>25</number_of_points>
		<boundary_points data_order="point">0 24 </boundary_points>
		<internal_points data_order="point">1 2 3 4 5 6 7 8 9 10 11 12 13 14 15 16 17 18 19 20 21 22 23 </internal_points>
		<material data_order="point">0 0 0 0 0 0 0 0 0 0 0 0 0 0 0 0 0 0 0 0 0 0 0 0 0 </material>
		<point_positions data_order="dimension-point">0 0.0869565217391 0.260869565217 0.434782608696 0.608695652174 0.782608695652 0.95652173913 1.13043478261 1.30434782609 1.47826086957 1.65217391304 1.82608695652 2 2.17391304348 2.34782608696 2.52173913043 2.69565217391 2.86956521739 3.04347826087 3.21739130435 3.39130434783 3.5652173913 3.73913043478 3.91304347826 4 </point_positions>
		<shape_parameter data_order="dimension-point">11.5 11.5 5.75 5.75 5.75 5.75 5.75 5.75 5.75 5.75 5.75 5.75 5.75 5.75 5.75 5.75 5.75 5.75 5.75 5.75 5.75 5.75 5.75 11.5 11.5 </shape_parameter>
	</rbf_mesh>
	<gauss_legendre_ordinates>
		<dimension>1</dimension>
		<number_of_moments>1</number_of_moments>
		<number_of_ordinates>16</number_of_ordinates>
		<ordinates data_order="ordinate">-0.989400934992 -0.944575023073 -0.865631202388 -0.755404408355 -0.617876244403 -0.458016777657 -0.281603550779 -0.0950125098376 0.0950125098376 0.281603550779 0.458016777657 0.617876244403 0.755404408355 0.865631202388 0.944575023073 0.989400934992 </ordinates>
		<weights data_order="ordinate">0.0271524594118 0.0622535239386 0.0951585116825 0.124628971256 0.149595988817 0.169156519395 0.182603415045 0.189450610455 0.189450610455 0.182603415045 0.169156519395 0.149595988817 0.124628971256 0.0951585116825 0.0622535239386 0.0271524594118 </weights>
	</gauss_legendre_ordinates>
	<energy_discretization>
		<number_of_groups>2</number_of_groups>
		<energy_bounds data_order="group_bound">0 0 0 </energy_bounds>
	</energy_discretization>
</output>
