<?xml version="1.0"?>
<output>
	<solution>
		<time>16.8913</time>
		<k_eigenvalue>1.17148</k_eigenvalue>
		<phi data_order="node-group-moment-cell">0.00263144 0.000820353 0.00515281 0.00207314 0.00857045 0.00361375 0.0133647 0.00565926 0.0165629 0.00701506 0.0212896 0.00902146 0.0244753 0.0103695 0.0291216 0.0123396 0.0322887 0.0136804 0.0368433 0.0156111 0.0399777 0.0169385 0.044426 0.0188239 0.0475127 0.0201313 0.0518401 0.0219652 0.0548648 0.0232466 0.0590571 0.0250231 0.0620059 0.0262724 0.0660495 0.0279858 0.0689086 0.0291972 0.0727897 0.0308417 0.0755463 0.0320097 0.0792522 0.0335799 0.0818936 0.034699 0.0854115 0.0361896 0.0879255 0.0372548 0.0912444 0.0386611 0.0936201 0.0396677 0.0967287 0.0409848 0.0989553 0.0419283 0.101843 0.0431518 0.103911 0.0440279 0.106568 0.0451539 0.108468 0.0459587 0.110886 0.0469833 0.112608 0.0477132 0.114779 0.0486328 0.116317 0.0492847 0.118233 0.0500963 0.11958 0.0506672 0.121234 0.0513679 0.122384 0.0518553 0.123771 0.0524429 0.124719 0.0528446 0.125834 0.0533171 0.126576 0.0536315 0.127416 0.0539873 0.127948 0.0542129 0.12851 0.0544508 0.12883 0.0545865 0.129111 0.0547056 0.129218 0.0547509 0.129218 0.0547509 0.129111 0.0547056 0.12883 0.0545865 0.12851 0.0544508 0.127948 0.0542129 0.127416 0.0539873 0.126576 0.0536315 0.125834 0.0533171 0.124719 0.0528446 0.123771 0.0524429 0.122384 0.0518553 0.121234 0.0513679 0.11958 0.0506672 0.118233 0.0500963 0.116317 0.0492847 0.114779 0.0486328 0.112608 0.0477132 0.110886 0.0469833 0.108468 0.0459587 0.106568 0.0451539 0.103911 0.0440279 0.101843 0.0431518 0.0989553 0.0419283 0.0967287 0.0409848 0.0936201 0.0396677 0.0912444 0.0386611 0.0879255 0.0372548 0.0854115 0.0361896 0.0818936 0.034699 0.0792522 0.0335799 0.0755463 0.0320097 0.0727897 0.0308417 0.0689086 0.0291972 0.0660495 0.0279858 0.0620059 0.0262724 0.0590571 0.0250231 0.0548648 0.0232466 0.0518401 0.0219652 0.0475127 0.0201313 0.044426 0.0188239 0.0399777 0.0169385 0.0368433 0.0156111 0.0322887 0.0136804 0.0291216 0.0123396 0.0244753 0.0103695 0.0212896 0.00902146 0.0165629 0.00701506 0.0133647 0.00565926 0.00857045 0.00361375 0.00515281 0.00207314 0.00263144 0.000820353 </phi>
	</solution>
	<krylov_iteration>
		<max_iterations>5000</max_iterations>
		<source_iterations>0</source_iterations>
		<total_iterations>29</total_iterations>
		<tolerance>1e-06</tolerance>
	</krylov_iteration>
	<nuclear_data>
		<sigma_t data_order="group-cell">20 40 20 40 20 40 20 40 20 40 20 40 20 40 20 40 20 40 20 40 20 40 20 40 20 40 20 40 20 40 20 40 20 40 20 40 20 40 20 40 20 40 20 40 20 40 20 40 20 40 20 40 20 40 20 40 20 40 20 40 20 40 20 40 20 40 20 40 20 40 20 40 20 40 20 40 20 40 20 40 20 40 20 40 20 40 20 40 20 40 20 40 20 40 20 40 20 40 20 40 20 40 20 40 20 40 20 40 20 40 20 40 20 40 20 40 20 40 20 40 20 40 20 40 20 40 20 40 20 40 20 40 20 40 20 40 20 40 20 40 20 40 20 40 20 40 20 40 20 40 20 40 20 40 20 40 20 40 20 40 20 40 20 40 20 40 20 40 20 40 20 40 20 40 20 40 20 40 20 40 20 40 20 40 20 40 20 40 20 40 20 40 20 40 20 40 20 40 20 40 20 40 20 40 </sigma_t>
		<sigma_s data_order="group_from-group_to-moment-cell">10.4 0 8.9 19 10.4 0 8.9 19 10.4 0 8.9 19 10.4 0 8.9 19 10.4 0 8.9 19 10.4 0 8.9 19 10.4 0 8.9 19 10.4 0 8.9 19 10.4 0 8.9 19 10.4 0 8.9 19 10.4 0 8.9 19 10.4 0 8.9 19 10.4 0 8.9 19 10.4 0 8.9 19 10.4 0 8.9 19 10.4 0 8.9 19 10.4 0 8.9 19 10.4 0 8.9 19 10.4 0 8.9 19 10.4 0 8.9 19 10.4 0 8.9 19 10.4 0 8.9 19 10.4 0 8.9 19 10.4 0 8.9 19 10.4 0 8.9 19 10.4 0 8.9 19 10.4 0 8.9 19 10.4 0 8.9 19 10.4 0 8.9 19 10.4 0 8.9 19 10.4 0 8.9 19 10.4 0 8.9 19 10.4 0 8.9 19 10.4 0 8.9 19 10.4 0 8.9 19 10.4 0 8.9 19 10.4 0 8.9 19 10.4 0 8.9 19 10.4 0 8.9 19 10.4 0 8.9 19 10.4 0 8.9 19 10.4 0 8.9 19 10.4 0 8.9 19 10.4 0 8.9 19 10.4 0 8.9 19 10.4 0 8.9 19 10.4 0 8.9 19 10.4 0 8.9 19 10.4 0 8.9 19 10.4 0 8.9 19 10.4 0 8.9 19 10.4 0 8.9 19 10.4 0 8.9 19 10.4 0 8.9 19 10.4 0 8.9 19 10.4 0 8.9 19 10.4 0 8.9 19 10.4 0 8.9 19 10.4 0 8.9 19 10.4 0 8.9 19 10.4 0 8.9 19 10.4 0 8.9 19 10.4 0 8.9 19 10.4 0 8.9 19 10.4 0 8.9 19 10.4 0 8.9 19 10.4 0 8.9 19 10.4 0 8.9 19 10.4 0 8.9 19 10.4 0 8.9 19 10.4 0 8.9 19 10.4 0 8.9 19 10.4 0 8.9 19 10.4 0 8.9 19 10.4 0 8.9 19 10.4 0 8.9 19 10.4 0 8.9 19 10.4 0 8.9 19 10.4 0 8.9 19 10.4 0 8.9 19 10.4 0 8.9 19 10.4 0 8.9 19 10.4 0 8.9 19 10.4 0 8.9 19 10.4 0 8.9 19 10.4 0 8.9 19 10.4 0 8.9 19 10.4 0 8.9 19 10.4 0 8.9 19 10.4 0 8.9 19 10.4 0 8.9 19 10.4 0 8.9 19 10.4 0 8.9 19 10.4 0 8.9 19 10.4 0 8.9 19 10.4 0 8.9 19 10.4 0 8.9 19 10.4 0 8.9 19 10.4 0 8.9 19 10.4 0 8.9 19 10.4 0 8.9 19 10.4 0 8.9 19 </sigma_s>
		<nu data_order="group-cell">2.4 2.4 2.4 2.4 2.4 2.4 2.4 2.4 2.4 2.4 2.4 2.4 2.4 2.4 2.4 2.4 2.4 2.4 2.4 2.4 2.4 2.4 2.4 2.4 2.4 2.4 2.4 2.4 2.4 2.4 2.4 2.4 2.4 2.4 2.4 2.4 2.4 2.4 2.4 2.4 2.4 2.4 2.4 2.4 2.4 2.4 2.4 2.4 2.4 2.4 2.4 2.4 2.4 2.4 2.4 2.4 2.4 2.4 2.4 2.4 2.4 2.4 2.4 2.4 2.4 2.4 2.4 2.4 2.4 2.4 2.4 2.4 2.4 2.4 2.4 2.4 2.4 2.4 2.4 2.4 2.4 2.4 2.4 2.4 2.4 2.4 2.4 2.4 2.4 2.4 2.4 2.4 2.4 2.4 2.4 2.4 2.4 2.4 2.4 2.4 2.4 2.4 2.4 2.4 2.4 2.4 2.4 2.4 2.4 2.4 2.4 2.4 2.4 2.4 2.4 2.4 2.4 2.4 2.4 2.4 2.4 2.4 2.4 2.4 2.4 2.4 2.4 2.4 2.4 2.4 2.4 2.4 2.4 2.4 2.4 2.4 2.4 2.4 2.4 2.4 2.4 2.4 2.4 2.4 2.4 2.4 2.4 2.4 2.4 2.4 2.4 2.4 2.4 2.4 2.4 2.4 2.4 2.4 2.4 2.4 2.4 2.4 2.4 2.4 2.4 2.4 2.4 2.4 2.4 2.4 2.4 2.4 2.4 2.4 2.4 2.4 2.4 2.4 2.4 2.4 2.4 2.4 2.4 2.4 2.4 2.4 2.4 2.4 2.4 2.4 2.4 2.4 2.4 2.4 2.4 2.4 2.4 2.4 2.4 2.4 2.4 2.4 2.4 2.4 </nu>
		<sigma_f data_order="group-cell">0.03 11 0.03 11 0.03 11 0.03 11 0.03 11 0.03 11 0.03 11 0.03 11 0.03 11 0.03 11 0.03 11 0.03 11 0.03 11 0.03 11 0.03 11 0.03 11 0.03 11 0.03 11 0.03 11 0.03 11 0.03 11 0.03 11 0.03 11 0.03 11 0.03 11 0.03 11 0.03 11 0.03 11 0.03 11 0.03 11 0.03 11 0.03 11 0.03 11 0.03 11 0.03 11 0.03 11 0.03 11 0.03 11 0.03 11 0.03 11 0.03 11 0.03 11 0.03 11 0.03 11 0.03 11 0.03 11 0.03 11 0.03 11 0.03 11 0.03 11 0.03 11 0.03 11 0.03 11 0.03 11 0.03 11 0.03 11 0.03 11 0.03 11 0.03 11 0.03 11 0.03 11 0.03 11 0.03 11 0.03 11 0.03 11 0.03 11 0.03 11 0.03 11 0.03 11 0.03 11 0.03 11 0.03 11 0.03 11 0.03 11 0.03 11 0.03 11 0.03 11 0.03 11 0.03 11 0.03 11 0.03 11 0.03 11 0.03 11 0.03 11 0.03 11 0.03 11 0.03 11 0.03 11 0.03 11 0.03 11 0.03 11 0.03 11 0.03 11 0.03 11 0.03 11 0.03 11 0.03 11 0.03 11 0.03 11 0.03 11 0.03 11 0.03 11 </sigma_f>
		<chi data_order="group-cell">1 0 1 0 1 0 1 0 1 0 1 0 1 0 1 0 1 0 1 0 1 0 1 0 1 0 1 0 1 0 1 0 1 0 1 0 1 0 1 0 1 0 1 0 1 0 1 0 1 0 1 0 1 0 1 0 1 0 1 0 1 0 1 0 1 0 1 0 1 0 1 0 1 0 1 0 1 0 1 0 1 0 1 0 1 0 1 0 1 0 1 0 1 0 1 0 1 0 1 0 1 0 1 0 1 0 1 0 1 0 1 0 1 0 1 0 1 0 1 0 1 0 1 0 1 0 1 0 1 0 1 0 1 0 1 0 1 0 1 0 1 0 1 0 1 0 1 0 1 0 1 0 1 0 1 0 1 0 1 0 1 0 1 0 1 0 1 0 1 0 1 0 1 0 1 0 1 0 1 0 1 0 1 0 1 0 1 0 1 0 1 0 1 0 1 0 1 0 1 0 1 0 1 0 </chi>
	</nuclear_data>
	<source_data>
		<alpha data_order="boundary_cell">0 0 </alpha>
		<internal_source data_order="node-group-moment-cell">1 0 1 0 1 0 1 0 1 0 1 0 1 0 1 0 1 0 1 0 1 0 1 0 1 0 1 0 1 0 1 0 1 0 1 0 1 0 1 0 1 0 1 0 1 0 1 0 1 0 1 0 1 0 1 0 1 0 1 0 1 0 1 0 1 0 1 0 1 0 1 0 1 0 1 0 1 0 1 0 1 0 1 0 1 0 1 0 1 0 1 0 1 0 1 0 1 0 1 0 1 0 1 0 1 0 1 0 1 0 1 0 1 0 1 0 1 0 1 0 1 0 1 0 1 0 1 0 1 0 1 0 1 0 1 0 1 0 1 0 1 0 1 0 1 0 1 0 1 0 1 0 1 0 1 0 1 0 1 0 1 0 1 0 1 0 1 0 1 0 1 0 1 0 1 0 1 0 1 0 1 0 1 0 1 0 1 0 1 0 1 0 1 0 1 0 1 0 1 0 1 0 1 0 </internal_source>
		<boundary_source data_order="group-ordinate-boundary_cell">0 0 0 0 0 0 0 0 0 0 0 0 0 0 0 0 0 0 0 0 0 0 0 0 0 0 0 0 0 0 0 0 0 0 0 0 0 0 0 0 0 0 0 0 0 0 0 0 0 0 0 0 0 0 0 0 0 0 0 0 0 0 0 0 </boundary_source>
	</source_data>
	<rbf_mesh>
		<dimension>1</dimension>
		<number_of_points>102</number_of_points>
		<boundary_points data_order="point">0 101 </boundary_points>
		<internal_points data_order="point">1 2 3 4 5 6 7 8 9 10 11 12 13 14 15 16 17 18 19 20 21 22 23 24 25 26 27 28 29 30 31 32 33 34 35 36 37 38 39 40 41 42 43 44 45 46 47 48 49 50 51 52 53 54 55 56 57 58 59 60 61 62 63 64 65 66 67 68 69 70 71 72 73 74 75 76 77 78 79 80 81 82 83 84 85 86 87 88 89 90 91 92 93 94 95 96 97 98 99 100 </internal_points>
		<material data_order="point">0 0 0 0 0 0 0 0 0 0 0 0 0 0 0 0 0 0 0 0 0 0 0 0 0 0 0 0 0 0 0 0 0 0 0 0 0 0 0 0 0 0 0 0 0 0 0 0 0 0 0 0 0 0 0 0 0 0 0 0 0 0 0 0 0 0 0 0 0 0 0 0 0 0 0 0 0 0 0 0 0 0 0 0 0 0 0 0 0 0 0 0 0 0 0 0 0 0 0 0 0 0 </material>
		<point_positions data_order="dimension-point">0 0.02 0.06 0.1 0.14 0.18 0.22 0.26 0.3 0.34 0.38 0.42 0.46 0.5 0.54 0.58 0.62 0.66 0.7 0.74 0.78 0.82 0.86 0.9 0.94 0.98 1.02 1.06 1.1 1.14 1.18 1.22 1.26 1.3 1.34 1.38 1.42 1.46 1.5 1.54 1.58 1.62 1.66 1.7 1.74 1.78 1.82 1.86 1.9 1.94 1.98 2.02 2.06 2.1 2.14 2.18 2.22 2.26 2.3 2.34 2.38 2.42 2.46 2.5 2.54 2.58 2.62 2.66 2.7 2.74 2.78 2.82 2.86 2.9 2.94 2.98 3.02 3.06 3.1 3.14 3.18 3.22 3.26 3.3 3.34 3.38 3.42 3.46 3.5 3.54 3.58 3.62 3.66 3.7 3.74 3.78 3.82 3.86 3.9 3.94 3.98 4 </point_positions>
		<shape_parameter data_order="dimension-point">20 20 10 10 10 10 10 10 10 10 10 10 10 10 10 10 10 10 10 10 10 10 10 10 10 10 10 10 10 10 10 10 10 10 10 10 10 10 10 10 10 10 10 10 10 10 10 10 10 10 10 10 10 10 10 10 10 10 10 10 10 10 10 10 10 10 10 10 10 10 10 10 10 10 10 10 10 10 10 10 10 10 10 10 10 10 10 10 10 10 10 10 10 10 10 10 10 10 10 10 20 20 </shape_parameter>
	</rbf_mesh>
	<gauss_legendre_ordinates>
		<dimension>1</dimension>
		<number_of_moments>1</number_of_moments>
		<number_of_ordinates>16</number_of_ordinates>
		<ordinates data_order="ordinate">-0.989401 -0.944575 -0.865631 -0.755404 -0.617876 -0.458017 -0.281604 -0.0950125 0.0950125 0.281604 0.458017 0.617876 0.755404 0.865631 0.944575 0.989401 </ordinates>
		<weights data_order="ordinate">0.0271525 0.0622535 0.0951585 0.124629 0.149596 0.169157 0.182603 0.189451 0.189451 0.182603 0.169157 0.149596 0.124629 0.0951585 0.0622535 0.0271525 </weights>
	</gauss_legendre_ordinates>
	<energy_discretization>
		<number_of_groups>2</number_of_groups>
		<energy_bounds data_order="group_bound">0 0 0 </energy_bounds>
	</energy_discretization>
</output>
