<?xml version="1.0"?>
<output>
	<solution>
		<time>6.839490657</time>
		<k_eigenvalue>1.17147171847</k_eigenvalue>
		<phi data_order="node-group-moment-cell">0.00383271059043 0.00118316753298 0.012189766724 0.00507059367303 0.0184127153553 0.00779726976355 0.0362007847856 0.0153395111446 0.0424277177607 0.017976352007 0.0594127651945 0.02517395201 0.0656890296781 0.0278328364945 0.0816660201532 0.0346025803068 0.0878167776567 0.0372086717871 0.102585109976 0.0434661524868 0.108446655993 0.0459497463461 0.121817150436 0.0516149165897 0.127235657534 0.0539107809852 0.139036403509 0.0589108647649 0.143872921525 0.0609601063105 0.153950711912 0.0652301912045 0.158082836761 0.066980994519 0.166308788307 0.0704663917081 0.169633191398 0.0718749662435 0.175898356873 0.0745295776951 0.178333305857 0.075561268603 0.182555958094 0.0773504496477 0.184040740438 0.0779795728643 0.186166474979 0.0788802588698 0.186665732381 0.0790917900389 0.186665732381 0.0790917900389 0.186166474979 0.0788802588698 0.184040740439 0.0779795728643 0.182555958093 0.0773504496477 0.178333305857 0.075561268603 0.175898356873 0.0745295776951 0.169633191398 0.0718749662435 0.166308788307 0.0704663917081 0.158082836761 0.066980994519 0.153950711912 0.0652301912044 0.143872921525 0.0609601063106 0.139036403509 0.0589108647649 0.127235657534 0.0539107809852 0.121817150436 0.0516149165897 0.108446655993 0.0459497463461 0.102585109976 0.0434661524868 0.0878167776568 0.0372086717871 0.0816660201532 0.0346025803068 0.0656890296781 0.0278328364945 0.0594127651946 0.02517395201 0.0424277177606 0.017976352007 0.0362007847858 0.0153395111447 0.0184127153543 0.0077972697634 0.0121897667269 0.00507059367343 0.00383271060816 0.00118316753489 </phi>
	</solution>
	<krylov_iteration>
		<max_iterations>5000</max_iterations>
		<source_iterations>0</source_iterations>
		<total_iterations>27</total_iterations>
		<tolerance>9.99999997475e-07</tolerance>
	</krylov_iteration>
	<nuclear_data>
		<sigma_t data_order="group-cell">20 40 20 40 20 40 20 40 20 40 20 40 20 40 20 40 20 40 20 40 20 40 20 40 20 40 20 40 20 40 20 40 20 40 20 40 20 40 20 40 20 40 20 40 20 40 20 40 20 40 20 40 20 40 20 40 20 40 20 40 20 40 20 40 20 40 20 40 20 40 20 40 20 40 20 40 20 40 20 40 20 40 20 40 20 40 20 40 20 40 20 40 20 40 20 40 20 40 20 40 </sigma_t>
		<sigma_s data_order="group_from-group_to-moment-cell">10.4 0 8.9 19 10.4 0 8.9 19 10.4 0 8.9 19 10.4 0 8.9 19 10.4 0 8.9 19 10.4 0 8.9 19 10.4 0 8.9 19 10.4 0 8.9 19 10.4 0 8.9 19 10.4 0 8.9 19 10.4 0 8.9 19 10.4 0 8.9 19 10.4 0 8.9 19 10.4 0 8.9 19 10.4 0 8.9 19 10.4 0 8.9 19 10.4 0 8.9 19 10.4 0 8.9 19 10.4 0 8.9 19 10.4 0 8.9 19 10.4 0 8.9 19 10.4 0 8.9 19 10.4 0 8.9 19 10.4 0 8.9 19 10.4 0 8.9 19 10.4 0 8.9 19 10.4 0 8.9 19 10.4 0 8.9 19 10.4 0 8.9 19 10.4 0 8.9 19 10.4 0 8.9 19 10.4 0 8.9 19 10.4 0 8.9 19 10.4 0 8.9 19 10.4 0 8.9 19 10.4 0 8.9 19 10.4 0 8.9 19 10.4 0 8.9 19 10.4 0 8.9 19 10.4 0 8.9 19 10.4 0 8.9 19 10.4 0 8.9 19 10.4 0 8.9 19 10.4 0 8.9 19 10.4 0 8.9 19 10.4 0 8.9 19 10.4 0 8.9 19 10.4 0 8.9 19 10.4 0 8.9 19 10.4 0 8.9 19 </sigma_s>
		<nu data_order="group-cell">2.4 2.4 2.4 2.4 2.4 2.4 2.4 2.4 2.4 2.4 2.4 2.4 2.4 2.4 2.4 2.4 2.4 2.4 2.4 2.4 2.4 2.4 2.4 2.4 2.4 2.4 2.4 2.4 2.4 2.4 2.4 2.4 2.4 2.4 2.4 2.4 2.4 2.4 2.4 2.4 2.4 2.4 2.4 2.4 2.4 2.4 2.4 2.4 2.4 2.4 2.4 2.4 2.4 2.4 2.4 2.4 2.4 2.4 2.4 2.4 2.4 2.4 2.4 2.4 2.4 2.4 2.4 2.4 2.4 2.4 2.4 2.4 2.4 2.4 2.4 2.4 2.4 2.4 2.4 2.4 2.4 2.4 2.4 2.4 2.4 2.4 2.4 2.4 2.4 2.4 2.4 2.4 2.4 2.4 2.4 2.4 2.4 2.4 2.4 2.4 </nu>
		<sigma_f data_order="group-cell">0.03 11 0.03 11 0.03 11 0.03 11 0.03 11 0.03 11 0.03 11 0.03 11 0.03 11 0.03 11 0.03 11 0.03 11 0.03 11 0.03 11 0.03 11 0.03 11 0.03 11 0.03 11 0.03 11 0.03 11 0.03 11 0.03 11 0.03 11 0.03 11 0.03 11 0.03 11 0.03 11 0.03 11 0.03 11 0.03 11 0.03 11 0.03 11 0.03 11 0.03 11 0.03 11 0.03 11 0.03 11 0.03 11 0.03 11 0.03 11 0.03 11 0.03 11 0.03 11 0.03 11 0.03 11 0.03 11 0.03 11 0.03 11 0.03 11 0.03 11 </sigma_f>
		<chi data_order="group-cell">1 0 1 0 1 0 1 0 1 0 1 0 1 0 1 0 1 0 1 0 1 0 1 0 1 0 1 0 1 0 1 0 1 0 1 0 1 0 1 0 1 0 1 0 1 0 1 0 1 0 1 0 1 0 1 0 1 0 1 0 1 0 1 0 1 0 1 0 1 0 1 0 1 0 1 0 1 0 1 0 1 0 1 0 1 0 1 0 1 0 1 0 1 0 1 0 1 0 1 0 </chi>
	</nuclear_data>
	<source_data>
		<alpha data_order="boundary_cell">0 0 </alpha>
		<internal_source data_order="node-group-moment-cell">1 0 1 0 1 0 1 0 1 0 1 0 1 0 1 0 1 0 1 0 1 0 1 0 1 0 1 0 1 0 1 0 1 0 1 0 1 0 1 0 1 0 1 0 1 0 1 0 1 0 1 0 1 0 1 0 1 0 1 0 1 0 1 0 1 0 1 0 1 0 1 0 1 0 1 0 1 0 1 0 1 0 1 0 1 0 1 0 1 0 1 0 1 0 1 0 1 0 1 0 </internal_source>
		<boundary_source data_order="group-ordinate-boundary_cell">0 0 0 0 0 0 0 0 0 0 0 0 0 0 0 0 0 0 0 0 0 0 0 0 0 0 0 0 0 0 0 0 0 0 0 0 0 0 0 0 0 0 0 0 0 0 0 0 0 0 0 0 0 0 0 0 0 0 0 0 0 0 0 0 </boundary_source>
	</source_data>
	<rbf_mesh>
		<dimension>1</dimension>
		<number_of_points>50</number_of_points>
		<boundary_points data_order="point">0 49 </boundary_points>
		<internal_points data_order="point">1 2 3 4 5 6 7 8 9 10 11 12 13 14 15 16 17 18 19 20 21 22 23 24 25 26 27 28 29 30 31 32 33 34 35 36 37 38 39 40 41 42 43 44 45 46 47 48 </internal_points>
		<material data_order="point">0 0 0 0 0 0 0 0 0 0 0 0 0 0 0 0 0 0 0 0 0 0 0 0 0 0 0 0 0 0 0 0 0 0 0 0 0 0 0 0 0 0 0 0 0 0 0 0 0 0 </material>
		<point_positions data_order="dimension-point">0 0.0416666666667 0.125 0.208333333333 0.291666666667 0.375 0.458333333333 0.541666666667 0.625 0.708333333333 0.791666666667 0.875 0.958333333333 1.04166666667 1.125 1.20833333333 1.29166666667 1.375 1.45833333333 1.54166666667 1.625 1.70833333333 1.79166666667 1.875 1.95833333333 2.04166666667 2.125 2.20833333333 2.29166666667 2.375 2.45833333333 2.54166666667 2.625 2.70833333333 2.79166666667 2.875 2.95833333333 3.04166666667 3.125 3.20833333333 3.29166666667 3.375 3.45833333333 3.54166666667 3.625 3.70833333333 3.79166666667 3.875 3.95833333333 4 </point_positions>
		<shape_parameter data_order="dimension-point">24 24 12 12 12 12 12 12 12 12 12 12 12 12 12 12 12 12 12 12 12 12 12 12 12 12 12 12 12 12 12 12 12 12 12 12 12 12 12 12 12 12 12 12 12 12 12 12 24 24 </shape_parameter>
	</rbf_mesh>
	<gauss_legendre_ordinates>
		<dimension>1</dimension>
		<number_of_moments>1</number_of_moments>
		<number_of_ordinates>16</number_of_ordinates>
		<ordinates data_order="ordinate">-0.989400934992 -0.944575023073 -0.865631202388 -0.755404408355 -0.617876244403 -0.458016777657 -0.281603550779 -0.0950125098376 0.0950125098376 0.281603550779 0.458016777657 0.617876244403 0.755404408355 0.865631202388 0.944575023073 0.989400934992 </ordinates>
		<weights data_order="ordinate">0.0271524594118 0.0622535239386 0.0951585116825 0.124628971256 0.149595988817 0.169156519395 0.182603415045 0.189450610455 0.189450610455 0.182603415045 0.169156519395 0.149595988817 0.124628971256 0.0951585116825 0.0622535239386 0.0271524594118 </weights>
	</gauss_legendre_ordinates>
	<energy_discretization>
		<number_of_groups>2</number_of_groups>
		<energy_bounds data_order="group_bound">0 0 0 </energy_bounds>
	</energy_discretization>
</output>
