<?xml version="1.0"?>
<output>
	<solution>
		<time>26.278280528</time>
		<k_eigenvalue>1.17147396137</k_eigenvalue>
		<phi data_order="node-group-moment-cell">-0.00268099512761 -0.000834683735394 -0.00585325530259 -0.00237067907158 -0.00713686617792 -0.00299930368391 -0.0142704991583 -0.00604333020088 -0.0154675223821 -0.00655104357172 -0.0224349442309 -0.00950612537848 -0.0236990992796 -0.0100409771906 -0.0305043112798 -0.0129251134754 -0.0318267201946 -0.0134851033188 -0.0384551298416 -0.0162938277478 -0.0398214918071 -0.0168726426463 -0.0462558313688 -0.0195990181965 -0.0476523534009 -0.0201906902022 -0.0538753691753 -0.0228274615476 -0.0552883847842 -0.0234261476441 -0.0612828363074 -0.0259660420531 -0.0626989090636 -0.0265660453366 -0.0684479028502 -0.0290019488753 -0.0698542635934 -0.0295978272398 -0.0753418414373 -0.0319229776708 -0.0767260761426 -0.0325094653158 -0.0819370761514 -0.034717396834 -0.0832866507794 -0.035289245643 -0.088205868165 -0.0373735845222 -0.0895103037826 -0.0379262638425 -0.0941245373212 -0.039881353298 -0.0953725545864 -0.0404101543242 -0.0996685232884 -0.0422303723884 -0.100849943031 -0.0427309705998 -0.104815065482 -0.0444110087711 -0.105920684958 -0.0448794701565 -0.109543329743 -0.046414415854 -0.11056427027 -0.0468469885912 -0.113834015105 -0.0482324162229 -0.11476211751 -0.0486256678727 -0.117669798063 -0.0498576768601 -0.118498160558 -0.0502086659692 -0.121035489635 -0.0512837437258 -0.121757812239 -0.0515897929857 -0.123917166322 -0.0525047307946 -0.124527729605 -0.0527634267486 -0.126302808594 -0.0535155562426 -0.126796989273 -0.053724938212 -0.128182918761 -0.054312178764 -0.128557029209 -0.0544706820508 -0.129549911338 -0.0548913790213 -0.129800996358 -0.054997757437 -0.130397891088 -0.0552506698174 -0.130523921942 -0.0553040669265 -0.1307230745 -0.055388451126 -0.130723074499 -0.0553884511254 -0.130523921938 -0.0553040669248 -0.130397891081 -0.0552506698144 -0.129800996348 -0.0549977574329 -0.129549911325 -0.054891379016 -0.128557029194 -0.0544706820444 -0.128182918743 -0.0543121787563 -0.126796989266 -0.0537249382087 -0.126302808637 -0.0535155562612 -0.124527729608 -0.0527634267501 -0.123917166363 -0.052504730812 -0.121757812242 -0.0515897929866 -0.121035489673 -0.051283743742 -0.118498160559 -0.0502086659696 -0.117669798098 -0.0498576768751 -0.11476211751 -0.0486256678727 -0.113834015138 -0.0482324162368 -0.110564270269 -0.0468469885907 -0.109543329774 -0.0464144158668 -0.105920684956 -0.0448794701556 -0.10481506551 -0.0444110087828 -0.100849943028 -0.0427309705986 -0.0996685233134 -0.0422303723989 -0.0953725545828 -0.0404101543227 -0.0941245373437 -0.0398813533075 -0.0895103037785 -0.0379262638408 -0.0882058681851 -0.0373735845307 -0.0832866507748 -0.035289245641 -0.0819370761692 -0.0347173968415 -0.0767260761376 -0.0325094653137 -0.0753418414529 -0.0319229776774 -0.0698542635882 -0.0295978272376 -0.0684479028637 -0.0290019488811 -0.0626989090583 -0.0265660453344 -0.0612828363189 -0.025966042058 -0.055288384779 -0.0234261476419 -0.0538753691849 -0.0228274615517 -0.0476523533959 -0.0201906902001 -0.0462558313766 -0.0195990181998 -0.0398214918024 -0.0168726426443 -0.0384551298478 -0.0162938277505 -0.0318267201903 -0.013485103317 -0.0305043112844 -0.0129251134773 -0.0236990992759 -0.010040977189 -0.0224349442341 -0.0095061253798 -0.0154675223791 -0.00655104357044 -0.01427049916 -0.0060433302016 -0.00713686617562 -0.00299930368295 -0.00585325530293 -0.0023706790717 -0.00268099512756 -0.000834683735397 </phi>
	</solution>
	<krylov_iteration>
		<max_iterations>5000</max_iterations>
		<source_iterations>0</source_iterations>
		<total_iterations>33</total_iterations>
		<tolerance>9.99999997475e-07</tolerance>
	</krylov_iteration>
	<nuclear_data>
		<sigma_t data_order="group-cell">20 40 20 40 20 40 20 40 20 40 20 40 20 40 20 40 20 40 20 40 20 40 20 40 20 40 20 40 20 40 20 40 20 40 20 40 20 40 20 40 20 40 20 40 20 40 20 40 20 40 20 40 20 40 20 40 20 40 20 40 20 40 20 40 20 40 20 40 20 40 20 40 20 40 20 40 20 40 20 40 20 40 20 40 20 40 20 40 20 40 20 40 20 40 20 40 20 40 20 40 20 40 20 40 20 40 20 40 20 40 20 40 20 40 20 40 20 40 20 40 20 40 20 40 20 40 20 40 20 40 20 40 20 40 20 40 20 40 20 40 20 40 20 40 20 40 20 40 20 40 20 40 20 40 20 40 20 40 20 40 20 40 20 40 20 40 20 40 20 40 20 40 20 40 20 40 20 40 20 40 20 40 20 40 20 40 20 40 20 40 20 40 20 40 20 40 20 40 20 40 </sigma_t>
		<sigma_s data_order="group_from-group_to-moment-cell">10.4 0 8.9 19 10.4 0 8.9 19 10.4 0 8.9 19 10.4 0 8.9 19 10.4 0 8.9 19 10.4 0 8.9 19 10.4 0 8.9 19 10.4 0 8.9 19 10.4 0 8.9 19 10.4 0 8.9 19 10.4 0 8.9 19 10.4 0 8.9 19 10.4 0 8.9 19 10.4 0 8.9 19 10.4 0 8.9 19 10.4 0 8.9 19 10.4 0 8.9 19 10.4 0 8.9 19 10.4 0 8.9 19 10.4 0 8.9 19 10.4 0 8.9 19 10.4 0 8.9 19 10.4 0 8.9 19 10.4 0 8.9 19 10.4 0 8.9 19 10.4 0 8.9 19 10.4 0 8.9 19 10.4 0 8.9 19 10.4 0 8.9 19 10.4 0 8.9 19 10.4 0 8.9 19 10.4 0 8.9 19 10.4 0 8.9 19 10.4 0 8.9 19 10.4 0 8.9 19 10.4 0 8.9 19 10.4 0 8.9 19 10.4 0 8.9 19 10.4 0 8.9 19 10.4 0 8.9 19 10.4 0 8.9 19 10.4 0 8.9 19 10.4 0 8.9 19 10.4 0 8.9 19 10.4 0 8.9 19 10.4 0 8.9 19 10.4 0 8.9 19 10.4 0 8.9 19 10.4 0 8.9 19 10.4 0 8.9 19 10.4 0 8.9 19 10.4 0 8.9 19 10.4 0 8.9 19 10.4 0 8.9 19 10.4 0 8.9 19 10.4 0 8.9 19 10.4 0 8.9 19 10.4 0 8.9 19 10.4 0 8.9 19 10.4 0 8.9 19 10.4 0 8.9 19 10.4 0 8.9 19 10.4 0 8.9 19 10.4 0 8.9 19 10.4 0 8.9 19 10.4 0 8.9 19 10.4 0 8.9 19 10.4 0 8.9 19 10.4 0 8.9 19 10.4 0 8.9 19 10.4 0 8.9 19 10.4 0 8.9 19 10.4 0 8.9 19 10.4 0 8.9 19 10.4 0 8.9 19 10.4 0 8.9 19 10.4 0 8.9 19 10.4 0 8.9 19 10.4 0 8.9 19 10.4 0 8.9 19 10.4 0 8.9 19 10.4 0 8.9 19 10.4 0 8.9 19 10.4 0 8.9 19 10.4 0 8.9 19 10.4 0 8.9 19 10.4 0 8.9 19 10.4 0 8.9 19 10.4 0 8.9 19 10.4 0 8.9 19 10.4 0 8.9 19 10.4 0 8.9 19 10.4 0 8.9 19 10.4 0 8.9 19 10.4 0 8.9 19 10.4 0 8.9 19 10.4 0 8.9 19 10.4 0 8.9 19 10.4 0 8.9 19 10.4 0 8.9 19 </sigma_s>
		<nu data_order="group-cell">2.4 2.4 2.4 2.4 2.4 2.4 2.4 2.4 2.4 2.4 2.4 2.4 2.4 2.4 2.4 2.4 2.4 2.4 2.4 2.4 2.4 2.4 2.4 2.4 2.4 2.4 2.4 2.4 2.4 2.4 2.4 2.4 2.4 2.4 2.4 2.4 2.4 2.4 2.4 2.4 2.4 2.4 2.4 2.4 2.4 2.4 2.4 2.4 2.4 2.4 2.4 2.4 2.4 2.4 2.4 2.4 2.4 2.4 2.4 2.4 2.4 2.4 2.4 2.4 2.4 2.4 2.4 2.4 2.4 2.4 2.4 2.4 2.4 2.4 2.4 2.4 2.4 2.4 2.4 2.4 2.4 2.4 2.4 2.4 2.4 2.4 2.4 2.4 2.4 2.4 2.4 2.4 2.4 2.4 2.4 2.4 2.4 2.4 2.4 2.4 2.4 2.4 2.4 2.4 2.4 2.4 2.4 2.4 2.4 2.4 2.4 2.4 2.4 2.4 2.4 2.4 2.4 2.4 2.4 2.4 2.4 2.4 2.4 2.4 2.4 2.4 2.4 2.4 2.4 2.4 2.4 2.4 2.4 2.4 2.4 2.4 2.4 2.4 2.4 2.4 2.4 2.4 2.4 2.4 2.4 2.4 2.4 2.4 2.4 2.4 2.4 2.4 2.4 2.4 2.4 2.4 2.4 2.4 2.4 2.4 2.4 2.4 2.4 2.4 2.4 2.4 2.4 2.4 2.4 2.4 2.4 2.4 2.4 2.4 2.4 2.4 2.4 2.4 2.4 2.4 2.4 2.4 2.4 2.4 2.4 2.4 2.4 2.4 2.4 2.4 2.4 2.4 2.4 2.4 2.4 2.4 2.4 2.4 2.4 2.4 </nu>
		<sigma_f data_order="group-cell">0.03 11 0.03 11 0.03 11 0.03 11 0.03 11 0.03 11 0.03 11 0.03 11 0.03 11 0.03 11 0.03 11 0.03 11 0.03 11 0.03 11 0.03 11 0.03 11 0.03 11 0.03 11 0.03 11 0.03 11 0.03 11 0.03 11 0.03 11 0.03 11 0.03 11 0.03 11 0.03 11 0.03 11 0.03 11 0.03 11 0.03 11 0.03 11 0.03 11 0.03 11 0.03 11 0.03 11 0.03 11 0.03 11 0.03 11 0.03 11 0.03 11 0.03 11 0.03 11 0.03 11 0.03 11 0.03 11 0.03 11 0.03 11 0.03 11 0.03 11 0.03 11 0.03 11 0.03 11 0.03 11 0.03 11 0.03 11 0.03 11 0.03 11 0.03 11 0.03 11 0.03 11 0.03 11 0.03 11 0.03 11 0.03 11 0.03 11 0.03 11 0.03 11 0.03 11 0.03 11 0.03 11 0.03 11 0.03 11 0.03 11 0.03 11 0.03 11 0.03 11 0.03 11 0.03 11 0.03 11 0.03 11 0.03 11 0.03 11 0.03 11 0.03 11 0.03 11 0.03 11 0.03 11 0.03 11 0.03 11 0.03 11 0.03 11 0.03 11 0.03 11 0.03 11 0.03 11 0.03 11 0.03 11 0.03 11 0.03 11 </sigma_f>
		<chi data_order="group-cell">1 0 1 0 1 0 1 0 1 0 1 0 1 0 1 0 1 0 1 0 1 0 1 0 1 0 1 0 1 0 1 0 1 0 1 0 1 0 1 0 1 0 1 0 1 0 1 0 1 0 1 0 1 0 1 0 1 0 1 0 1 0 1 0 1 0 1 0 1 0 1 0 1 0 1 0 1 0 1 0 1 0 1 0 1 0 1 0 1 0 1 0 1 0 1 0 1 0 1 0 1 0 1 0 1 0 1 0 1 0 1 0 1 0 1 0 1 0 1 0 1 0 1 0 1 0 1 0 1 0 1 0 1 0 1 0 1 0 1 0 1 0 1 0 1 0 1 0 1 0 1 0 1 0 1 0 1 0 1 0 1 0 1 0 1 0 1 0 1 0 1 0 1 0 1 0 1 0 1 0 1 0 1 0 1 0 1 0 1 0 1 0 1 0 1 0 1 0 1 0 </chi>
	</nuclear_data>
	<source_data>
		<alpha data_order="boundary_cell">0 0 </alpha>
		<internal_source data_order="node-group-moment-cell">1 0 1 0 1 0 1 0 1 0 1 0 1 0 1 0 1 0 1 0 1 0 1 0 1 0 1 0 1 0 1 0 1 0 1 0 1 0 1 0 1 0 1 0 1 0 1 0 1 0 1 0 1 0 1 0 1 0 1 0 1 0 1 0 1 0 1 0 1 0 1 0 1 0 1 0 1 0 1 0 1 0 1 0 1 0 1 0 1 0 1 0 1 0 1 0 1 0 1 0 1 0 1 0 1 0 1 0 1 0 1 0 1 0 1 0 1 0 1 0 1 0 1 0 1 0 1 0 1 0 1 0 1 0 1 0 1 0 1 0 1 0 1 0 1 0 1 0 1 0 1 0 1 0 1 0 1 0 1 0 1 0 1 0 1 0 1 0 1 0 1 0 1 0 1 0 1 0 1 0 1 0 1 0 1 0 1 0 1 0 1 0 1 0 1 0 1 0 1 0 </internal_source>
		<boundary_source data_order="group-ordinate-boundary_cell">0 0 0 0 0 0 0 0 0 0 0 0 0 0 0 0 0 0 0 0 0 0 0 0 0 0 0 0 0 0 0 0 0 0 0 0 0 0 0 0 0 0 0 0 0 0 0 0 0 0 0 0 0 0 0 0 0 0 0 0 0 0 0 0 </boundary_source>
	</source_data>
	<rbf_mesh>
		<dimension>1</dimension>
		<number_of_points>100</number_of_points>
		<boundary_points data_order="point">0 99 </boundary_points>
		<internal_points data_order="point">1 2 3 4 5 6 7 8 9 10 11 12 13 14 15 16 17 18 19 20 21 22 23 24 25 26 27 28 29 30 31 32 33 34 35 36 37 38 39 40 41 42 43 44 45 46 47 48 49 50 51 52 53 54 55 56 57 58 59 60 61 62 63 64 65 66 67 68 69 70 71 72 73 74 75 76 77 78 79 80 81 82 83 84 85 86 87 88 89 90 91 92 93 94 95 96 97 98 </internal_points>
		<material data_order="point">0 0 0 0 0 0 0 0 0 0 0 0 0 0 0 0 0 0 0 0 0 0 0 0 0 0 0 0 0 0 0 0 0 0 0 0 0 0 0 0 0 0 0 0 0 0 0 0 0 0 0 0 0 0 0 0 0 0 0 0 0 0 0 0 0 0 0 0 0 0 0 0 0 0 0 0 0 0 0 0 0 0 0 0 0 0 0 0 0 0 0 0 0 0 0 0 0 0 0 0 </material>
		<point_positions data_order="dimension-point">0 0.0204081632653 0.0612244897959 0.102040816327 0.142857142857 0.183673469388 0.224489795918 0.265306122449 0.30612244898 0.34693877551 0.387755102041 0.428571428571 0.469387755102 0.510204081633 0.551020408163 0.591836734694 0.632653061224 0.673469387755 0.714285714286 0.755102040816 0.795918367347 0.836734693878 0.877551020408 0.918367346939 0.959183673469 1 1.04081632653 1.08163265306 1.12244897959 1.16326530612 1.20408163265 1.24489795918 1.28571428571 1.32653061224 1.36734693878 1.40816326531 1.44897959184 1.48979591837 1.5306122449 1.57142857143 1.61224489796 1.65306122449 1.69387755102 1.73469387755 1.77551020408 1.81632653061 1.85714285714 1.89795918367 1.9387755102 1.97959183673 2.02040816327 2.0612244898 2.10204081633 2.14285714286 2.18367346939 2.22448979592 2.26530612245 2.30612244898 2.34693877551 2.38775510204 2.42857142857 2.4693877551 2.51020408163 2.55102040816 2.59183673469 2.63265306122 2.67346938776 2.71428571429 2.75510204082 2.79591836735 2.83673469388 2.87755102041 2.91836734694 2.95918367347 3 3.04081632653 3.08163265306 3.12244897959 3.16326530612 3.20408163265 3.24489795918 3.28571428571 3.32653061224 3.36734693878 3.40816326531 3.44897959184 3.48979591837 3.5306122449 3.57142857143 3.61224489796 3.65306122449 3.69387755102 3.73469387755 3.77551020408 3.81632653061 3.85714285714 3.89795918367 3.9387755102 3.97959183673 4 </point_positions>
		<shape_parameter data_order="dimension-point">49 49 24.5 24.5 24.5 24.5 24.5 24.5 24.5 24.5 24.5 24.5 24.5 24.5 24.5 24.5 24.5 24.5 24.5 24.5 24.5 24.5 24.5 24.5 24.5 24.5 24.5 24.5 24.5 24.5 24.5 24.5 24.5 24.5 24.5 24.5 24.5 24.5 24.5 24.5 24.5 24.5 24.5 24.5 24.5 24.5 24.5 24.5 24.5 24.5 24.5 24.5 24.5 24.5 24.5 24.5 24.5 24.5 24.5 24.5 24.5 24.5 24.5 24.5 24.5 24.5 24.5 24.5 24.5 24.5 24.5 24.5 24.5 24.5 24.5 24.5 24.5 24.5 24.5 24.5 24.5 24.5 24.5 24.5 24.5 24.5 24.5 24.5 24.5 24.5 24.5 24.5 24.5 24.5 24.5 24.5 24.5 24.5 49 49 </shape_parameter>
	</rbf_mesh>
	<gauss_legendre_ordinates>
		<dimension>1</dimension>
		<number_of_moments>1</number_of_moments>
		<number_of_ordinates>16</number_of_ordinates>
		<ordinates data_order="ordinate">-0.989400934992 -0.944575023073 -0.865631202388 -0.755404408355 -0.617876244403 -0.458016777657 -0.281603550779 -0.0950125098376 0.0950125098376 0.281603550779 0.458016777657 0.617876244403 0.755404408355 0.865631202388 0.944575023073 0.989400934992 </ordinates>
		<weights data_order="ordinate">0.0271524594118 0.0622535239386 0.0951585116825 0.124628971256 0.149595988817 0.169156519395 0.182603415045 0.189450610455 0.189450610455 0.182603415045 0.169156519395 0.149595988817 0.124628971256 0.0951585116825 0.0622535239386 0.0271524594118 </weights>
	</gauss_legendre_ordinates>
	<energy_discretization>
		<number_of_groups>2</number_of_groups>
		<energy_bounds data_order="group_bound">0 0 0 </energy_bounds>
	</energy_discretization>
</output>
