<?xml version="1.0"?>
<output>
	<solution>
		<time>8.229065684</time>
		<k_eigenvalue>1.17125109596</k_eigenvalue>
		<phi data_order="node-group-moment-cell">0.0801872513867 0.0248177569939 0.255519849902 0.106402463894 0.376850749012 0.15976848107 0.750137003486 0.318209706663 0.851252656037 0.361038449884 1.19144033514 0.505317545268 1.26568465425 0.536733094203 1.56068190002 0.661786826449 1.60289867924 0.679589635982 1.84743096409 0.783200805438 1.85889876771 0.787944084473 2.05391337813 0.870534627375 2.04078915702 0.864848434863 2.19143195824 0.928620796422 2.16237943217 0.91619555122 2.27560545028 0.964114264764 2.23955586013 0.948746338724 2.32218503848 0.983711238311 2.28681556103 0.968657467932 2.34439957988 0.993024179157 2.31545639494 0.980717407913 2.35190409831 0.996141254304 2.33316327927 0.98817717002 2.3508425079 0.995659148449 2.34437780318 0.99291266615 2.34437780318 0.99291266615 2.3508425079 0.995659148449 2.33316327927 0.98817717002 2.35190409831 0.996141254304 2.31545639494 0.980717407913 2.34439957988 0.993024179157 2.28681556103 0.968657467932 2.32218503848 0.983711238311 2.23955586013 0.948746338724 2.27560545028 0.964114264764 2.16237943217 0.91619555122 2.19143195824 0.928620796422 2.04078915702 0.864848434863 2.05391337813 0.870534627375 1.85889876771 0.787944084473 1.84743096409 0.783200805438 1.60289867924 0.679589635982 1.56068190002 0.661786826449 1.26568465425 0.536733094203 1.19144033514 0.505317545268 0.851252656037 0.361038449884 0.750137003486 0.318209706663 0.376850749012 0.15976848107 0.255519849902 0.106402463894 0.0801872513867 0.0248177569939 </phi>
	</solution>
	<source_iteration>
		<max_iterations>5000</max_iterations>
		<source_iterations>0</source_iterations>
		<total_iterations>358</total_iterations>
		<tolerance>9.99999997475e-07</tolerance>
	</source_iteration>
	<nuclear_data>
		<sigma_t data_order="group-cell">20 40 20 40 20 40 20 40 20 40 20 40 20 40 20 40 20 40 20 40 20 40 20 40 20 40 20 40 20 40 20 40 20 40 20 40 20 40 20 40 20 40 20 40 20 40 20 40 20 40 20 40 20 40 20 40 20 40 20 40 20 40 20 40 20 40 20 40 20 40 20 40 20 40 20 40 20 40 20 40 20 40 20 40 20 40 20 40 20 40 20 40 20 40 20 40 20 40 20 40 </sigma_t>
		<sigma_s data_order="group_from-group_to-moment-cell">10.4 0 8.9 19 10.4 0 8.9 19 10.4 0 8.9 19 10.4 0 8.9 19 10.4 0 8.9 19 10.4 0 8.9 19 10.4 0 8.9 19 10.4 0 8.9 19 10.4 0 8.9 19 10.4 0 8.9 19 10.4 0 8.9 19 10.4 0 8.9 19 10.4 0 8.9 19 10.4 0 8.9 19 10.4 0 8.9 19 10.4 0 8.9 19 10.4 0 8.9 19 10.4 0 8.9 19 10.4 0 8.9 19 10.4 0 8.9 19 10.4 0 8.9 19 10.4 0 8.9 19 10.4 0 8.9 19 10.4 0 8.9 19 10.4 0 8.9 19 10.4 0 8.9 19 10.4 0 8.9 19 10.4 0 8.9 19 10.4 0 8.9 19 10.4 0 8.9 19 10.4 0 8.9 19 10.4 0 8.9 19 10.4 0 8.9 19 10.4 0 8.9 19 10.4 0 8.9 19 10.4 0 8.9 19 10.4 0 8.9 19 10.4 0 8.9 19 10.4 0 8.9 19 10.4 0 8.9 19 10.4 0 8.9 19 10.4 0 8.9 19 10.4 0 8.9 19 10.4 0 8.9 19 10.4 0 8.9 19 10.4 0 8.9 19 10.4 0 8.9 19 10.4 0 8.9 19 10.4 0 8.9 19 10.4 0 8.9 19 </sigma_s>
		<nu data_order="group-cell">2.4 2.4 2.4 2.4 2.4 2.4 2.4 2.4 2.4 2.4 2.4 2.4 2.4 2.4 2.4 2.4 2.4 2.4 2.4 2.4 2.4 2.4 2.4 2.4 2.4 2.4 2.4 2.4 2.4 2.4 2.4 2.4 2.4 2.4 2.4 2.4 2.4 2.4 2.4 2.4 2.4 2.4 2.4 2.4 2.4 2.4 2.4 2.4 2.4 2.4 2.4 2.4 2.4 2.4 2.4 2.4 2.4 2.4 2.4 2.4 2.4 2.4 2.4 2.4 2.4 2.4 2.4 2.4 2.4 2.4 2.4 2.4 2.4 2.4 2.4 2.4 2.4 2.4 2.4 2.4 2.4 2.4 2.4 2.4 2.4 2.4 2.4 2.4 2.4 2.4 2.4 2.4 2.4 2.4 2.4 2.4 2.4 2.4 2.4 2.4 </nu>
		<sigma_f data_order="group-cell">0.03 11 0.03 11 0.03 11 0.03 11 0.03 11 0.03 11 0.03 11 0.03 11 0.03 11 0.03 11 0.03 11 0.03 11 0.03 11 0.03 11 0.03 11 0.03 11 0.03 11 0.03 11 0.03 11 0.03 11 0.03 11 0.03 11 0.03 11 0.03 11 0.03 11 0.03 11 0.03 11 0.03 11 0.03 11 0.03 11 0.03 11 0.03 11 0.03 11 0.03 11 0.03 11 0.03 11 0.03 11 0.03 11 0.03 11 0.03 11 0.03 11 0.03 11 0.03 11 0.03 11 0.03 11 0.03 11 0.03 11 0.03 11 0.03 11 0.03 11 </sigma_f>
		<chi data_order="group-cell">1 0 1 0 1 0 1 0 1 0 1 0 1 0 1 0 1 0 1 0 1 0 1 0 1 0 1 0 1 0 1 0 1 0 1 0 1 0 1 0 1 0 1 0 1 0 1 0 1 0 1 0 1 0 1 0 1 0 1 0 1 0 1 0 1 0 1 0 1 0 1 0 1 0 1 0 1 0 1 0 1 0 1 0 1 0 1 0 1 0 1 0 1 0 1 0 1 0 1 0 </chi>
	</nuclear_data>
	<source_data>
		<alpha data_order="boundary_cell">0 0 </alpha>
		<internal_source data_order="node-group-moment-cell">1 0 1 0 1 0 1 0 1 0 1 0 1 0 1 0 1 0 1 0 1 0 1 0 1 0 1 0 1 0 1 0 1 0 1 0 1 0 1 0 1 0 1 0 1 0 1 0 1 0 1 0 1 0 1 0 1 0 1 0 1 0 1 0 1 0 1 0 1 0 1 0 1 0 1 0 1 0 1 0 1 0 1 0 1 0 1 0 1 0 1 0 1 0 1 0 1 0 1 0 </internal_source>
		<boundary_source data_order="group-ordinate-boundary_cell">0 0 0 0 0 0 0 0 0 0 0 0 0 0 0 0 0 0 0 0 0 0 0 0 0 0 0 0 0 0 0 0 0 0 0 0 0 0 0 0 0 0 0 0 0 0 0 0 0 0 0 0 0 0 0 0 0 0 0 0 0 0 0 0 </boundary_source>
	</source_data>
	<rbf_mesh>
		<dimension>1</dimension>
		<number_of_points>50</number_of_points>
		<boundary_points data_order="point">0 49 </boundary_points>
		<internal_points data_order="point">1 2 3 4 5 6 7 8 9 10 11 12 13 14 15 16 17 18 19 20 21 22 23 24 25 26 27 28 29 30 31 32 33 34 35 36 37 38 39 40 41 42 43 44 45 46 47 48 </internal_points>
		<material data_order="point">0 0 0 0 0 0 0 0 0 0 0 0 0 0 0 0 0 0 0 0 0 0 0 0 0 0 0 0 0 0 0 0 0 0 0 0 0 0 0 0 0 0 0 0 0 0 0 0 0 0 </material>
		<point_positions data_order="dimension-point">0 0.0416666666667 0.125 0.208333333333 0.291666666667 0.375 0.458333333333 0.541666666667 0.625 0.708333333333 0.791666666667 0.875 0.958333333333 1.04166666667 1.125 1.20833333333 1.29166666667 1.375 1.45833333333 1.54166666667 1.625 1.70833333333 1.79166666667 1.875 1.95833333333 2.04166666667 2.125 2.20833333333 2.29166666667 2.375 2.45833333333 2.54166666667 2.625 2.70833333333 2.79166666667 2.875 2.95833333333 3.04166666667 3.125 3.20833333333 3.29166666667 3.375 3.45833333333 3.54166666667 3.625 3.70833333333 3.79166666667 3.875 3.95833333333 4 </point_positions>
		<shape_parameter data_order="dimension-point">24 24 12 12 12 12 12 12 12 12 12 12 12 12 12 12 12 12 12 12 12 12 12 12 12 12 12 12 12 12 12 12 12 12 12 12 12 12 12 12 12 12 12 12 12 12 12 12 24 24 </shape_parameter>
	</rbf_mesh>
	<gauss_legendre_ordinates>
		<dimension>1</dimension>
		<number_of_moments>1</number_of_moments>
		<number_of_ordinates>16</number_of_ordinates>
		<ordinates data_order="ordinate">-0.989400934992 -0.944575023073 -0.865631202388 -0.755404408355 -0.617876244403 -0.458016777657 -0.281603550779 -0.0950125098376 0.0950125098376 0.281603550779 0.458016777657 0.617876244403 0.755404408355 0.865631202388 0.944575023073 0.989400934992 </ordinates>
		<weights data_order="ordinate">0.0271524594118 0.0622535239386 0.0951585116825 0.124628971256 0.149595988817 0.169156519395 0.182603415045 0.189450610455 0.189450610455 0.182603415045 0.169156519395 0.149595988817 0.124628971256 0.0951585116825 0.0622535239386 0.0271524594118 </weights>
	</gauss_legendre_ordinates>
	<energy_discretization>
		<number_of_groups>2</number_of_groups>
		<energy_bounds data_order="group_bound">0 0 0 </energy_bounds>
	</energy_discretization>
</output>
