<?xml version="1.0"?>
<output>
	<solution>
		<time>0.470699</time>
		<phi data_order="node-group-moment-cell">0.441966 0.119967 0.472113 0.136103 0.528237 0.165941 0.577753 0.192111 0.624303 0.216503 0.667291 0.238876 0.707156 0.259503 0.744073 0.278508 0.778261 0.296031 0.809915 0.312195 0.839216 0.327109 0.866334 0.340874 0.891429 0.353582 0.914647 0.365316 0.936126 0.376151 0.955994 0.386159 0.974367 0.395402 0.991356 0.40394 1.00706 0.411825 1.02158 0.419108 1.035 0.425834 1.0474 0.432045 1.05885 0.437778 1.06942 0.443071 1.07918 0.447955 1.08819 0.45246 1.0965 0.456614 1.10416 0.460443 1.11121 0.46397 1.11771 0.467216 1.12368 0.470201 1.12917 0.472944 1.13421 0.475462 1.13883 0.477769 1.14306 0.47988 1.14692 0.481808 1.15043 0.483563 1.15363 0.485158 1.15652 0.486602 1.15912 0.487903 1.16146 0.48907 1.16354 0.490109 1.16538 0.491027 1.16699 0.491829 1.16837 0.492521 1.16955 0.493106 1.17051 0.493589 1.17128 0.493971 1.17185 0.494256 1.17223 0.494445 1.17242 0.494539 1.17242 0.494539 1.17223 0.494445 1.17185 0.494256 1.17128 0.493971 1.17051 0.493589 1.16955 0.493106 1.16837 0.492521 1.16699 0.491829 1.16538 0.491027 1.16354 0.490109 1.16146 0.48907 1.15912 0.487903 1.15652 0.486602 1.15363 0.485158 1.15043 0.483563 1.14692 0.481808 1.14306 0.47988 1.13883 0.477769 1.13421 0.475462 1.12917 0.472944 1.12368 0.470201 1.11771 0.467216 1.11121 0.46397 1.10416 0.460443 1.0965 0.456614 1.08819 0.45246 1.07918 0.447955 1.06942 0.443071 1.05885 0.437778 1.0474 0.432045 1.035 0.425834 1.02158 0.419108 1.00706 0.411825 0.991356 0.40394 0.974367 0.395402 0.955994 0.386159 0.936126 0.376151 0.914647 0.365316 0.891429 0.353582 0.866334 0.340874 0.839216 0.327109 0.809915 0.312195 0.778261 0.296031 0.744073 0.278508 0.707156 0.259503 0.667291 0.238876 0.624303 0.216503 0.577753 0.192111 0.528237 0.165941 0.472113 0.136103 0.441966 0.119967 </phi>
	</solution>
	<krylov_iteration>
		<max_iterations>5000</max_iterations>
		<source_iterations>1</source_iterations>
		<total_iterations>5</total_iterations>
		<tolerance>1e-06</tolerance>
	</krylov_iteration>
	<nuclear_data>
		<sigma_t data_order="group-cell">2 4 2 4 2 4 2 4 2 4 2 4 2 4 2 4 2 4 2 4 2 4 2 4 2 4 2 4 2 4 2 4 2 4 2 4 2 4 2 4 2 4 2 4 2 4 2 4 2 4 2 4 2 4 2 4 2 4 2 4 2 4 2 4 2 4 2 4 2 4 2 4 2 4 2 4 2 4 2 4 2 4 2 4 2 4 2 4 2 4 2 4 2 4 2 4 2 4 2 4 2 4 2 4 2 4 2 4 2 4 2 4 2 4 2 4 2 4 2 4 2 4 2 4 2 4 2 4 2 4 2 4 2 4 2 4 2 4 2 4 2 4 2 4 2 4 2 4 2 4 2 4 2 4 2 4 2 4 2 4 2 4 2 4 2 4 2 4 2 4 2 4 2 4 2 4 2 4 2 4 2 4 2 4 2 4 2 4 2 4 2 4 2 4 2 4 2 4 2 4 2 4 2 4 </sigma_t>
		<sigma_s data_order="group_from-group_to-moment-cell">0.04 0 0.89 1.9 0.04 0 0.89 1.9 0.04 0 0.89 1.9 0.04 0 0.89 1.9 0.04 0 0.89 1.9 0.04 0 0.89 1.9 0.04 0 0.89 1.9 0.04 0 0.89 1.9 0.04 0 0.89 1.9 0.04 0 0.89 1.9 0.04 0 0.89 1.9 0.04 0 0.89 1.9 0.04 0 0.89 1.9 0.04 0 0.89 1.9 0.04 0 0.89 1.9 0.04 0 0.89 1.9 0.04 0 0.89 1.9 0.04 0 0.89 1.9 0.04 0 0.89 1.9 0.04 0 0.89 1.9 0.04 0 0.89 1.9 0.04 0 0.89 1.9 0.04 0 0.89 1.9 0.04 0 0.89 1.9 0.04 0 0.89 1.9 0.04 0 0.89 1.9 0.04 0 0.89 1.9 0.04 0 0.89 1.9 0.04 0 0.89 1.9 0.04 0 0.89 1.9 0.04 0 0.89 1.9 0.04 0 0.89 1.9 0.04 0 0.89 1.9 0.04 0 0.89 1.9 0.04 0 0.89 1.9 0.04 0 0.89 1.9 0.04 0 0.89 1.9 0.04 0 0.89 1.9 0.04 0 0.89 1.9 0.04 0 0.89 1.9 0.04 0 0.89 1.9 0.04 0 0.89 1.9 0.04 0 0.89 1.9 0.04 0 0.89 1.9 0.04 0 0.89 1.9 0.04 0 0.89 1.9 0.04 0 0.89 1.9 0.04 0 0.89 1.9 0.04 0 0.89 1.9 0.04 0 0.89 1.9 0.04 0 0.89 1.9 0.04 0 0.89 1.9 0.04 0 0.89 1.9 0.04 0 0.89 1.9 0.04 0 0.89 1.9 0.04 0 0.89 1.9 0.04 0 0.89 1.9 0.04 0 0.89 1.9 0.04 0 0.89 1.9 0.04 0 0.89 1.9 0.04 0 0.89 1.9 0.04 0 0.89 1.9 0.04 0 0.89 1.9 0.04 0 0.89 1.9 0.04 0 0.89 1.9 0.04 0 0.89 1.9 0.04 0 0.89 1.9 0.04 0 0.89 1.9 0.04 0 0.89 1.9 0.04 0 0.89 1.9 0.04 0 0.89 1.9 0.04 0 0.89 1.9 0.04 0 0.89 1.9 0.04 0 0.89 1.9 0.04 0 0.89 1.9 0.04 0 0.89 1.9 0.04 0 0.89 1.9 0.04 0 0.89 1.9 0.04 0 0.89 1.9 0.04 0 0.89 1.9 0.04 0 0.89 1.9 0.04 0 0.89 1.9 0.04 0 0.89 1.9 0.04 0 0.89 1.9 0.04 0 0.89 1.9 0.04 0 0.89 1.9 0.04 0 0.89 1.9 0.04 0 0.89 1.9 0.04 0 0.89 1.9 0.04 0 0.89 1.9 0.04 0 0.89 1.9 0.04 0 0.89 1.9 0.04 0 0.89 1.9 0.04 0 0.89 1.9 0.04 0 0.89 1.9 0.04 0 0.89 1.9 0.04 0 0.89 1.9 0.04 0 0.89 1.9 0.04 0 0.89 1.9 0.04 0 0.89 1.9 0.04 0 0.89 1.9 0.04 0 0.89 1.9 </sigma_s>
		<nu data_order="group-cell">2.4 2.4 2.4 2.4 2.4 2.4 2.4 2.4 2.4 2.4 2.4 2.4 2.4 2.4 2.4 2.4 2.4 2.4 2.4 2.4 2.4 2.4 2.4 2.4 2.4 2.4 2.4 2.4 2.4 2.4 2.4 2.4 2.4 2.4 2.4 2.4 2.4 2.4 2.4 2.4 2.4 2.4 2.4 2.4 2.4 2.4 2.4 2.4 2.4 2.4 2.4 2.4 2.4 2.4 2.4 2.4 2.4 2.4 2.4 2.4 2.4 2.4 2.4 2.4 2.4 2.4 2.4 2.4 2.4 2.4 2.4 2.4 2.4 2.4 2.4 2.4 2.4 2.4 2.4 2.4 2.4 2.4 2.4 2.4 2.4 2.4 2.4 2.4 2.4 2.4 2.4 2.4 2.4 2.4 2.4 2.4 2.4 2.4 2.4 2.4 2.4 2.4 2.4 2.4 2.4 2.4 2.4 2.4 2.4 2.4 2.4 2.4 2.4 2.4 2.4 2.4 2.4 2.4 2.4 2.4 2.4 2.4 2.4 2.4 2.4 2.4 2.4 2.4 2.4 2.4 2.4 2.4 2.4 2.4 2.4 2.4 2.4 2.4 2.4 2.4 2.4 2.4 2.4 2.4 2.4 2.4 2.4 2.4 2.4 2.4 2.4 2.4 2.4 2.4 2.4 2.4 2.4 2.4 2.4 2.4 2.4 2.4 2.4 2.4 2.4 2.4 2.4 2.4 2.4 2.4 2.4 2.4 2.4 2.4 2.4 2.4 2.4 2.4 2.4 2.4 2.4 2.4 2.4 2.4 2.4 2.4 2.4 2.4 2.4 2.4 2.4 2.4 2.4 2.4 2.4 2.4 2.4 2.4 2.4 2.4 2.4 2.4 2.4 2.4 </nu>
		<sigma_f data_order="group-cell">0.003 1.1 0.003 1.1 0.003 1.1 0.003 1.1 0.003 1.1 0.003 1.1 0.003 1.1 0.003 1.1 0.003 1.1 0.003 1.1 0.003 1.1 0.003 1.1 0.003 1.1 0.003 1.1 0.003 1.1 0.003 1.1 0.003 1.1 0.003 1.1 0.003 1.1 0.003 1.1 0.003 1.1 0.003 1.1 0.003 1.1 0.003 1.1 0.003 1.1 0.003 1.1 0.003 1.1 0.003 1.1 0.003 1.1 0.003 1.1 0.003 1.1 0.003 1.1 0.003 1.1 0.003 1.1 0.003 1.1 0.003 1.1 0.003 1.1 0.003 1.1 0.003 1.1 0.003 1.1 0.003 1.1 0.003 1.1 0.003 1.1 0.003 1.1 0.003 1.1 0.003 1.1 0.003 1.1 0.003 1.1 0.003 1.1 0.003 1.1 0.003 1.1 0.003 1.1 0.003 1.1 0.003 1.1 0.003 1.1 0.003 1.1 0.003 1.1 0.003 1.1 0.003 1.1 0.003 1.1 0.003 1.1 0.003 1.1 0.003 1.1 0.003 1.1 0.003 1.1 0.003 1.1 0.003 1.1 0.003 1.1 0.003 1.1 0.003 1.1 0.003 1.1 0.003 1.1 0.003 1.1 0.003 1.1 0.003 1.1 0.003 1.1 0.003 1.1 0.003 1.1 0.003 1.1 0.003 1.1 0.003 1.1 0.003 1.1 0.003 1.1 0.003 1.1 0.003 1.1 0.003 1.1 0.003 1.1 0.003 1.1 0.003 1.1 0.003 1.1 0.003 1.1 0.003 1.1 0.003 1.1 0.003 1.1 0.003 1.1 0.003 1.1 0.003 1.1 0.003 1.1 0.003 1.1 0.003 1.1 0.003 1.1 0.003 1.1 </sigma_f>
		<chi data_order="group-cell">1 0 1 0 1 0 1 0 1 0 1 0 1 0 1 0 1 0 1 0 1 0 1 0 1 0 1 0 1 0 1 0 1 0 1 0 1 0 1 0 1 0 1 0 1 0 1 0 1 0 1 0 1 0 1 0 1 0 1 0 1 0 1 0 1 0 1 0 1 0 1 0 1 0 1 0 1 0 1 0 1 0 1 0 1 0 1 0 1 0 1 0 1 0 1 0 1 0 1 0 1 0 1 0 1 0 1 0 1 0 1 0 1 0 1 0 1 0 1 0 1 0 1 0 1 0 1 0 1 0 1 0 1 0 1 0 1 0 1 0 1 0 1 0 1 0 1 0 1 0 1 0 1 0 1 0 1 0 1 0 1 0 1 0 1 0 1 0 1 0 1 0 1 0 1 0 1 0 1 0 1 0 1 0 1 0 1 0 1 0 1 0 1 0 1 0 1 0 1 0 1 0 1 0 </chi>
	</nuclear_data>
	<source_data>
		<alpha data_order="boundary_cell">0 0 </alpha>
		<internal_source data_order="node-group-moment-cell">1 0 1 0 1 0 1 0 1 0 1 0 1 0 1 0 1 0 1 0 1 0 1 0 1 0 1 0 1 0 1 0 1 0 1 0 1 0 1 0 1 0 1 0 1 0 1 0 1 0 1 0 1 0 1 0 1 0 1 0 1 0 1 0 1 0 1 0 1 0 1 0 1 0 1 0 1 0 1 0 1 0 1 0 1 0 1 0 1 0 1 0 1 0 1 0 1 0 1 0 1 0 1 0 1 0 1 0 1 0 1 0 1 0 1 0 1 0 1 0 1 0 1 0 1 0 1 0 1 0 1 0 1 0 1 0 1 0 1 0 1 0 1 0 1 0 1 0 1 0 1 0 1 0 1 0 1 0 1 0 1 0 1 0 1 0 1 0 1 0 1 0 1 0 1 0 1 0 1 0 1 0 1 0 1 0 1 0 1 0 1 0 1 0 1 0 1 0 1 0 1 0 1 0 </internal_source>
		<boundary_source data_order="group-ordinate-boundary_cell">0 0 0 0 0 0 0 0 0 0 0 0 0 0 0 0 0 0 0 0 0 0 0 0 0 0 0 0 0 0 0 0 0 0 0 0 0 0 0 0 0 0 0 0 0 0 0 0 0 0 0 0 0 0 0 0 0 0 0 0 0 0 0 0 </boundary_source>
	</source_data>
	<rbf_mesh>
		<dimension>1</dimension>
		<number_of_points>102</number_of_points>
		<boundary_points data_order="point">0 101 </boundary_points>
		<internal_points data_order="point">1 2 3 4 5 6 7 8 9 10 11 12 13 14 15 16 17 18 19 20 21 22 23 24 25 26 27 28 29 30 31 32 33 34 35 36 37 38 39 40 41 42 43 44 45 46 47 48 49 50 51 52 53 54 55 56 57 58 59 60 61 62 63 64 65 66 67 68 69 70 71 72 73 74 75 76 77 78 79 80 81 82 83 84 85 86 87 88 89 90 91 92 93 94 95 96 97 98 99 100 </internal_points>
		<material data_order="point">0 0 0 0 0 0 0 0 0 0 0 0 0 0 0 0 0 0 0 0 0 0 0 0 0 0 0 0 0 0 0 0 0 0 0 0 0 0 0 0 0 0 0 0 0 0 0 0 0 0 0 0 0 0 0 0 0 0 0 0 0 0 0 0 0 0 0 0 0 0 0 0 0 0 0 0 0 0 0 0 0 0 0 0 0 0 0 0 0 0 0 0 0 0 0 0 0 0 0 0 0 0 </material>
		<point_positions data_order="dimension-point">0 0.02 0.06 0.1 0.14 0.18 0.22 0.26 0.3 0.34 0.38 0.42 0.46 0.5 0.54 0.58 0.62 0.66 0.7 0.74 0.78 0.82 0.86 0.9 0.94 0.98 1.02 1.06 1.1 1.14 1.18 1.22 1.26 1.3 1.34 1.38 1.42 1.46 1.5 1.54 1.58 1.62 1.66 1.7 1.74 1.78 1.82 1.86 1.9 1.94 1.98 2.02 2.06 2.1 2.14 2.18 2.22 2.26 2.3 2.34 2.38 2.42 2.46 2.5 2.54 2.58 2.62 2.66 2.7 2.74 2.78 2.82 2.86 2.9 2.94 2.98 3.02 3.06 3.1 3.14 3.18 3.22 3.26 3.3 3.34 3.38 3.42 3.46 3.5 3.54 3.58 3.62 3.66 3.7 3.74 3.78 3.82 3.86 3.9 3.94 3.98 4 </point_positions>
		<shape_parameter data_order="dimension-point">20 20 10 10 10 10 10 10 10 10 10 10 10 10 10 10 10 10 10 10 10 10 10 10 10 10 10 10 10 10 10 10 10 10 10 10 10 10 10 10 10 10 10 10 10 10 10 10 10 10 10 10 10 10 10 10 10 10 10 10 10 10 10 10 10 10 10 10 10 10 10 10 10 10 10 10 10 10 10 10 10 10 10 10 10 10 10 10 10 10 10 10 10 10 10 10 10 10 10 10 20 20 </shape_parameter>
	</rbf_mesh>
	<gauss_legendre_ordinates>
		<dimension>1</dimension>
		<number_of_moments>1</number_of_moments>
		<number_of_ordinates>16</number_of_ordinates>
		<ordinates data_order="ordinate">-0.989401 -0.944575 -0.865631 -0.755404 -0.617876 -0.458017 -0.281604 -0.0950125 0.0950125 0.281604 0.458017 0.617876 0.755404 0.865631 0.944575 0.989401 </ordinates>
		<weights data_order="ordinate">0.0271525 0.0622535 0.0951585 0.124629 0.149596 0.169157 0.182603 0.189451 0.189451 0.182603 0.169157 0.149596 0.124629 0.0951585 0.0622535 0.0271525 </weights>
	</gauss_legendre_ordinates>
	<energy_discretization>
		<number_of_groups>2</number_of_groups>
		<energy_bounds data_order="group_bound">0 0 0 </energy_bounds>
	</energy_discretization>
</output>
