<?xml version="1.0"?>
<output>
	<solution>
		<time>4.47064</time>
		<phi data_order="node-group-moment-cell">0.430786 0.115132 0.459488 0.131283 0.505934 0.154466 0.566381 0.187555 0.605357 0.206676 0.657982 0.235076 0.690752 0.250958 0.736552 0.2754 0.764016 0.288595 0.803875 0.309679 0.826824 0.320636 0.861515 0.338858 0.880633 0.347945 0.910832 0.363718 0.926709 0.371239 0.953001 0.384908 0.966143 0.391119 0.989034 0.402974 0.999873 0.408088 1.0198 0.418375 1.02871 0.422571 1.04605 0.431499 1.05334 0.434928 1.06843 0.442675 1.07436 0.445465 1.08747 0.45218 1.09228 0.454439 1.10364 0.460251 1.10752 0.46207 1.11735 0.467089 1.12045 0.468544 1.12892 0.472862 1.13139 0.474018 1.13865 0.477713 1.1406 0.478624 1.14677 0.481763 1.1483 0.482475 1.15349 0.485112 1.15467 0.485662 1.15897 0.487844 1.15987 0.488262 1.16335 0.490027 1.16402 0.490337 1.16674 0.491715 1.16722 0.491937 1.16922 0.492951 1.16954 0.493099 1.17086 0.493766 1.17104 0.493851 1.17169 0.494182 1.17176 0.494209 1.17176 0.494209 1.17169 0.494182 1.17104 0.493851 1.17086 0.493766 1.16954 0.493099 1.16922 0.492951 1.16722 0.491937 1.16674 0.491715 1.16402 0.490337 1.16335 0.490027 1.15987 0.488262 1.15897 0.487844 1.15467 0.485662 1.15349 0.485112 1.1483 0.482475 1.14677 0.481763 1.1406 0.478624 1.13865 0.477713 1.13139 0.474018 1.12892 0.472862 1.12045 0.468544 1.11735 0.467089 1.10752 0.46207 1.10364 0.460251 1.09228 0.454439 1.08747 0.45218 1.07436 0.445465 1.06843 0.442675 1.05334 0.434928 1.04605 0.431499 1.02871 0.422571 1.0198 0.418375 0.999873 0.408088 0.989034 0.402974 0.966143 0.391119 0.953001 0.384908 0.926709 0.371239 0.910832 0.363718 0.880633 0.347945 0.861515 0.338858 0.826824 0.320636 0.803875 0.309679 0.764016 0.288595 0.736552 0.2754 0.690752 0.250958 0.657982 0.235076 0.605357 0.206676 0.566381 0.187555 0.505934 0.154466 0.459488 0.131283 0.430786 0.115132 </phi>
	</solution>
	<krylov_iteration>
		<max_iterations>5000</max_iterations>
		<source_iterations>1</source_iterations>
		<total_iterations>12</total_iterations>
		<tolerance>1e-06</tolerance>
	</krylov_iteration>
	<nuclear_data>
		<sigma_t data_order="group-cell">2 4 2 4 2 4 2 4 2 4 2 4 2 4 2 4 2 4 2 4 2 4 2 4 2 4 2 4 2 4 2 4 2 4 2 4 2 4 2 4 2 4 2 4 2 4 2 4 2 4 2 4 2 4 2 4 2 4 2 4 2 4 2 4 2 4 2 4 2 4 2 4 2 4 2 4 2 4 2 4 2 4 2 4 2 4 2 4 2 4 2 4 2 4 2 4 2 4 2 4 2 4 2 4 2 4 2 4 2 4 2 4 2 4 2 4 2 4 2 4 2 4 2 4 2 4 2 4 2 4 2 4 2 4 2 4 2 4 2 4 2 4 2 4 2 4 2 4 2 4 2 4 2 4 2 4 2 4 2 4 2 4 2 4 2 4 2 4 2 4 2 4 2 4 2 4 2 4 2 4 2 4 2 4 2 4 2 4 2 4 2 4 2 4 2 4 2 4 2 4 2 4 2 4 </sigma_t>
		<sigma_s data_order="group_from-group_to-moment-cell">0.04 0 0.89 1.9 0.04 0 0.89 1.9 0.04 0 0.89 1.9 0.04 0 0.89 1.9 0.04 0 0.89 1.9 0.04 0 0.89 1.9 0.04 0 0.89 1.9 0.04 0 0.89 1.9 0.04 0 0.89 1.9 0.04 0 0.89 1.9 0.04 0 0.89 1.9 0.04 0 0.89 1.9 0.04 0 0.89 1.9 0.04 0 0.89 1.9 0.04 0 0.89 1.9 0.04 0 0.89 1.9 0.04 0 0.89 1.9 0.04 0 0.89 1.9 0.04 0 0.89 1.9 0.04 0 0.89 1.9 0.04 0 0.89 1.9 0.04 0 0.89 1.9 0.04 0 0.89 1.9 0.04 0 0.89 1.9 0.04 0 0.89 1.9 0.04 0 0.89 1.9 0.04 0 0.89 1.9 0.04 0 0.89 1.9 0.04 0 0.89 1.9 0.04 0 0.89 1.9 0.04 0 0.89 1.9 0.04 0 0.89 1.9 0.04 0 0.89 1.9 0.04 0 0.89 1.9 0.04 0 0.89 1.9 0.04 0 0.89 1.9 0.04 0 0.89 1.9 0.04 0 0.89 1.9 0.04 0 0.89 1.9 0.04 0 0.89 1.9 0.04 0 0.89 1.9 0.04 0 0.89 1.9 0.04 0 0.89 1.9 0.04 0 0.89 1.9 0.04 0 0.89 1.9 0.04 0 0.89 1.9 0.04 0 0.89 1.9 0.04 0 0.89 1.9 0.04 0 0.89 1.9 0.04 0 0.89 1.9 0.04 0 0.89 1.9 0.04 0 0.89 1.9 0.04 0 0.89 1.9 0.04 0 0.89 1.9 0.04 0 0.89 1.9 0.04 0 0.89 1.9 0.04 0 0.89 1.9 0.04 0 0.89 1.9 0.04 0 0.89 1.9 0.04 0 0.89 1.9 0.04 0 0.89 1.9 0.04 0 0.89 1.9 0.04 0 0.89 1.9 0.04 0 0.89 1.9 0.04 0 0.89 1.9 0.04 0 0.89 1.9 0.04 0 0.89 1.9 0.04 0 0.89 1.9 0.04 0 0.89 1.9 0.04 0 0.89 1.9 0.04 0 0.89 1.9 0.04 0 0.89 1.9 0.04 0 0.89 1.9 0.04 0 0.89 1.9 0.04 0 0.89 1.9 0.04 0 0.89 1.9 0.04 0 0.89 1.9 0.04 0 0.89 1.9 0.04 0 0.89 1.9 0.04 0 0.89 1.9 0.04 0 0.89 1.9 0.04 0 0.89 1.9 0.04 0 0.89 1.9 0.04 0 0.89 1.9 0.04 0 0.89 1.9 0.04 0 0.89 1.9 0.04 0 0.89 1.9 0.04 0 0.89 1.9 0.04 0 0.89 1.9 0.04 0 0.89 1.9 0.04 0 0.89 1.9 0.04 0 0.89 1.9 0.04 0 0.89 1.9 0.04 0 0.89 1.9 0.04 0 0.89 1.9 0.04 0 0.89 1.9 0.04 0 0.89 1.9 0.04 0 0.89 1.9 0.04 0 0.89 1.9 0.04 0 0.89 1.9 0.04 0 0.89 1.9 0.04 0 0.89 1.9 </sigma_s>
		<nu data_order="group-cell">2.4 2.4 2.4 2.4 2.4 2.4 2.4 2.4 2.4 2.4 2.4 2.4 2.4 2.4 2.4 2.4 2.4 2.4 2.4 2.4 2.4 2.4 2.4 2.4 2.4 2.4 2.4 2.4 2.4 2.4 2.4 2.4 2.4 2.4 2.4 2.4 2.4 2.4 2.4 2.4 2.4 2.4 2.4 2.4 2.4 2.4 2.4 2.4 2.4 2.4 2.4 2.4 2.4 2.4 2.4 2.4 2.4 2.4 2.4 2.4 2.4 2.4 2.4 2.4 2.4 2.4 2.4 2.4 2.4 2.4 2.4 2.4 2.4 2.4 2.4 2.4 2.4 2.4 2.4 2.4 2.4 2.4 2.4 2.4 2.4 2.4 2.4 2.4 2.4 2.4 2.4 2.4 2.4 2.4 2.4 2.4 2.4 2.4 2.4 2.4 2.4 2.4 2.4 2.4 2.4 2.4 2.4 2.4 2.4 2.4 2.4 2.4 2.4 2.4 2.4 2.4 2.4 2.4 2.4 2.4 2.4 2.4 2.4 2.4 2.4 2.4 2.4 2.4 2.4 2.4 2.4 2.4 2.4 2.4 2.4 2.4 2.4 2.4 2.4 2.4 2.4 2.4 2.4 2.4 2.4 2.4 2.4 2.4 2.4 2.4 2.4 2.4 2.4 2.4 2.4 2.4 2.4 2.4 2.4 2.4 2.4 2.4 2.4 2.4 2.4 2.4 2.4 2.4 2.4 2.4 2.4 2.4 2.4 2.4 2.4 2.4 2.4 2.4 2.4 2.4 2.4 2.4 2.4 2.4 2.4 2.4 2.4 2.4 2.4 2.4 2.4 2.4 2.4 2.4 2.4 2.4 2.4 2.4 2.4 2.4 2.4 2.4 2.4 2.4 </nu>
		<sigma_f data_order="group-cell">0.003 1.1 0.003 1.1 0.003 1.1 0.003 1.1 0.003 1.1 0.003 1.1 0.003 1.1 0.003 1.1 0.003 1.1 0.003 1.1 0.003 1.1 0.003 1.1 0.003 1.1 0.003 1.1 0.003 1.1 0.003 1.1 0.003 1.1 0.003 1.1 0.003 1.1 0.003 1.1 0.003 1.1 0.003 1.1 0.003 1.1 0.003 1.1 0.003 1.1 0.003 1.1 0.003 1.1 0.003 1.1 0.003 1.1 0.003 1.1 0.003 1.1 0.003 1.1 0.003 1.1 0.003 1.1 0.003 1.1 0.003 1.1 0.003 1.1 0.003 1.1 0.003 1.1 0.003 1.1 0.003 1.1 0.003 1.1 0.003 1.1 0.003 1.1 0.003 1.1 0.003 1.1 0.003 1.1 0.003 1.1 0.003 1.1 0.003 1.1 0.003 1.1 0.003 1.1 0.003 1.1 0.003 1.1 0.003 1.1 0.003 1.1 0.003 1.1 0.003 1.1 0.003 1.1 0.003 1.1 0.003 1.1 0.003 1.1 0.003 1.1 0.003 1.1 0.003 1.1 0.003 1.1 0.003 1.1 0.003 1.1 0.003 1.1 0.003 1.1 0.003 1.1 0.003 1.1 0.003 1.1 0.003 1.1 0.003 1.1 0.003 1.1 0.003 1.1 0.003 1.1 0.003 1.1 0.003 1.1 0.003 1.1 0.003 1.1 0.003 1.1 0.003 1.1 0.003 1.1 0.003 1.1 0.003 1.1 0.003 1.1 0.003 1.1 0.003 1.1 0.003 1.1 0.003 1.1 0.003 1.1 0.003 1.1 0.003 1.1 0.003 1.1 0.003 1.1 0.003 1.1 0.003 1.1 0.003 1.1 0.003 1.1 0.003 1.1 </sigma_f>
		<chi data_order="group-cell">1 0 1 0 1 0 1 0 1 0 1 0 1 0 1 0 1 0 1 0 1 0 1 0 1 0 1 0 1 0 1 0 1 0 1 0 1 0 1 0 1 0 1 0 1 0 1 0 1 0 1 0 1 0 1 0 1 0 1 0 1 0 1 0 1 0 1 0 1 0 1 0 1 0 1 0 1 0 1 0 1 0 1 0 1 0 1 0 1 0 1 0 1 0 1 0 1 0 1 0 1 0 1 0 1 0 1 0 1 0 1 0 1 0 1 0 1 0 1 0 1 0 1 0 1 0 1 0 1 0 1 0 1 0 1 0 1 0 1 0 1 0 1 0 1 0 1 0 1 0 1 0 1 0 1 0 1 0 1 0 1 0 1 0 1 0 1 0 1 0 1 0 1 0 1 0 1 0 1 0 1 0 1 0 1 0 1 0 1 0 1 0 1 0 1 0 1 0 1 0 1 0 1 0 </chi>
	</nuclear_data>
	<source_data>
		<alpha data_order="boundary_cell">0 0 </alpha>
		<internal_source data_order="node-group-moment-cell">1 0 1 0 1 0 1 0 1 0 1 0 1 0 1 0 1 0 1 0 1 0 1 0 1 0 1 0 1 0 1 0 1 0 1 0 1 0 1 0 1 0 1 0 1 0 1 0 1 0 1 0 1 0 1 0 1 0 1 0 1 0 1 0 1 0 1 0 1 0 1 0 1 0 1 0 1 0 1 0 1 0 1 0 1 0 1 0 1 0 1 0 1 0 1 0 1 0 1 0 1 0 1 0 1 0 1 0 1 0 1 0 1 0 1 0 1 0 1 0 1 0 1 0 1 0 1 0 1 0 1 0 1 0 1 0 1 0 1 0 1 0 1 0 1 0 1 0 1 0 1 0 1 0 1 0 1 0 1 0 1 0 1 0 1 0 1 0 1 0 1 0 1 0 1 0 1 0 1 0 1 0 1 0 1 0 1 0 1 0 1 0 1 0 1 0 1 0 1 0 1 0 1 0 </internal_source>
		<boundary_source data_order="group-ordinate-boundary_cell">0 0 0 0 0 0 0 0 </boundary_source>
	</source_data>
	<rbf_mesh>
		<dimension>1</dimension>
		<number_of_points>102</number_of_points>
		<boundary_points data_order="point">0 101 </boundary_points>
		<internal_points data_order="point">1 2 3 4 5 6 7 8 9 10 11 12 13 14 15 16 17 18 19 20 21 22 23 24 25 26 27 28 29 30 31 32 33 34 35 36 37 38 39 40 41 42 43 44 45 46 47 48 49 50 51 52 53 54 55 56 57 58 59 60 61 62 63 64 65 66 67 68 69 70 71 72 73 74 75 76 77 78 79 80 81 82 83 84 85 86 87 88 89 90 91 92 93 94 95 96 97 98 99 100 </internal_points>
		<material data_order="point">0 0 0 0 0 0 0 0 0 0 0 0 0 0 0 0 0 0 0 0 0 0 0 0 0 0 0 0 0 0 0 0 0 0 0 0 0 0 0 0 0 0 0 0 0 0 0 0 0 0 0 0 0 0 0 0 0 0 0 0 0 0 0 0 0 0 0 0 0 0 0 0 0 0 0 0 0 0 0 0 0 0 0 0 0 0 0 0 0 0 0 0 0 0 0 0 0 0 0 0 0 0 </material>
		<point_positions data_order="dimension-point">0 0.02 0.06 0.1 0.14 0.18 0.22 0.26 0.3 0.34 0.38 0.42 0.46 0.5 0.54 0.58 0.62 0.66 0.7 0.74 0.78 0.82 0.86 0.9 0.94 0.98 1.02 1.06 1.1 1.14 1.18 1.22 1.26 1.3 1.34 1.38 1.42 1.46 1.5 1.54 1.58 1.62 1.66 1.7 1.74 1.78 1.82 1.86 1.9 1.94 1.98 2.02 2.06 2.1 2.14 2.18 2.22 2.26 2.3 2.34 2.38 2.42 2.46 2.5 2.54 2.58 2.62 2.66 2.7 2.74 2.78 2.82 2.86 2.9 2.94 2.98 3.02 3.06 3.1 3.14 3.18 3.22 3.26 3.3 3.34 3.38 3.42 3.46 3.5 3.54 3.58 3.62 3.66 3.7 3.74 3.78 3.82 3.86 3.9 3.94 3.98 4 </point_positions>
		<shape_parameter data_order="dimension-point">50 50 25 25 25 25 25 25 25 25 25 25 25 25 25 25 25 25 25 25 25 25 25 25 25 25 25 25 25 25 25 25 25 25 25 25 25 25 25 25 25 25 25 25 25 25 25 25 25 25 25 25 25 25 25 25 25 25 25 25 25 25 25 25 25 25 25 25 25 25 25 25 25 25 25 25 25 25 25 25 25 25 25 25 25 25 25 25 25 25 25 25 25 25 25 25 25 25 25 25 50 50 </shape_parameter>
	</rbf_mesh>
	<gauss_legendre_ordinates>
		<dimension>1</dimension>
		<number_of_moments>1</number_of_moments>
		<number_of_ordinates>2</number_of_ordinates>
		<ordinates data_order="ordinate">-0.57735 0.57735 </ordinates>
		<weights data_order="ordinate">1 1 </weights>
	</gauss_legendre_ordinates>
	<energy_discretization>
		<number_of_groups>2</number_of_groups>
		<energy_bounds data_order="group_bound">0 0 0 </energy_bounds>
	</energy_discretization>
</output>
