<?xml version="1.0"?>
<output>
	<solution>
		<time>1.17417</time>
		<phi data_order="node-group-moment-cell">3.46059 3.71868 4.05489 4.64815 4.96842 5.53707 5.84373 6.38764 6.68066 7.19984 7.47923 7.97367 8.23942 8.70913 8.96125 9.40623 9.64471 10.065 10.2898 10.6853 10.8965 11.2673 11.4649 11.811 11.9949 12.3163 12.4866 12.7832 12.9399 13.2118 13.3549 13.6021 13.7315 13.954 14.0698 14.2675 14.3697 14.5427 14.6313 14.7796 14.8545 14.9781 15.0394 15.1383 15.186 15.2601 15.2942 15.3436 15.3641 15.3888 15.3956 15.3956 15.3888 15.3641 15.3436 15.2942 15.2601 15.186 15.1383 15.0394 14.9781 14.8545 14.7796 14.6313 14.5427 14.3697 14.2675 14.0698 13.954 13.7315 13.6021 13.3549 13.2118 12.9399 12.7832 12.4866 12.3163 11.9949 11.811 11.4649 11.2673 10.8965 10.6853 10.2898 10.065 9.64471 9.40623 8.96125 8.70913 8.23942 7.97367 7.47923 7.19984 6.68066 6.38764 5.84373 5.53707 4.96842 4.64815 4.05489 3.71868 3.46059 </phi>
	</solution>
	<krylov_iteration>
		<max_iterations>5000</max_iterations>
		<source_iterations>1</source_iterations>
		<total_iterations>9</total_iterations>
		<tolerance>1e-06</tolerance>
	</krylov_iteration>
	<nuclear_data>
		<sigma_t data_order="group-cell">2 2 2 2 2 2 2 2 2 2 2 2 2 2 2 2 2 2 2 2 2 2 2 2 2 2 2 2 2 2 2 2 2 2 2 2 2 2 2 2 2 2 2 2 2 2 2 2 2 2 2 2 2 2 2 2 2 2 2 2 2 2 2 2 2 2 2 2 2 2 2 2 2 2 2 2 2 2 2 2 2 2 2 2 2 2 2 2 2 2 2 2 2 2 2 2 2 2 2 2 2 2 </sigma_t>
		<sigma_s data_order="group_from-group_to-moment-cell">1.9999 1.9999 1.9999 1.9999 1.9999 1.9999 1.9999 1.9999 1.9999 1.9999 1.9999 1.9999 1.9999 1.9999 1.9999 1.9999 1.9999 1.9999 1.9999 1.9999 1.9999 1.9999 1.9999 1.9999 1.9999 1.9999 1.9999 1.9999 1.9999 1.9999 1.9999 1.9999 1.9999 1.9999 1.9999 1.9999 1.9999 1.9999 1.9999 1.9999 1.9999 1.9999 1.9999 1.9999 1.9999 1.9999 1.9999 1.9999 1.9999 1.9999 1.9999 1.9999 1.9999 1.9999 1.9999 1.9999 1.9999 1.9999 1.9999 1.9999 1.9999 1.9999 1.9999 1.9999 1.9999 1.9999 1.9999 1.9999 1.9999 1.9999 1.9999 1.9999 1.9999 1.9999 1.9999 1.9999 1.9999 1.9999 1.9999 1.9999 1.9999 1.9999 1.9999 1.9999 1.9999 1.9999 1.9999 1.9999 1.9999 1.9999 1.9999 1.9999 1.9999 1.9999 1.9999 1.9999 1.9999 1.9999 1.9999 1.9999 1.9999 1.9999 </sigma_s>
		<nu data_order="group-cell">2.4 2.4 2.4 2.4 2.4 2.4 2.4 2.4 2.4 2.4 2.4 2.4 2.4 2.4 2.4 2.4 2.4 2.4 2.4 2.4 2.4 2.4 2.4 2.4 2.4 2.4 2.4 2.4 2.4 2.4 2.4 2.4 2.4 2.4 2.4 2.4 2.4 2.4 2.4 2.4 2.4 2.4 2.4 2.4 2.4 2.4 2.4 2.4 2.4 2.4 2.4 2.4 2.4 2.4 2.4 2.4 2.4 2.4 2.4 2.4 2.4 2.4 2.4 2.4 2.4 2.4 2.4 2.4 2.4 2.4 2.4 2.4 2.4 2.4 2.4 2.4 2.4 2.4 2.4 2.4 2.4 2.4 2.4 2.4 2.4 2.4 2.4 2.4 2.4 2.4 2.4 2.4 2.4 2.4 2.4 2.4 2.4 2.4 2.4 2.4 2.4 2.4 </nu>
		<sigma_f data_order="group-cell">0 0 0 0 0 0 0 0 0 0 0 0 0 0 0 0 0 0 0 0 0 0 0 0 0 0 0 0 0 0 0 0 0 0 0 0 0 0 0 0 0 0 0 0 0 0 0 0 0 0 0 0 0 0 0 0 0 0 0 0 0 0 0 0 0 0 0 0 0 0 0 0 0 0 0 0 0 0 0 0 0 0 0 0 0 0 0 0 0 0 0 0 0 0 0 0 0 0 0 0 0 0 </sigma_f>
		<chi data_order="group-cell">1 1 1 1 1 1 1 1 1 1 1 1 1 1 1 1 1 1 1 1 1 1 1 1 1 1 1 1 1 1 1 1 1 1 1 1 1 1 1 1 1 1 1 1 1 1 1 1 1 1 1 1 1 1 1 1 1 1 1 1 1 1 1 1 1 1 1 1 1 1 1 1 1 1 1 1 1 1 1 1 1 1 1 1 1 1 1 1 1 1 1 1 1 1 1 1 1 1 1 1 1 1 </chi>
	</nuclear_data>
	<source_data>
		<alpha data_order="boundary_cell">0 0 </alpha>
		<internal_source data_order="node-group-moment-cell">1 1 1 1 1 1 1 1 1 1 1 1 1 1 1 1 1 1 1 1 1 1 1 1 1 1 1 1 1 1 1 1 1 1 1 1 1 1 1 1 1 1 1 1 1 1 1 1 1 1 1 1 1 1 1 1 1 1 1 1 1 1 1 1 1 1 1 1 1 1 1 1 1 1 1 1 1 1 1 1 1 1 1 1 1 1 1 1 1 1 1 1 1 1 1 1 1 1 1 1 1 1 </internal_source>
		<boundary_source data_order="group-ordinate-boundary_cell">0 0 0 0 </boundary_source>
	</source_data>
	<rbf_mesh>
		<dimension>1</dimension>
		<number_of_points>102</number_of_points>
		<boundary_points data_order="point">0 101 </boundary_points>
		<internal_points data_order="point">1 2 3 4 5 6 7 8 9 10 11 12 13 14 15 16 17 18 19 20 21 22 23 24 25 26 27 28 29 30 31 32 33 34 35 36 37 38 39 40 41 42 43 44 45 46 47 48 49 50 51 52 53 54 55 56 57 58 59 60 61 62 63 64 65 66 67 68 69 70 71 72 73 74 75 76 77 78 79 80 81 82 83 84 85 86 87 88 89 90 91 92 93 94 95 96 97 98 99 100 </internal_points>
		<material data_order="point">0 0 0 0 0 0 0 0 0 0 0 0 0 0 0 0 0 0 0 0 0 0 0 0 0 0 0 0 0 0 0 0 0 0 0 0 0 0 0 0 0 0 0 0 0 0 0 0 0 0 0 0 0 0 0 0 0 0 0 0 0 0 0 0 0 0 0 0 0 0 0 0 0 0 0 0 0 0 0 0 0 0 0 0 0 0 0 0 0 0 0 0 0 0 0 0 0 0 0 0 0 0 </material>
		<point_positions data_order="dimension-point">0 0.02 0.06 0.1 0.14 0.18 0.22 0.26 0.3 0.34 0.38 0.42 0.46 0.5 0.54 0.58 0.62 0.66 0.7 0.74 0.78 0.82 0.86 0.9 0.94 0.98 1.02 1.06 1.1 1.14 1.18 1.22 1.26 1.3 1.34 1.38 1.42 1.46 1.5 1.54 1.58 1.62 1.66 1.7 1.74 1.78 1.82 1.86 1.9 1.94 1.98 2.02 2.06 2.1 2.14 2.18 2.22 2.26 2.3 2.34 2.38 2.42 2.46 2.5 2.54 2.58 2.62 2.66 2.7 2.74 2.78 2.82 2.86 2.9 2.94 2.98 3.02 3.06 3.1 3.14 3.18 3.22 3.26 3.3 3.34 3.38 3.42 3.46 3.5 3.54 3.58 3.62 3.66 3.7 3.74 3.78 3.82 3.86 3.9 3.94 3.98 4 </point_positions>
		<shape_parameter data_order="dimension-point">50 50 25 25 25 25 25 25 25 25 25 25 25 25 25 25 25 25 25 25 25 25 25 25 25 25 25 25 25 25 25 25 25 25 25 25 25 25 25 25 25 25 25 25 25 25 25 25 25 25 25 25 25 25 25 25 25 25 25 25 25 25 25 25 25 25 25 25 25 25 25 25 25 25 25 25 25 25 25 25 25 25 25 25 25 25 25 25 25 25 25 25 25 25 25 25 25 25 25 25 50 50 </shape_parameter>
	</rbf_mesh>
	<gauss_legendre_ordinates>
		<dimension>1</dimension>
		<number_of_moments>1</number_of_moments>
		<number_of_ordinates>2</number_of_ordinates>
		<ordinates data_order="ordinate">-0.57735 0.57735 </ordinates>
		<weights data_order="ordinate">1 1 </weights>
	</gauss_legendre_ordinates>
	<energy_discretization>
		<number_of_groups>1</number_of_groups>
		<energy_bounds data_order="group_bound">0 0 </energy_bounds>
	</energy_discretization>
</output>
