<?xml version="1.0"?>
<output>
	<solution>
		<phi data_order="node-group-moment-cell">10 10 10 10 10 10 10 10 </phi>
	</solution>
	<source_iteration>
		<max_iterations>5000</max_iterations>
		<source_iterations>10</source_iterations>
		<total_iterations>6</total_iterations>
		<tolerance>1e-06</tolerance>
	</source_iteration>
	<nuclear_data>
		<sigma_t data_order="group-cell">1 1 1 1 </sigma_t>
		<sigma_s data_order="group_from-group_to-moment-cell">0.5 0.5 0.5 0.5 </sigma_s>
		<nu data_order="group-cell">2 2 2 2 </nu>
		<sigma_f data_order="group-cell">0.2 0.2 0.2 0.2 </sigma_f>
		<chi data_order="group-cell">1 1 1 1 </chi>
	</nuclear_data>
	<source_data>
		<alpha data_order="boundary_cell">1 1 </alpha>
		<internal_source data_order="node-group-ordinate-cell">0.5 0.5 0.5 0.5 0.5 0.5 0.5 0.5 0.5 0.5 0.5 0.5 0.5 0.5 0.5 0.5 </internal_source>
		<boundary_source data_order="group-ordinate-boundary_cell">0 0 0 0 0 0 0 0 </boundary_source>
	</source_data>
	<finite_element_mesh>
		<number_of_elements>4</number_of_elements>
		<number_of_nodes>2</number_of_nodes>
		<number_of_points>8</number_of_points>
		<number_of_boundary_elements>2</number_of_boundary_elements>
		<boundary_nodes data_order="element-node">1 0 0 1 </boundary_nodes>
		<boundary_elements data_order="element">0 3 </boundary_elements>
		<internal_elements data_order="element">1 2 </internal_elements>
		<material data_order="element">0 0 0 0 </material>
		<element number="0">
			<dimension>1</dimension>
			<number_of_nodes>2</number_of_nodes>
			<length data_order="dimension">0.25 </length>
			<node_positions data_order="node">0 0.25 </node_positions>
		</element>
		<element number="1">
			<dimension>1</dimension>
			<number_of_nodes>2</number_of_nodes>
			<length data_order="dimension">0.25 </length>
			<node_positions data_order="node">0.25 0.5 </node_positions>
		</element>
		<element number="2">
			<dimension>1</dimension>
			<number_of_nodes>2</number_of_nodes>
			<length data_order="dimension">0.25 </length>
			<node_positions data_order="node">0.5 0.75 </node_positions>
		</element>
		<element number="3">
			<dimension>1</dimension>
			<number_of_nodes>2</number_of_nodes>
			<length data_order="dimension">0.25 </length>
			<node_positions data_order="node">0.75 1 </node_positions>
		</element>
	</finite_element_mesh>
	<gauss_legendre_ordinates>
		<dimension>1</dimension>
		<number_of_moments>1</number_of_moments>
		<number_of_ordinates>2</number_of_ordinates>
		<ordinates data_order="ordinate">-0.57735 0.57735 </ordinates>
		<weights data_order="ordinate">1 1 </weights>
	</gauss_legendre_ordinates>
	<energy_discretization>
		<number_of_groups>1</number_of_groups>
		<energy_bounds data_order="group_bound">0 0 </energy_bounds>
	</energy_discretization>
</output>
